<?xml version="1.0" encoding="UTF-8"?>
<testsuites name="BofA Sanity Check" time="3856" tests="0" failures="5" errors="0">
   <testsuite name="BofA Sanity Check" tests="0" failures="5" errors="0" time="3856" timestamp="2018-11-01 15:54:55" hostname="alahley - 172.16.168.57" id="Test Suites/BofA Sanity Check">
      <properties>
         <property name="deviceName" value=""/>
         <property name="devicePlatform" value=""/>
         <property name="logFolder" value="/Users/alahley/Katalon Studio/Analytics/Reports/BofA Sanity Check/20181101_155454"/>
         <property name="logFiles" value="/Users/alahley/Katalon Studio/Analytics/Reports/BofA Sanity Check/20181101_155454/execution0.log"/>
         <property name="attachments" value="/Users/alahley/Katalon Studio/Analytics/Reports/BofA Sanity Check/20181101_155454/1541112949144.png, /Users/alahley/Katalon Studio/Analytics/Reports/BofA Sanity Check/20181101_155454/1541112987428.png, /Users/alahley/Katalon Studio/Analytics/Reports/BofA Sanity Check/20181101_155454/1541113024993.png, /Users/alahley/Katalon Studio/Analytics/Reports/BofA Sanity Check/20181101_155454/1541113062023.png, /Users/alahley/Katalon Studio/Analytics/Reports/BofA Sanity Check/20181101_155454/1541113098564.png, /Users/alahley/Katalon Studio/Analytics/Reports/BofA Sanity Check/20181101_155454/1541113134915.png, /Users/alahley/Katalon Studio/Analytics/Reports/BofA Sanity Check/20181101_155454/1541113177914.png, /Users/alahley/Katalon Studio/Analytics/Reports/BofA Sanity Check/20181101_155454/1541113214953.png, /Users/alahley/Katalon Studio/Analytics/Reports/BofA Sanity Check/20181101_155454/1541113251727.png, /Users/alahley/Katalon Studio/Analytics/Reports/BofA Sanity Check/20181101_155454/1541113288524.png, /Users/alahley/Katalon Studio/Analytics/Reports/BofA Sanity Check/20181101_155454/1541113331474.png, /Users/alahley/Katalon Studio/Analytics/Reports/BofA Sanity Check/20181101_155454/1541113367770.png, /Users/alahley/Katalon Studio/Analytics/Reports/BofA Sanity Check/20181101_155454/1541113408012.png, /Users/alahley/Katalon Studio/Analytics/Reports/BofA Sanity Check/20181101_155454/1541113408257.png, /Users/alahley/Katalon Studio/Analytics/Reports/BofA Sanity Check/20181101_155454/1541113449611.png, /Users/alahley/Katalon Studio/Analytics/Reports/BofA Sanity Check/20181101_155454/1541113449840.png, /Users/alahley/Katalon Studio/Analytics/Reports/BofA Sanity Check/20181101_155454/1541113490337.png, /Users/alahley/Katalon Studio/Analytics/Reports/BofA Sanity Check/20181101_155454/1541113490568.png, /Users/alahley/Katalon Studio/Analytics/Reports/BofA Sanity Check/20181101_155454/1541113530857.png, /Users/alahley/Katalon Studio/Analytics/Reports/BofA Sanity Check/20181101_155454/1541113572487.png, /Users/alahley/Katalon Studio/Analytics/Reports/BofA Sanity Check/20181101_155454/1541113609348.png, /Users/alahley/Katalon Studio/Analytics/Reports/BofA Sanity Check/20181101_155454/1541113645617.png, /Users/alahley/Katalon Studio/Analytics/Reports/BofA Sanity Check/20181101_155454/1541113681475.png, /Users/alahley/Katalon Studio/Analytics/Reports/BofA Sanity Check/20181101_155454/1541113731537.png, /Users/alahley/Katalon Studio/Analytics/Reports/BofA Sanity Check/20181101_155454/1541113731727.png, /Users/alahley/Katalon Studio/Analytics/Reports/BofA Sanity Check/20181101_155454/1541113774213.png, /Users/alahley/Katalon Studio/Analytics/Reports/BofA Sanity Check/20181101_155454/1541113863215.png, /Users/alahley/Katalon Studio/Analytics/Reports/BofA Sanity Check/20181101_155454/1541113897977.png, /Users/alahley/Katalon Studio/Analytics/Reports/BofA Sanity Check/20181101_155454/1541113898143.png, /Users/alahley/Katalon Studio/Analytics/Reports/BofA Sanity Check/20181101_155454/1541113938755.png, /Users/alahley/Katalon Studio/Analytics/Reports/BofA Sanity Check/20181101_155454/1541114039324.png, /Users/alahley/Katalon Studio/Analytics/Reports/BofA Sanity Check/20181101_155454/1541114079800.png, /Users/alahley/Katalon Studio/Analytics/Reports/BofA Sanity Check/20181101_155454/1541114111445.png, /Users/alahley/Katalon Studio/Analytics/Reports/BofA Sanity Check/20181101_155454/1541114160792.png, /Users/alahley/Katalon Studio/Analytics/Reports/BofA Sanity Check/20181101_155454/1541114198720.png, /Users/alahley/Katalon Studio/Analytics/Reports/BofA Sanity Check/20181101_155454/1541114230275.png, /Users/alahley/Katalon Studio/Analytics/Reports/BofA Sanity Check/20181101_155454/1541114270291.png, /Users/alahley/Katalon Studio/Analytics/Reports/BofA Sanity Check/20181101_155454/1541114305361.png, /Users/alahley/Katalon Studio/Analytics/Reports/BofA Sanity Check/20181101_155454/1541114340398.png, /Users/alahley/Katalon Studio/Analytics/Reports/BofA Sanity Check/20181101_155454/1541114375690.png, /Users/alahley/Katalon Studio/Analytics/Reports/BofA Sanity Check/20181101_155454/1541114406393.png, /Users/alahley/Katalon Studio/Analytics/Reports/BofA Sanity Check/20181101_155454/1541114453771.png, /Users/alahley/Katalon Studio/Analytics/Reports/BofA Sanity Check/20181101_155454/1541114488914.png, /Users/alahley/Katalon Studio/Analytics/Reports/BofA Sanity Check/20181101_155454/1541114523948.png, /Users/alahley/Katalon Studio/Analytics/Reports/BofA Sanity Check/20181101_155454/1541114558943.png, /Users/alahley/Katalon Studio/Analytics/Reports/BofA Sanity Check/20181101_155454/1541114589673.png, /Users/alahley/Katalon Studio/Analytics/Reports/BofA Sanity Check/20181101_155454/1541114640175.png, /Users/alahley/Katalon Studio/Analytics/Reports/BofA Sanity Check/20181101_155454/1541114640367.png, /Users/alahley/Katalon Studio/Analytics/Reports/BofA Sanity Check/20181101_155454/1541114682611.png, /Users/alahley/Katalon Studio/Analytics/Reports/BofA Sanity Check/20181101_155454/1541114747805.png, /Users/alahley/Katalon Studio/Analytics/Reports/BofA Sanity Check/20181101_155454/1541114748031.png, /Users/alahley/Katalon Studio/Analytics/Reports/BofA Sanity Check/20181101_155454/1541114786451.png, /Users/alahley/Katalon Studio/Analytics/Reports/BofA Sanity Check/20181101_155454/1541114821750.png, /Users/alahley/Katalon Studio/Analytics/Reports/BofA Sanity Check/20181101_155454/1541114860651.png, /Users/alahley/Katalon Studio/Analytics/Reports/BofA Sanity Check/20181101_155454/1541114895377.png, /Users/alahley/Katalon Studio/Analytics/Reports/BofA Sanity Check/20181101_155454/1541114932494.png, /Users/alahley/Katalon Studio/Analytics/Reports/BofA Sanity Check/20181101_155454/1541114967298.png, /Users/alahley/Katalon Studio/Analytics/Reports/BofA Sanity Check/20181101_155454/1541115005969.png, /Users/alahley/Katalon Studio/Analytics/Reports/BofA Sanity Check/20181101_155454/1541115040740.png, /Users/alahley/Katalon Studio/Analytics/Reports/BofA Sanity Check/20181101_155454/1541115077842.png, /Users/alahley/Katalon Studio/Analytics/Reports/BofA Sanity Check/20181101_155454/1541115112968.png, /Users/alahley/Katalon Studio/Analytics/Reports/BofA Sanity Check/20181101_155454/1541115147890.png, /Users/alahley/Katalon Studio/Analytics/Reports/BofA Sanity Check/20181101_155454/1541115183091.png, /Users/alahley/Katalon Studio/Analytics/Reports/BofA Sanity Check/20181101_155454/1541115220435.png, /Users/alahley/Katalon Studio/Analytics/Reports/BofA Sanity Check/20181101_155454/1541115255375.png, /Users/alahley/Katalon Studio/Analytics/Reports/BofA Sanity Check/20181101_155454/1541115292460.png, /Users/alahley/Katalon Studio/Analytics/Reports/BofA Sanity Check/20181101_155454/1541115327386.png, /Users/alahley/Katalon Studio/Analytics/Reports/BofA Sanity Check/20181101_155454/1541115362200.png, /Users/alahley/Katalon Studio/Analytics/Reports/BofA Sanity Check/20181101_155454/1541115397216.png, /Users/alahley/Katalon Studio/Analytics/Reports/BofA Sanity Check/20181101_155454/1541115432668.png, /Users/alahley/Katalon Studio/Analytics/Reports/BofA Sanity Check/20181101_155454/1541115467706.png, /Users/alahley/Katalon Studio/Analytics/Reports/BofA Sanity Check/20181101_155454/1541115502955.png, /Users/alahley/Katalon Studio/Analytics/Reports/BofA Sanity Check/20181101_155454/1541115538117.png, /Users/alahley/Katalon Studio/Analytics/Reports/BofA Sanity Check/20181101_155454/1541115573334.png, /Users/alahley/Katalon Studio/Analytics/Reports/BofA Sanity Check/20181101_155454/1541115608379.png, /Users/alahley/Katalon Studio/Analytics/Reports/BofA Sanity Check/20181101_155454/1541115643278.png, /Users/alahley/Katalon Studio/Analytics/Reports/BofA Sanity Check/20181101_155454/1541115678157.png, /Users/alahley/Katalon Studio/Analytics/Reports/BofA Sanity Check/20181101_155454/1541115720470.png, /Users/alahley/Katalon Studio/Analytics/Reports/BofA Sanity Check/20181101_155454/1541115880968.png, /Users/alahley/Katalon Studio/Analytics/Reports/BofA Sanity Check/20181101_155454/1541115916314.png, /Users/alahley/Katalon Studio/Analytics/Reports/BofA Sanity Check/20181101_155454/1541116069236.png, /Users/alahley/Katalon Studio/Analytics/Reports/BofA Sanity Check/20181101_155454/1541116112770.png, /Users/alahley/Katalon Studio/Analytics/Reports/BofA Sanity Check/20181101_155454/1541116154205.png, /Users/alahley/Katalon Studio/Analytics/Reports/BofA Sanity Check/20181101_155454/1541116196867.png, /Users/alahley/Katalon Studio/Analytics/Reports/BofA Sanity Check/20181101_155454/1541116245109.png, /Users/alahley/Katalon Studio/Analytics/Reports/BofA Sanity Check/20181101_155454/1541116276896.png, /Users/alahley/Katalon Studio/Analytics/Reports/BofA Sanity Check/20181101_155454/1541116309359.png, /Users/alahley/Katalon Studio/Analytics/Reports/BofA Sanity Check/20181101_155454/1541116341594.png, /Users/alahley/Katalon Studio/Analytics/Reports/BofA Sanity Check/20181101_155454/1541116373462.png, /Users/alahley/Katalon Studio/Analytics/Reports/BofA Sanity Check/20181101_155454/1541116405325.png, /Users/alahley/Katalon Studio/Analytics/Reports/BofA Sanity Check/20181101_155454/1541116436608.png, /Users/alahley/Katalon Studio/Analytics/Reports/BofA Sanity Check/20181101_155454/1541116468170.png, /Users/alahley/Katalon Studio/Analytics/Reports/BofA Sanity Check/20181101_155454/1541116499557.png, /Users/alahley/Katalon Studio/Analytics/Reports/BofA Sanity Check/20181101_155454/1541116530951.png, /Users/alahley/Katalon Studio/Analytics/Reports/BofA Sanity Check/20181101_155454/1541116562338.png, /Users/alahley/Katalon Studio/Analytics/Reports/BofA Sanity Check/20181101_155454/1541116594101.png, /Users/alahley/Katalon Studio/Analytics/Reports/BofA Sanity Check/20181101_155454/1541116625958.png, /Users/alahley/Katalon Studio/Analytics/Reports/BofA Sanity Check/20181101_155454/1541116657863.png, /Users/alahley/Katalon Studio/Analytics/Reports/BofA Sanity Check/20181101_155454/1541116689088.png, /Users/alahley/Katalon Studio/Analytics/Reports/BofA Sanity Check/20181101_155454/1541116720600.png, /Users/alahley/Katalon Studio/Analytics/Reports/BofA Sanity Check/20181101_155454/1541116751751.png"/>
         <property name="hostName" value="alahley - 172.16.168.57"/>
         <property name="os" value="Mac OS X 64bit"/>
         <property name="katalonVersion" value="5.7.0.1"/>
         <property name="browser" value="Firefox 62.0"/>
         <property name="hostAddress" value="172.16.168.57"/>
         <property name="sessionId" value="847024ab-bd93-624e-b581-0a904c13eefc"/>
         <property name="seleniumVersion" value="3.7.1"/>
         <property name="proxyInformation" value="ProxyInformation{proxyOption=NO_PROXY, proxyServerType=HTTP, password=, proxyServerAddress=, proxyServerPort=0}"/>
         <property name="platform" value="Mac OS X"/>
      </properties>
      <testcase name="Test Cases/BofA/BofA - Navigation" classname="Test Cases/BofA/BofA - Navigation" status="FAILED">
         <failure type="FAILED" message="(Stack trace: com.kms.katalon.core.exception.StepFailedException: Web element with id: 'Object Repository/Page_Video on Demand Summary/a_Overview' located by 'By.xpath: //a[@href = '/dashboards/analytics_external::Overview' and (text() = 'Overview' or . = 'Overview')]' not found
	at com.kms.katalon.core.keyword.internal.KeywordMain.stepFailed(KeywordMain.groovy:32)
	at com.kms.katalon.core.webui.keyword.internal.WebUIKeywordMain.stepFailed(WebUIKeywordMain.groovy:65)
	at com.kms.katalon.core.webui.keyword.builtin.VerifyElementVisibleKeyword$_verifyElementVisible_closure1.doCall(VerifyElementVisibleKeyword.groovy:89)
	at com.kms.katalon.core.webui.keyword.builtin.VerifyElementVisibleKeyword$_verifyElementVisible_closure1.call(VerifyElementVisibleKeyword.groovy)
	at com.kms.katalon.core.webui.keyword.internal.WebUIKeywordMain.runKeyword(WebUIKeywordMain.groovy:21)
	at com.kms.katalon.core.webui.keyword.builtin.VerifyElementVisibleKeyword.verifyElementVisible(VerifyElementVisibleKeyword.groovy:97)
	at com.kms.katalon.core.webui.keyword.builtin.VerifyElementVisibleKeyword.execute(VerifyElementVisibleKeyword.groovy:67)
	at com.kms.katalon.core.keyword.internal.KeywordExecutor.executeKeywordForPlatform(KeywordExecutor.groovy:53)
	at com.kms.katalon.core.webui.keyword.WebUiBuiltInKeywords.verifyElementVisible(WebUiBuiltInKeywords.groovy:372)
	at com.kms.katalon.core.webui.keyword.WebUiBuiltInKeywords$verifyElementVisible$5.call(Unknown Source)
	at org.codehaus.groovy.runtime.callsite.CallSiteArray.defaultCall(CallSiteArray.java:48)
	at org.codehaus.groovy.runtime.callsite.AbstractCallSite.call(AbstractCallSite.java:113)
	at org.codehaus.groovy.runtime.callsite.AbstractCallSite.call(AbstractCallSite.java:125)
	at Script1541106754373.run(Script1541106754373.groovy:36)
	at com.kms.katalon.core.main.ScriptEngine.run(ScriptEngine.java:183)
	at com.kms.katalon.core.main.ScriptEngine.runScriptAsRawText(ScriptEngine.java:108)
	at com.kms.katalon.core.main.TestCaseExecutor.runScript(TestCaseExecutor.java:294)
	at com.kms.katalon.core.main.TestCaseExecutor.doExecute(TestCaseExecutor.java:285)
	at com.kms.katalon.core.main.TestCaseExecutor.processExecutionPhase(TestCaseExecutor.java:264)
	at com.kms.katalon.core.main.TestCaseExecutor.accessMainPhase(TestCaseExecutor.java:256)
	at com.kms.katalon.core.main.TestCaseExecutor.execute(TestCaseExecutor.java:200)
	at com.kms.katalon.core.main.TestSuiteExecutor.accessTestCaseMainPhase(TestSuiteExecutor.java:129)
	at com.kms.katalon.core.main.TestSuiteExecutor.accessTestSuiteMainPhase(TestSuiteExecutor.java:112)
	at com.kms.katalon.core.main.TestSuiteExecutor.execute(TestSuiteExecutor.java:81)
	at com.kms.katalon.core.main.TestCaseMain.startTestSuite(TestCaseMain.java:142)
	at com.kms.katalon.core.main.TestCaseMain$startTestSuite$0.call(Unknown Source)
	at org.codehaus.groovy.runtime.callsite.CallSiteArray.defaultCall(CallSiteArray.java:48)
	at org.codehaus.groovy.runtime.callsite.AbstractCallSite.call(AbstractCallSite.java:113)
	at org.codehaus.groovy.runtime.callsite.AbstractCallSite.call(AbstractCallSite.java:141)
	at TempTestSuite1541112894227.run(TempTestSuite1541112894227.groovy:36)
	at groovy.lang.GroovyShell.runScriptOrMainOrTestOrRunnable(GroovyShell.java:263)
	at groovy.lang.GroovyShell.run(GroovyShell.java:518)
	at groovy.lang.GroovyShell.run(GroovyShell.java:507)
	at groovy.ui.GroovyMain.processOnce(GroovyMain.java:653)
	at groovy.ui.GroovyMain.run(GroovyMain.java:384)
	at groovy.ui.GroovyMain.process(GroovyMain.java:370)
	at groovy.ui.GroovyMain.processArgs(GroovyMain.java:129)
	at groovy.ui.GroovyMain.main(GroovyMain.java:109)
	at sun.reflect.NativeMethodAccessorImpl.invoke0(Native Method)
	at sun.reflect.NativeMethodAccessorImpl.invoke(NativeMethodAccessorImpl.java:62)
	at sun.reflect.DelegatingMethodAccessorImpl.invoke(DelegatingMethodAccessorImpl.java:43)
	at java.lang.reflect.Method.invoke(Method.java:498)
	at org.codehaus.groovy.tools.GroovyStarter.rootLoader(GroovyStarter.java:109)
	at org.codehaus.groovy.tools.GroovyStarter.main(GroovyStarter.java:131)
)"/>
         <system-out><![CDATA[2018-11-01 15:54:56 - [TEST_CASE][FAILED] - Test Cases/BofA/BofA - Navigation: Test Cases/BofA/BofA - Navigation FAILED because (of) (Stack trace: com.kms.katalon.core.exception.StepFailedException: Web element with id: 'Object Repository/Page_Video on Demand Summary/a_Overview' located by 'By.xpath: //a[@href = '/dashboards/analytics_external::Overview' and (text() = 'Overview' or . = 'Overview')]' not found
	at com.kms.katalon.core.keyword.internal.KeywordMain.stepFailed(KeywordMain.groovy:32)
	at com.kms.katalon.core.webui.keyword.internal.WebUIKeywordMain.stepFailed(WebUIKeywordMain.groovy:65)
	at com.kms.katalon.core.webui.keyword.builtin.VerifyElementVisibleKeyword$_verifyElementVisible_closure1.doCall(VerifyElementVisibleKeyword.groovy:89)
	at com.kms.katalon.core.webui.keyword.builtin.VerifyElementVisibleKeyword$_verifyElementVisible_closure1.call(VerifyElementVisibleKeyword.groovy)
	at com.kms.katalon.core.webui.keyword.internal.WebUIKeywordMain.runKeyword(WebUIKeywordMain.groovy:21)
	at com.kms.katalon.core.webui.keyword.builtin.VerifyElementVisibleKeyword.verifyElementVisible(VerifyElementVisibleKeyword.groovy:97)
	at com.kms.katalon.core.webui.keyword.builtin.VerifyElementVisibleKeyword.execute(VerifyElementVisibleKeyword.groovy:67)
	at com.kms.katalon.core.keyword.internal.KeywordExecutor.executeKeywordForPlatform(KeywordExecutor.groovy:53)
	at com.kms.katalon.core.webui.keyword.WebUiBuiltInKeywords.verifyElementVisible(WebUiBuiltInKeywords.groovy:372)
	at com.kms.katalon.core.webui.keyword.WebUiBuiltInKeywords$verifyElementVisible$5.call(Unknown Source)
	at org.codehaus.groovy.runtime.callsite.CallSiteArray.defaultCall(CallSiteArray.java:48)
	at org.codehaus.groovy.runtime.callsite.AbstractCallSite.call(AbstractCallSite.java:113)
	at org.codehaus.groovy.runtime.callsite.AbstractCallSite.call(AbstractCallSite.java:125)
	at Script1541106754373.run(Script1541106754373.groovy:36)
	at com.kms.katalon.core.main.ScriptEngine.run(ScriptEngine.java:183)
	at com.kms.katalon.core.main.ScriptEngine.runScriptAsRawText(ScriptEngine.java:108)
	at com.kms.katalon.core.main.TestCaseExecutor.runScript(TestCaseExecutor.java:294)
	at com.kms.katalon.core.main.TestCaseExecutor.doExecute(TestCaseExecutor.java:285)
	at com.kms.katalon.core.main.TestCaseExecutor.processExecutionPhase(TestCaseExecutor.java:264)
	at com.kms.katalon.core.main.TestCaseExecutor.accessMainPhase(TestCaseExecutor.java:256)
	at com.kms.katalon.core.main.TestCaseExecutor.execute(TestCaseExecutor.java:200)
	at com.kms.katalon.core.main.TestSuiteExecutor.accessTestCaseMainPhase(TestSuiteExecutor.java:129)
	at com.kms.katalon.core.main.TestSuiteExecutor.accessTestSuiteMainPhase(TestSuiteExecutor.java:112)
	at com.kms.katalon.core.main.TestSuiteExecutor.execute(TestSuiteExecutor.java:81)
	at com.kms.katalon.core.main.TestCaseMain.startTestSuite(TestCaseMain.java:142)
	at com.kms.katalon.core.main.TestCaseMain$startTestSuite$0.call(Unknown Source)
	at org.codehaus.groovy.runtime.callsite.CallSiteArray.defaultCall(CallSiteArray.java:48)
	at org.codehaus.groovy.runtime.callsite.AbstractCallSite.call(AbstractCallSite.java:113)
	at org.codehaus.groovy.runtime.callsite.AbstractCallSite.call(AbstractCallSite.java:141)
	at TempTestSuite1541112894227.run(TempTestSuite1541112894227.groovy:36)
	at groovy.lang.GroovyShell.runScriptOrMainOrTestOrRunnable(GroovyShell.java:263)
	at groovy.lang.GroovyShell.run(GroovyShell.java:518)
	at groovy.lang.GroovyShell.run(GroovyShell.java:507)
	at groovy.ui.GroovyMain.processOnce(GroovyMain.java:653)
	at groovy.ui.GroovyMain.run(GroovyMain.java:384)
	at groovy.ui.GroovyMain.process(GroovyMain.java:370)
	at groovy.ui.GroovyMain.processArgs(GroovyMain.java:129)
	at groovy.ui.GroovyMain.main(GroovyMain.java:109)
	at sun.reflect.NativeMethodAccessorImpl.invoke0(Native Method)
	at sun.reflect.NativeMethodAccessorImpl.invoke(NativeMethodAccessorImpl.java:62)
	at sun.reflect.DelegatingMethodAccessorImpl.invoke(DelegatingMethodAccessorImpl.java:43)
	at java.lang.reflect.Method.invoke(Method.java:498)
	at org.codehaus.groovy.tools.GroovyStarter.rootLoader(GroovyStarter.java:109)
	at org.codehaus.groovy.tools.GroovyStarter.main(GroovyStarter.java:131)
)

2018-11-01 15:54:56 - [TEST_STEP][PASSED] - openBrowser: Browser is opened with url: 'https://stats.us1.kontiki.com/login/email'

2018-11-01 15:55:01 - [MESSAGE][PASSED] - Browser is opened with url: 'https://stats.us1.kontiki.com/login/email'

2018-11-01 15:55:01 - [TEST_STEP][PASSED] - setText: Text 'alahley@kollective.com' is set on object 'Object Repository/Page_Log in/input_email (2)'

2018-11-01 15:55:01 - [MESSAGE][PASSED] - Text 'alahley@kollective.com' is set on object 'Object Repository/Page_Log in/input_email (2)'

2018-11-01 15:55:01 - [TEST_STEP][PASSED] - setEncryptedText: Text ****** has been set on object 'Object Repository/Page_Log in/input_password (2)'

2018-11-01 15:55:01 - [MESSAGE][PASSED] - Text ****** has been set on object 'Object Repository/Page_Log in/input_password (2)'

2018-11-01 15:55:01 - [TEST_STEP][PASSED] - click: Object: 'Object Repository/Page_Log in/input_remember (2)' is clicked on

2018-11-01 15:55:01 - [MESSAGE][PASSED] - Object: 'Object Repository/Page_Log in/input_remember (2)' is clicked on

2018-11-01 15:55:01 - [TEST_STEP][PASSED] - click: Object: 'Object Repository/Page_Log in/input_login-submit (2)' is clicked on

2018-11-01 15:55:02 - [MESSAGE][PASSED] - Object: 'Object Repository/Page_Log in/input_login-submit (2)' is clicked on

2018-11-01 15:55:02 - [TEST_STEP][PASSED] - waitForAngularLoad: Angular is ready.

2018-11-01 15:55:10 - [MESSAGE][PASSED] - Angular is ready.

2018-11-01 15:55:10 - [TEST_STEP][PASSED] - waitForPageLoad: Wait for page load successfully

2018-11-01 15:55:10 - [MESSAGE][WARNING] - Timeout '0' is invalid. Using default page load timeout: '30'

2018-11-01 15:55:10 - [MESSAGE][PASSED] - Wait for page load successfully

2018-11-01 15:55:10 - [TEST_STEP][FAILED] - verifyElementVisible: Web element with id: 'Object Repository/Page_Video on Demand Summary/a_Overview' located by 'By.xpath: //a[@href = '/dashboards/analytics_external::Overview' and (text() = 'Overview' or . = 'Overview')]' not found

2018-11-01 15:55:49 - [MESSAGE][FAILED] - Web element with id: 'Object Repository/Page_Video on Demand Summary/a_Overview' located by 'By.xpath: //a[@href = '/dashboards/analytics_external::Overview' and (text() = 'Overview' or . = 'Overview')]' not found
[[ATTACHMENT|/Users/alahley/Katalon Studio/Analytics/Reports/BofA Sanity Check/20181101_155454/1541112949144.png]]

2018-11-01 15:55:49 - [TEST_STEP][FAILED] - verifyElementVisible: Web element with id: 'Object Repository/Page_Overview/a_Go to Live Event Summary' located by 'By.xpath: //a[@href = '/dashboards/analytics_external::live_event_summary' and (text() = '
           Go to Live Event Summary' or . = '
           Go to Live Event Summary')]' not found

2018-11-01 15:56:27 - [MESSAGE][FAILED] - Web element with id: 'Object Repository/Page_Overview/a_Go to Live Event Summary' located by 'By.xpath: //a[@href = '/dashboards/analytics_external::live_event_summary' and (text() = '
           Go to Live Event Summary' or . = '
           Go to Live Event Summary')]' not found
[[ATTACHMENT|/Users/alahley/Katalon Studio/Analytics/Reports/BofA Sanity Check/20181101_155454/1541112987428.png]]

2018-11-01 15:56:27 - [TEST_STEP][FAILED] - click: Unable to click on object 'Object Repository/Page_Overview/a_Go to Live Event Summary' (Root cause: com.kms.katalon.core.webui.exception.WebElementNotFoundException: Web element with id: 'Object Repository/Page_Overview/a_Go to Live Event Summary' located by 'By.xpath: //a[@href = '/dashboards/analytics_external::live_event_summary' and (text() = '
           Go to Live Event Summary' or . = '
           Go to Live Event Summary')]' not found)

2018-11-01 15:57:05 - [MESSAGE][FAILED] - Unable to click on object 'Object Repository/Page_Overview/a_Go to Live Event Summary' (Root cause: com.kms.katalon.core.webui.exception.WebElementNotFoundException: Web element with id: 'Object Repository/Page_Overview/a_Go to Live Event Summary' located by 'By.xpath: //a[@href = '/dashboards/analytics_external::live_event_summary' and (text() = '
           Go to Live Event Summary' or . = '
           Go to Live Event Summary')]' not found)
[[ATTACHMENT|/Users/alahley/Katalon Studio/Analytics/Reports/BofA Sanity Check/20181101_155454/1541113024993.png]]

2018-11-01 15:57:05 - [TEST_STEP][PASSED] - waitForAngularLoad: Angular is ready.

2018-11-01 15:57:05 - [MESSAGE][PASSED] - Angular is ready.

2018-11-01 15:57:05 - [TEST_STEP][PASSED] - verifyElementText: Actual text and expected text of test object 'Object Repository/Page_Live Event Summary/div_Live Event Summary' are matched.

2018-11-01 15:57:05 - [MESSAGE][PASSED] - Actual text and expected text of test object 'Object Repository/Page_Live Event Summary/div_Live Event Summary' are matched.

2018-11-01 15:57:05 - [TEST_STEP][FAILED] - click: Unable to click on object 'Object Repository/Page_Network Summary/a_Overview' (Root cause: com.kms.katalon.core.webui.exception.WebElementNotFoundException: Web element with id: 'Object Repository/Page_Network Summary/a_Overview' located by 'By.xpath: //a[@href = '/dashboards/analytics_external::Overview' and (text() = 'Overview' or . = 'Overview')]' not found)

2018-11-01 15:57:42 - [MESSAGE][FAILED] - Unable to click on object 'Object Repository/Page_Network Summary/a_Overview' (Root cause: com.kms.katalon.core.webui.exception.WebElementNotFoundException: Web element with id: 'Object Repository/Page_Network Summary/a_Overview' located by 'By.xpath: //a[@href = '/dashboards/analytics_external::Overview' and (text() = 'Overview' or . = 'Overview')]' not found)
[[ATTACHMENT|/Users/alahley/Katalon Studio/Analytics/Reports/BofA Sanity Check/20181101_155454/1541113062023.png]]

2018-11-01 15:57:42 - [TEST_STEP][PASSED] - waitForAngularLoad: Angular is ready.

2018-11-01 15:57:42 - [MESSAGE][PASSED] - Angular is ready.

2018-11-01 15:57:42 - [TEST_STEP][FAILED] - verifyElementVisible: Web element with id: 'Object Repository/Page_Overview/a_Go to VoD Summary' located by 'By.xpath: //a[@href = '/dashboards/analytics_external::vod_summary' and (text() = '
           Go to VoD Summary' or . = '
           Go to VoD Summary')]' not found

2018-11-01 15:58:18 - [MESSAGE][FAILED] - Web element with id: 'Object Repository/Page_Overview/a_Go to VoD Summary' located by 'By.xpath: //a[@href = '/dashboards/analytics_external::vod_summary' and (text() = '
           Go to VoD Summary' or . = '
           Go to VoD Summary')]' not found
[[ATTACHMENT|/Users/alahley/Katalon Studio/Analytics/Reports/BofA Sanity Check/20181101_155454/1541113098564.png]]

2018-11-01 15:58:18 - [TEST_STEP][FAILED] - click: Unable to click on object 'Object Repository/Page_Overview/a_Go to VoD Summary' (Root cause: com.kms.katalon.core.webui.exception.WebElementNotFoundException: Web element with id: 'Object Repository/Page_Overview/a_Go to VoD Summary' located by 'By.xpath: //a[@href = '/dashboards/analytics_external::vod_summary' and (text() = '
           Go to VoD Summary' or . = '
           Go to VoD Summary')]' not found)

2018-11-01 15:58:55 - [MESSAGE][FAILED] - Unable to click on object 'Object Repository/Page_Overview/a_Go to VoD Summary' (Root cause: com.kms.katalon.core.webui.exception.WebElementNotFoundException: Web element with id: 'Object Repository/Page_Overview/a_Go to VoD Summary' located by 'By.xpath: //a[@href = '/dashboards/analytics_external::vod_summary' and (text() = '
           Go to VoD Summary' or . = '
           Go to VoD Summary')]' not found)
[[ATTACHMENT|/Users/alahley/Katalon Studio/Analytics/Reports/BofA Sanity Check/20181101_155454/1541113134915.png]]

2018-11-01 15:58:55 - [TEST_STEP][PASSED] - waitForAngularLoad: Angular is ready.

2018-11-01 15:58:55 - [MESSAGE][PASSED] - Angular is ready.

2018-11-01 15:58:55 - [TEST_STEP][FAILED] - verifyElementText: com.kms.katalon.core.webui.exception.WebElementNotFoundException: Web element with id: 'Object Repository/Page_Video on Demand Summary/div_Video on Demand Summary' located by 'By.xpath: //div[(text() = 'Video on Demand Summary' or . = 'Video on Demand Summary')]' not found

2018-11-01 15:59:38 - [MESSAGE][FAILED] - com.kms.katalon.core.webui.exception.WebElementNotFoundException: Web element with id: 'Object Repository/Page_Video on Demand Summary/div_Video on Demand Summary' located by 'By.xpath: //div[(text() = 'Video on Demand Summary' or . = 'Video on Demand Summary')]' not found
[[ATTACHMENT|/Users/alahley/Katalon Studio/Analytics/Reports/BofA Sanity Check/20181101_155454/1541113177914.png]]

2018-11-01 15:59:38 - [TEST_STEP][FAILED] - click: Unable to click on object 'Object Repository/Page_Network Summary/a_Overview' (Root cause: com.kms.katalon.core.webui.exception.WebElementNotFoundException: Web element with id: 'Object Repository/Page_Network Summary/a_Overview' located by 'By.xpath: //a[@href = '/dashboards/analytics_external::Overview' and (text() = 'Overview' or . = 'Overview')]' not found)

2018-11-01 16:00:15 - [MESSAGE][FAILED] - Unable to click on object 'Object Repository/Page_Network Summary/a_Overview' (Root cause: com.kms.katalon.core.webui.exception.WebElementNotFoundException: Web element with id: 'Object Repository/Page_Network Summary/a_Overview' located by 'By.xpath: //a[@href = '/dashboards/analytics_external::Overview' and (text() = 'Overview' or . = 'Overview')]' not found)
[[ATTACHMENT|/Users/alahley/Katalon Studio/Analytics/Reports/BofA Sanity Check/20181101_155454/1541113214953.png]]

2018-11-01 16:00:15 - [TEST_STEP][PASSED] - waitForAngularLoad: Angular is ready.

2018-11-01 16:00:15 - [MESSAGE][PASSED] - Angular is ready.

2018-11-01 16:00:15 - [TEST_STEP][FAILED] - verifyElementVisible: Web element with id: 'Object Repository/Page_Overview/a_Go to Network Summary' located by 'By.xpath: //a[@href = '/dashboards/analytics_external::network_summary' and (text() = '
           Go to Network Summary' or . = '
           Go to Network Summary')]' not found

2018-11-01 16:00:51 - [MESSAGE][FAILED] - Web element with id: 'Object Repository/Page_Overview/a_Go to Network Summary' located by 'By.xpath: //a[@href = '/dashboards/analytics_external::network_summary' and (text() = '
           Go to Network Summary' or . = '
           Go to Network Summary')]' not found
[[ATTACHMENT|/Users/alahley/Katalon Studio/Analytics/Reports/BofA Sanity Check/20181101_155454/1541113251727.png]]

2018-11-01 16:00:51 - [TEST_STEP][FAILED] - click: Unable to click on object 'Object Repository/Page_Overview/a_Go to Network Summary' (Root cause: com.kms.katalon.core.webui.exception.WebElementNotFoundException: Web element with id: 'Object Repository/Page_Overview/a_Go to Network Summary' located by 'By.xpath: //a[@href = '/dashboards/analytics_external::network_summary' and (text() = '
           Go to Network Summary' or . = '
           Go to Network Summary')]' not found)

2018-11-01 16:01:28 - [MESSAGE][FAILED] - Unable to click on object 'Object Repository/Page_Overview/a_Go to Network Summary' (Root cause: com.kms.katalon.core.webui.exception.WebElementNotFoundException: Web element with id: 'Object Repository/Page_Overview/a_Go to Network Summary' located by 'By.xpath: //a[@href = '/dashboards/analytics_external::network_summary' and (text() = '
           Go to Network Summary' or . = '
           Go to Network Summary')]' not found)
[[ATTACHMENT|/Users/alahley/Katalon Studio/Analytics/Reports/BofA Sanity Check/20181101_155454/1541113288524.png]]

2018-11-01 16:01:28 - [TEST_STEP][PASSED] - waitForAngularLoad: Angular is ready.

2018-11-01 16:01:28 - [MESSAGE][PASSED] - Angular is ready.

2018-11-01 16:01:28 - [TEST_STEP][FAILED] - verifyElementText: com.kms.katalon.core.webui.exception.WebElementNotFoundException: Web element with id: 'Object Repository/Page_Network Summary/div_Network Summary' located by 'By.xpath: //div[(text() = 'Network Summary' or . = 'Network Summary')]' not found

2018-11-01 16:02:11 - [MESSAGE][FAILED] - com.kms.katalon.core.webui.exception.WebElementNotFoundException: Web element with id: 'Object Repository/Page_Network Summary/div_Network Summary' located by 'By.xpath: //div[(text() = 'Network Summary' or . = 'Network Summary')]' not found
[[ATTACHMENT|/Users/alahley/Katalon Studio/Analytics/Reports/BofA Sanity Check/20181101_155454/1541113331474.png]]

2018-11-01 16:02:11 - [TEST_STEP][FAILED] - click: Unable to click on object 'Object Repository/Page_Network Summary/a_Overview' (Root cause: com.kms.katalon.core.webui.exception.WebElementNotFoundException: Web element with id: 'Object Repository/Page_Network Summary/a_Overview' located by 'By.xpath: //a[@href = '/dashboards/analytics_external::Overview' and (text() = 'Overview' or . = 'Overview')]' not found)

2018-11-01 16:02:47 - [MESSAGE][FAILED] - Unable to click on object 'Object Repository/Page_Network Summary/a_Overview' (Root cause: com.kms.katalon.core.webui.exception.WebElementNotFoundException: Web element with id: 'Object Repository/Page_Network Summary/a_Overview' located by 'By.xpath: //a[@href = '/dashboards/analytics_external::Overview' and (text() = 'Overview' or . = 'Overview')]' not found)
[[ATTACHMENT|/Users/alahley/Katalon Studio/Analytics/Reports/BofA Sanity Check/20181101_155454/1541113367770.png]]

2018-11-01 16:02:47 - [TEST_STEP][PASSED] - waitForAngularLoad: Angular is ready.

2018-11-01 16:02:47 - [MESSAGE][PASSED] - Angular is ready.

2018-11-01 16:02:47 - [TEST_STEP][FAILED] - click: Unable to click on object 'Object Repository/Page_Overview/a_Network' (Root cause: com.kms.katalon.core.webui.exception.WebElementNotFoundException: Web element with id: 'Object Repository/Page_Overview/a_Network' located by 'By.xpath: //a[@href = 'javascript:void(0)' and (text() = 'Network' or . = 'Network')]' not found)

2018-11-01 16:03:28 - [MESSAGE][FAILED] - Unable to click on object 'Object Repository/Page_Overview/a_Network' (Root cause: com.kms.katalon.core.webui.exception.WebElementNotFoundException: Web element with id: 'Object Repository/Page_Overview/a_Network' located by 'By.xpath: //a[@href = 'javascript:void(0)' and (text() = 'Network' or . = 'Network')]' not found)
[[ATTACHMENT|/Users/alahley/Katalon Studio/Analytics/Reports/BofA Sanity Check/20181101_155454/1541113408012.png]]

2018-11-01 16:03:28 - [TEST_STEP][PASSED] - verifyElementPresent: Object 'Object Repository/Page_Overview/a_Network Summary' is present

2018-11-01 16:03:28 - [MESSAGE][WARNING] - Timeout '0' is invalid. Using default page load timeout: '30'

2018-11-01 16:03:28 - [MESSAGE][PASSED] - Object 'Object Repository/Page_Overview/a_Network Summary' is present

2018-11-01 16:03:28 - [TEST_STEP][PASSED] - verifyElementClickable: Object 'Object Repository/Page_Overview/a_Network Summary' is clickable

2018-11-01 16:03:28 - [MESSAGE][PASSED] - Object 'Object Repository/Page_Overview/a_Network Summary' is clickable

2018-11-01 16:03:28 - [TEST_STEP][FAILED] - click: Unable to click on object 'Object Repository/Page_Overview/a_Network Summary' (Root cause: org.openqa.selenium.ElementNotInteractableException: Element <a class="ng-binding" href="/dashboards/analytics_external::network_summary"> could not be scrolled into view
Build info: version: '3.7.1', revision: '8a0099a', time: '2017-11-06T21:07:36.161Z'
System info: host: 'Adams-MacBook-Right.local', ip: 'fe80:0:0:0:484:61f0:a7a6:b324%en0', os.name: 'Mac OS X', os.arch: 'x86_64', os.version: '10.13.6', java.version: '1.8.0_181'
Driver info: com.kms.katalon.core.webui.driver.firefox.CGeckoDriver
Capabilities {acceptInsecureCerts: true, browserName: firefox, browserVersion: 62.0.2, javascriptEnabled: true, moz:accessibilityChecks: false, moz:headless: false, moz:processID: 12636, moz:profile: /var/folders/jr/7vywd_6j2l1..., moz:useNonSpecCompliantPointerOrigin: false, moz:webdriverClick: true, pageLoadStrategy: normal, platform: MAC, platformName: MAC, platformVersion: 17.7.0, proxy: Proxy(direct), rotatable: false, timeouts: {implicit: 0, pageLoad: 300000, script: 30000}}
Session ID: 84976090-9142-c045-b469-aa3d3cb79cf0)

2018-11-01 16:03:28 - [MESSAGE][FAILED] - Unable to click on object 'Object Repository/Page_Overview/a_Network Summary' (Root cause: org.openqa.selenium.ElementNotInteractableException: Element <a class="ng-binding" href="/dashboards/analytics_external::network_summary"> could not be scrolled into view
Build info: version: '3.7.1', revision: '8a0099a', time: '2017-11-06T21:07:36.161Z'
System info: host: 'Adams-MacBook-Right.local', ip: 'fe80:0:0:0:484:61f0:a7a6:b324%en0', os.name: 'Mac OS X', os.arch: 'x86_64', os.version: '10.13.6', java.version: '1.8.0_181'
Driver info: com.kms.katalon.core.webui.driver.firefox.CGeckoDriver
Capabilities {acceptInsecureCerts: true, browserName: firefox, browserVersion: 62.0.2, javascriptEnabled: true, moz:accessibilityChecks: false, moz:headless: false, moz:processID: 12636, moz:profile: /var/folders/jr/7vywd_6j2l1..., moz:useNonSpecCompliantPointerOrigin: false, moz:webdriverClick: true, pageLoadStrategy: normal, platform: MAC, platformName: MAC, platformVersion: 17.7.0, proxy: Proxy(direct), rotatable: false, timeouts: {implicit: 0, pageLoad: 300000, script: 30000}}
Session ID: 84976090-9142-c045-b469-aa3d3cb79cf0)
[[ATTACHMENT|/Users/alahley/Katalon Studio/Analytics/Reports/BofA Sanity Check/20181101_155454/1541113408257.png]]

2018-11-01 16:03:28 - [TEST_STEP][PASSED] - waitForAngularLoad: Angular is ready.

2018-11-01 16:03:28 - [MESSAGE][PASSED] - Angular is ready.

2018-11-01 16:03:28 - [TEST_STEP][FAILED] - click: Unable to click on object 'Object Repository/Page_Overview/a_Network' (Root cause: com.kms.katalon.core.webui.exception.WebElementNotFoundException: Web element with id: 'Object Repository/Page_Overview/a_Network' located by 'By.xpath: //a[@href = 'javascript:void(0)' and (text() = 'Network' or . = 'Network')]' not found)

2018-11-01 16:04:09 - [MESSAGE][FAILED] - Unable to click on object 'Object Repository/Page_Overview/a_Network' (Root cause: com.kms.katalon.core.webui.exception.WebElementNotFoundException: Web element with id: 'Object Repository/Page_Overview/a_Network' located by 'By.xpath: //a[@href = 'javascript:void(0)' and (text() = 'Network' or . = 'Network')]' not found)
[[ATTACHMENT|/Users/alahley/Katalon Studio/Analytics/Reports/BofA Sanity Check/20181101_155454/1541113449611.png]]

2018-11-01 16:04:09 - [TEST_STEP][PASSED] - verifyElementPresent: Object 'Object Repository/Page_Network Summary/a_Network Content' is present

2018-11-01 16:04:09 - [MESSAGE][WARNING] - Timeout '0' is invalid. Using default page load timeout: '30'

2018-11-01 16:04:09 - [MESSAGE][PASSED] - Object 'Object Repository/Page_Network Summary/a_Network Content' is present

2018-11-01 16:04:09 - [TEST_STEP][PASSED] - verifyElementClickable: Object 'Object Repository/Page_Network Summary/a_Network Content' is clickable

2018-11-01 16:04:09 - [MESSAGE][PASSED] - Object 'Object Repository/Page_Network Summary/a_Network Content' is clickable

2018-11-01 16:04:09 - [TEST_STEP][FAILED] - click: Unable to click on object 'Object Repository/Page_Network Summary/a_Network Content' (Root cause: org.openqa.selenium.ElementNotInteractableException: Element <a class="ng-binding" href="/dashboards/analytics_external::network_content"> could not be scrolled into view
Build info: version: '3.7.1', revision: '8a0099a', time: '2017-11-06T21:07:36.161Z'
System info: host: 'Adams-MacBook-Right.local', ip: 'fe80:0:0:0:484:61f0:a7a6:b324%en0', os.name: 'Mac OS X', os.arch: 'x86_64', os.version: '10.13.6', java.version: '1.8.0_181'
Driver info: com.kms.katalon.core.webui.driver.firefox.CGeckoDriver
Capabilities {acceptInsecureCerts: true, browserName: firefox, browserVersion: 62.0.2, javascriptEnabled: true, moz:accessibilityChecks: false, moz:headless: false, moz:processID: 12636, moz:profile: /var/folders/jr/7vywd_6j2l1..., moz:useNonSpecCompliantPointerOrigin: false, moz:webdriverClick: true, pageLoadStrategy: normal, platform: MAC, platformName: MAC, platformVersion: 17.7.0, proxy: Proxy(direct), rotatable: false, timeouts: {implicit: 0, pageLoad: 300000, script: 30000}}
Session ID: 84976090-9142-c045-b469-aa3d3cb79cf0)

2018-11-01 16:04:10 - [MESSAGE][FAILED] - Unable to click on object 'Object Repository/Page_Network Summary/a_Network Content' (Root cause: org.openqa.selenium.ElementNotInteractableException: Element <a class="ng-binding" href="/dashboards/analytics_external::network_content"> could not be scrolled into view
Build info: version: '3.7.1', revision: '8a0099a', time: '2017-11-06T21:07:36.161Z'
System info: host: 'Adams-MacBook-Right.local', ip: 'fe80:0:0:0:484:61f0:a7a6:b324%en0', os.name: 'Mac OS X', os.arch: 'x86_64', os.version: '10.13.6', java.version: '1.8.0_181'
Driver info: com.kms.katalon.core.webui.driver.firefox.CGeckoDriver
Capabilities {acceptInsecureCerts: true, browserName: firefox, browserVersion: 62.0.2, javascriptEnabled: true, moz:accessibilityChecks: false, moz:headless: false, moz:processID: 12636, moz:profile: /var/folders/jr/7vywd_6j2l1..., moz:useNonSpecCompliantPointerOrigin: false, moz:webdriverClick: true, pageLoadStrategy: normal, platform: MAC, platformName: MAC, platformVersion: 17.7.0, proxy: Proxy(direct), rotatable: false, timeouts: {implicit: 0, pageLoad: 300000, script: 30000}}
Session ID: 84976090-9142-c045-b469-aa3d3cb79cf0)
[[ATTACHMENT|/Users/alahley/Katalon Studio/Analytics/Reports/BofA Sanity Check/20181101_155454/1541113449840.png]]

2018-11-01 16:04:10 - [TEST_STEP][PASSED] - waitForAngularLoad: Angular is ready.

2018-11-01 16:04:10 - [MESSAGE][PASSED] - Angular is ready.

2018-11-01 16:04:10 - [TEST_STEP][FAILED] - click: Unable to click on object 'Object Repository/Page_Overview/a_Network' (Root cause: com.kms.katalon.core.webui.exception.WebElementNotFoundException: Web element with id: 'Object Repository/Page_Overview/a_Network' located by 'By.xpath: //a[@href = 'javascript:void(0)' and (text() = 'Network' or . = 'Network')]' not found)

2018-11-01 16:04:50 - [MESSAGE][FAILED] - Unable to click on object 'Object Repository/Page_Overview/a_Network' (Root cause: com.kms.katalon.core.webui.exception.WebElementNotFoundException: Web element with id: 'Object Repository/Page_Overview/a_Network' located by 'By.xpath: //a[@href = 'javascript:void(0)' and (text() = 'Network' or . = 'Network')]' not found)
[[ATTACHMENT|/Users/alahley/Katalon Studio/Analytics/Reports/BofA Sanity Check/20181101_155454/1541113490337.png]]

2018-11-01 16:04:50 - [TEST_STEP][PASSED] - verifyElementPresent: Object 'Object Repository/Page_Network Content/a_Network Locality' is present

2018-11-01 16:04:50 - [MESSAGE][WARNING] - Timeout '0' is invalid. Using default page load timeout: '30'

2018-11-01 16:04:50 - [MESSAGE][PASSED] - Object 'Object Repository/Page_Network Content/a_Network Locality' is present

2018-11-01 16:04:50 - [TEST_STEP][PASSED] - verifyElementClickable: Object 'Object Repository/Page_Network Content/a_Network Locality' is clickable

2018-11-01 16:04:50 - [MESSAGE][PASSED] - Object 'Object Repository/Page_Network Content/a_Network Locality' is clickable

2018-11-01 16:04:50 - [TEST_STEP][FAILED] - click: Unable to click on object 'Object Repository/Page_Network Content/a_Network Locality' (Root cause: org.openqa.selenium.ElementNotInteractableException: Element <a class="ng-binding" href="/dashboards/analytics_external::network_locality"> could not be scrolled into view
Build info: version: '3.7.1', revision: '8a0099a', time: '2017-11-06T21:07:36.161Z'
System info: host: 'Adams-MacBook-Right.local', ip: 'fe80:0:0:0:484:61f0:a7a6:b324%en0', os.name: 'Mac OS X', os.arch: 'x86_64', os.version: '10.13.6', java.version: '1.8.0_181'
Driver info: com.kms.katalon.core.webui.driver.firefox.CGeckoDriver
Capabilities {acceptInsecureCerts: true, browserName: firefox, browserVersion: 62.0.2, javascriptEnabled: true, moz:accessibilityChecks: false, moz:headless: false, moz:processID: 12636, moz:profile: /var/folders/jr/7vywd_6j2l1..., moz:useNonSpecCompliantPointerOrigin: false, moz:webdriverClick: true, pageLoadStrategy: normal, platform: MAC, platformName: MAC, platformVersion: 17.7.0, proxy: Proxy(direct), rotatable: false, timeouts: {implicit: 0, pageLoad: 300000, script: 30000}}
Session ID: 84976090-9142-c045-b469-aa3d3cb79cf0)

2018-11-01 16:04:50 - [MESSAGE][FAILED] - Unable to click on object 'Object Repository/Page_Network Content/a_Network Locality' (Root cause: org.openqa.selenium.ElementNotInteractableException: Element <a class="ng-binding" href="/dashboards/analytics_external::network_locality"> could not be scrolled into view
Build info: version: '3.7.1', revision: '8a0099a', time: '2017-11-06T21:07:36.161Z'
System info: host: 'Adams-MacBook-Right.local', ip: 'fe80:0:0:0:484:61f0:a7a6:b324%en0', os.name: 'Mac OS X', os.arch: 'x86_64', os.version: '10.13.6', java.version: '1.8.0_181'
Driver info: com.kms.katalon.core.webui.driver.firefox.CGeckoDriver
Capabilities {acceptInsecureCerts: true, browserName: firefox, browserVersion: 62.0.2, javascriptEnabled: true, moz:accessibilityChecks: false, moz:headless: false, moz:processID: 12636, moz:profile: /var/folders/jr/7vywd_6j2l1..., moz:useNonSpecCompliantPointerOrigin: false, moz:webdriverClick: true, pageLoadStrategy: normal, platform: MAC, platformName: MAC, platformVersion: 17.7.0, proxy: Proxy(direct), rotatable: false, timeouts: {implicit: 0, pageLoad: 300000, script: 30000}}
Session ID: 84976090-9142-c045-b469-aa3d3cb79cf0)
[[ATTACHMENT|/Users/alahley/Katalon Studio/Analytics/Reports/BofA Sanity Check/20181101_155454/1541113490568.png]]

2018-11-01 16:04:50 - [TEST_STEP][PASSED] - waitForAngularLoad: Angular is ready.

2018-11-01 16:04:50 - [MESSAGE][PASSED] - Angular is ready.

2018-11-01 16:04:50 - [TEST_STEP][FAILED] - click: Unable to click on object 'Object Repository/Page_Network Locality/a_Live Events' (Root cause: com.kms.katalon.core.webui.exception.WebElementNotFoundException: Web element with id: 'Object Repository/Page_Network Locality/a_Live Events' located by 'By.xpath: //a[@href = 'javascript:void(0)' and (text() = 'Live Events' or . = 'Live Events')]' not found)

2018-11-01 16:05:31 - [MESSAGE][FAILED] - Unable to click on object 'Object Repository/Page_Network Locality/a_Live Events' (Root cause: com.kms.katalon.core.webui.exception.WebElementNotFoundException: Web element with id: 'Object Repository/Page_Network Locality/a_Live Events' located by 'By.xpath: //a[@href = 'javascript:void(0)' and (text() = 'Live Events' or . = 'Live Events')]' not found)
[[ATTACHMENT|/Users/alahley/Katalon Studio/Analytics/Reports/BofA Sanity Check/20181101_155454/1541113530857.png]]

2018-11-01 16:05:31 - [TEST_STEP][PASSED] - verifyElementPresent: Object 'Object Repository/Page_Network Locality/a_Live Event Summary' is present

2018-11-01 16:05:31 - [MESSAGE][WARNING] - Timeout '0' is invalid. Using default page load timeout: '30'

2018-11-01 16:05:31 - [MESSAGE][PASSED] - Object 'Object Repository/Page_Network Locality/a_Live Event Summary' is present

2018-11-01 16:05:31 - [TEST_STEP][PASSED] - verifyElementClickable: Object 'Object Repository/Page_Network Locality/a_Live Event Summary' is clickable

2018-11-01 16:05:31 - [MESSAGE][PASSED] - Object 'Object Repository/Page_Network Locality/a_Live Event Summary' is clickable

2018-11-01 16:05:31 - [TEST_STEP][PASSED] - verifyElementPresent: Object 'Object Repository/Page_Live Event Summary/a_Live Event' is present

2018-11-01 16:05:31 - [MESSAGE][WARNING] - Timeout '0' is invalid. Using default page load timeout: '30'

2018-11-01 16:05:31 - [MESSAGE][PASSED] - Object 'Object Repository/Page_Live Event Summary/a_Live Event' is present

2018-11-01 16:05:31 - [TEST_STEP][PASSED] - verifyElementClickable: Object 'Object Repository/Page_Live Event Summary/a_Live Event' is clickable

2018-11-01 16:05:31 - [MESSAGE][PASSED] - Object 'Object Repository/Page_Live Event Summary/a_Live Event' is clickable

2018-11-01 16:05:31 - [TEST_STEP][PASSED] - verifyElementPresent: Object 'Object Repository/Page_Live Event/a_Live (In Progress) Event' is present

2018-11-01 16:05:31 - [MESSAGE][WARNING] - Timeout '0' is invalid. Using default page load timeout: '30'

2018-11-01 16:05:31 - [MESSAGE][PASSED] - Object 'Object Repository/Page_Live Event/a_Live (In Progress) Event' is present

2018-11-01 16:05:31 - [TEST_STEP][PASSED] - verifyElementClickable: Object 'Object Repository/Page_Live Event/a_Live (In Progress) Event' is clickable

2018-11-01 16:05:31 - [MESSAGE][PASSED] - Object 'Object Repository/Page_Live Event/a_Live (In Progress) Event' is clickable

2018-11-01 16:05:31 - [TEST_STEP][FAILED] - click: Unable to click on object 'Object Repository/Page_Live (In Progress) Event/a_Video on Demand' (Root cause: com.kms.katalon.core.webui.exception.WebElementNotFoundException: Web element with id: 'Object Repository/Page_Live (In Progress) Event/a_Video on Demand' located by 'By.xpath: //a[@href = 'javascript:void(0)' and (text() = 'Video on Demand' or . = 'Video on Demand')]' not found)

2018-11-01 16:06:12 - [MESSAGE][FAILED] - Unable to click on object 'Object Repository/Page_Live (In Progress) Event/a_Video on Demand' (Root cause: com.kms.katalon.core.webui.exception.WebElementNotFoundException: Web element with id: 'Object Repository/Page_Live (In Progress) Event/a_Video on Demand' located by 'By.xpath: //a[@href = 'javascript:void(0)' and (text() = 'Video on Demand' or . = 'Video on Demand')]' not found)
[[ATTACHMENT|/Users/alahley/Katalon Studio/Analytics/Reports/BofA Sanity Check/20181101_155454/1541113572487.png]]

2018-11-01 16:06:12 - [TEST_STEP][PASSED] - verifyElementPresent: Object 'Object Repository/Page_Live (In Progress) Event/a_Video on Demand Summary' is present

2018-11-01 16:06:12 - [MESSAGE][WARNING] - Timeout '0' is invalid. Using default page load timeout: '30'

2018-11-01 16:06:12 - [MESSAGE][PASSED] - Object 'Object Repository/Page_Live (In Progress) Event/a_Video on Demand Summary' is present

2018-11-01 16:06:12 - [TEST_STEP][PASSED] - verifyElementClickable: Object 'Object Repository/Page_Live (In Progress) Event/a_Video on Demand Summary' is clickable

2018-11-01 16:06:12 - [MESSAGE][PASSED] - Object 'Object Repository/Page_Live (In Progress) Event/a_Video on Demand Summary' is clickable

2018-11-01 16:06:12 - [TEST_STEP][PASSED] - verifyElementPresent: Object 'Object Repository/Page_Video on Demand Summary/a_Video on Demand_1' is present

2018-11-01 16:06:12 - [MESSAGE][WARNING] - Timeout '0' is invalid. Using default page load timeout: '30'

2018-11-01 16:06:12 - [MESSAGE][PASSED] - Object 'Object Repository/Page_Video on Demand Summary/a_Video on Demand_1' is present

2018-11-01 16:06:12 - [TEST_STEP][PASSED] - verifyElementClickable: Object 'Object Repository/Page_Video on Demand Summary/a_Video on Demand_1' is clickable

2018-11-01 16:06:12 - [MESSAGE][PASSED] - Object 'Object Repository/Page_Video on Demand Summary/a_Video on Demand_1' is clickable

2018-11-01 16:06:12 - [TEST_STEP][FAILED] - verifyElementPresent: com.kms.katalon.core.webui.exception.WebElementNotFoundException: Web element with id: 'Object Repository/Page_Video on Demand/a_SCCM' located by 'By.xpath: //a[@href = '/dashboards/sccm_users::sccm_summary' and (text() = 'SCCM' or . = 'SCCM')]' not found

2018-11-01 16:06:12 - [MESSAGE][WARNING] - Timeout '0' is invalid. Using default page load timeout: '30'

2018-11-01 16:06:49 - [MESSAGE][FAILED] - com.kms.katalon.core.webui.exception.WebElementNotFoundException: Web element with id: 'Object Repository/Page_Video on Demand/a_SCCM' located by 'By.xpath: //a[@href = '/dashboards/sccm_users::sccm_summary' and (text() = 'SCCM' or . = 'SCCM')]' not found
[[ATTACHMENT|/Users/alahley/Katalon Studio/Analytics/Reports/BofA Sanity Check/20181101_155454/1541113609348.png]]

2018-11-01 16:06:49 - [TEST_STEP][FAILED] - verifyElementClickable: Web element with id: 'Object Repository/Page_Video on Demand/a_SCCM' located by 'By.xpath: //a[@href = '/dashboards/sccm_users::sccm_summary' and (text() = 'SCCM' or . = 'SCCM')]' not found

2018-11-01 16:07:25 - [MESSAGE][FAILED] - Web element with id: 'Object Repository/Page_Video on Demand/a_SCCM' located by 'By.xpath: //a[@href = '/dashboards/sccm_users::sccm_summary' and (text() = 'SCCM' or . = 'SCCM')]' not found
[[ATTACHMENT|/Users/alahley/Katalon Studio/Analytics/Reports/BofA Sanity Check/20181101_155454/1541113645617.png]]

2018-11-01 16:07:25 - [TEST_STEP][FAILED] - click: Unable to click on object 'Object Repository/Page_Video on Demand/a_SCCM' (Root cause: com.kms.katalon.core.webui.exception.WebElementNotFoundException: Web element with id: 'Object Repository/Page_Video on Demand/a_SCCM' located by 'By.xpath: //a[@href = '/dashboards/sccm_users::sccm_summary' and (text() = 'SCCM' or . = 'SCCM')]' not found)

2018-11-01 16:08:01 - [MESSAGE][FAILED] - Unable to click on object 'Object Repository/Page_Video on Demand/a_SCCM' (Root cause: com.kms.katalon.core.webui.exception.WebElementNotFoundException: Web element with id: 'Object Repository/Page_Video on Demand/a_SCCM' located by 'By.xpath: //a[@href = '/dashboards/sccm_users::sccm_summary' and (text() = 'SCCM' or . = 'SCCM')]' not found)
[[ATTACHMENT|/Users/alahley/Katalon Studio/Analytics/Reports/BofA Sanity Check/20181101_155454/1541113681475.png]]

2018-11-01 16:08:01 - [TEST_STEP][PASSED] - waitForAngularLoad: Angular is ready.

2018-11-01 16:08:01 - [MESSAGE][PASSED] - Angular is ready.

2018-11-01 16:08:01 - [TEST_STEP][PASSED] - waitForPageLoad: Wait for page load successfully

2018-11-01 16:08:01 - [MESSAGE][WARNING] - Timeout '0' is invalid. Using default page load timeout: '30'

2018-11-01 16:08:01 - [MESSAGE][PASSED] - Wait for page load successfully

2018-11-01 16:08:01 - [TEST_STEP][FAILED] - click: Unable to click on object 'Object Repository/Page_Overview/a' (Root cause: com.kms.katalon.core.webui.exception.WebElementNotFoundException: Web element with id: 'Object Repository/Page_Overview/a' located by 'By.xpath: id("lk-nav-main")/div[@class="navigation-bar"]/lk-nav-menu[@class="ng-scope"]/div[@class="buttons"]/ul[@class="bottom"]/li[@class="navbar-profile"]/a[1]' not found)

2018-11-01 16:08:51 - [MESSAGE][FAILED] - Unable to click on object 'Object Repository/Page_Overview/a' (Root cause: com.kms.katalon.core.webui.exception.WebElementNotFoundException: Web element with id: 'Object Repository/Page_Overview/a' located by 'By.xpath: id("lk-nav-main")/div[@class="navigation-bar"]/lk-nav-menu[@class="ng-scope"]/div[@class="buttons"]/ul[@class="bottom"]/li[@class="navbar-profile"]/a[1]' not found)
[[ATTACHMENT|/Users/alahley/Katalon Studio/Analytics/Reports/BofA Sanity Check/20181101_155454/1541113731537.png]]

2018-11-01 16:08:51 - [TEST_STEP][FAILED] - click: Unable to click on object 'Object Repository/Page_SCCM Summary/a_Log Out' (Root cause: org.openqa.selenium.ElementNotInteractableException: Element <a href="/logout"> could not be scrolled into view
Build info: version: '3.7.1', revision: '8a0099a', time: '2017-11-06T21:07:36.161Z'
System info: host: 'Adams-MacBook-Right.local', ip: 'fe80:0:0:0:484:61f0:a7a6:b324%en0', os.name: 'Mac OS X', os.arch: 'x86_64', os.version: '10.13.6', java.version: '1.8.0_181'
Driver info: com.kms.katalon.core.webui.driver.firefox.CGeckoDriver
Capabilities {acceptInsecureCerts: true, browserName: firefox, browserVersion: 62.0.2, javascriptEnabled: true, moz:accessibilityChecks: false, moz:headless: false, moz:processID: 12636, moz:profile: /var/folders/jr/7vywd_6j2l1..., moz:useNonSpecCompliantPointerOrigin: false, moz:webdriverClick: true, pageLoadStrategy: normal, platform: MAC, platformName: MAC, platformVersion: 17.7.0, proxy: Proxy(direct), rotatable: false, timeouts: {implicit: 0, pageLoad: 300000, script: 30000}}
Session ID: 84976090-9142-c045-b469-aa3d3cb79cf0)

2018-11-01 16:08:51 - [MESSAGE][FAILED] - Unable to click on object 'Object Repository/Page_SCCM Summary/a_Log Out' (Root cause: org.openqa.selenium.ElementNotInteractableException: Element <a href="/logout"> could not be scrolled into view
Build info: version: '3.7.1', revision: '8a0099a', time: '2017-11-06T21:07:36.161Z'
System info: host: 'Adams-MacBook-Right.local', ip: 'fe80:0:0:0:484:61f0:a7a6:b324%en0', os.name: 'Mac OS X', os.arch: 'x86_64', os.version: '10.13.6', java.version: '1.8.0_181'
Driver info: com.kms.katalon.core.webui.driver.firefox.CGeckoDriver
Capabilities {acceptInsecureCerts: true, browserName: firefox, browserVersion: 62.0.2, javascriptEnabled: true, moz:accessibilityChecks: false, moz:headless: false, moz:processID: 12636, moz:profile: /var/folders/jr/7vywd_6j2l1..., moz:useNonSpecCompliantPointerOrigin: false, moz:webdriverClick: true, pageLoadStrategy: normal, platform: MAC, platformName: MAC, platformVersion: 17.7.0, proxy: Proxy(direct), rotatable: false, timeouts: {implicit: 0, pageLoad: 300000, script: 30000}}
Session ID: 84976090-9142-c045-b469-aa3d3cb79cf0)
[[ATTACHMENT|/Users/alahley/Katalon Studio/Analytics/Reports/BofA Sanity Check/20181101_155454/1541113731727.png]]

2018-11-01 16:08:51 - [TEST_STEP][FAILED] - verifyElementPresent: com.kms.katalon.core.webui.exception.WebElementNotFoundException: Web element with id: 'Object Repository/Page_Log in/div_Logout Successful.' located by 'By.cssSelector: div#lk-layout-simple-flash > div > div > div > div' not found

2018-11-01 16:08:51 - [MESSAGE][WARNING] - Timeout '0' is invalid. Using default page load timeout: '30'

2018-11-01 16:09:34 - [MESSAGE][FAILED] - com.kms.katalon.core.webui.exception.WebElementNotFoundException: Web element with id: 'Object Repository/Page_Log in/div_Logout Successful.' located by 'By.cssSelector: div#lk-layout-simple-flash > div > div > div > div' not found
[[ATTACHMENT|/Users/alahley/Katalon Studio/Analytics/Reports/BofA Sanity Check/20181101_155454/1541113774213.png]]

2018-11-01 16:09:34 - [TEST_STEP][FAILED] - verifyTextPresent: Text 'Logout Successful.' is not present on page 

2018-11-01 16:09:49 - [MESSAGE][FAILED] - Text 'Logout Successful.' is not present on page 

2018-11-01 16:09:49 - [TEST_STEP][PASSED] - closeBrowser: Browser is closed

2018-11-01 16:09:49 - [MESSAGE][PASSED] - Browser is closed]]></system-out>
         <system-err><![CDATA[2018-11-01 15:54:56 - [TEST_CASE][FAILED] - Test Cases/BofA/BofA - Navigation: Test Cases/BofA/BofA - Navigation FAILED because (of) (Stack trace: com.kms.katalon.core.exception.StepFailedException: Web element with id: 'Object Repository/Page_Video on Demand Summary/a_Overview' located by 'By.xpath: //a[@href = '/dashboards/analytics_external::Overview' and (text() = 'Overview' or . = 'Overview')]' not found
	at com.kms.katalon.core.keyword.internal.KeywordMain.stepFailed(KeywordMain.groovy:32)
	at com.kms.katalon.core.webui.keyword.internal.WebUIKeywordMain.stepFailed(WebUIKeywordMain.groovy:65)
	at com.kms.katalon.core.webui.keyword.builtin.VerifyElementVisibleKeyword$_verifyElementVisible_closure1.doCall(VerifyElementVisibleKeyword.groovy:89)
	at com.kms.katalon.core.webui.keyword.builtin.VerifyElementVisibleKeyword$_verifyElementVisible_closure1.call(VerifyElementVisibleKeyword.groovy)
	at com.kms.katalon.core.webui.keyword.internal.WebUIKeywordMain.runKeyword(WebUIKeywordMain.groovy:21)
	at com.kms.katalon.core.webui.keyword.builtin.VerifyElementVisibleKeyword.verifyElementVisible(VerifyElementVisibleKeyword.groovy:97)
	at com.kms.katalon.core.webui.keyword.builtin.VerifyElementVisibleKeyword.execute(VerifyElementVisibleKeyword.groovy:67)
	at com.kms.katalon.core.keyword.internal.KeywordExecutor.executeKeywordForPlatform(KeywordExecutor.groovy:53)
	at com.kms.katalon.core.webui.keyword.WebUiBuiltInKeywords.verifyElementVisible(WebUiBuiltInKeywords.groovy:372)
	at com.kms.katalon.core.webui.keyword.WebUiBuiltInKeywords$verifyElementVisible$5.call(Unknown Source)
	at org.codehaus.groovy.runtime.callsite.CallSiteArray.defaultCall(CallSiteArray.java:48)
	at org.codehaus.groovy.runtime.callsite.AbstractCallSite.call(AbstractCallSite.java:113)
	at org.codehaus.groovy.runtime.callsite.AbstractCallSite.call(AbstractCallSite.java:125)
	at Script1541106754373.run(Script1541106754373.groovy:36)
	at com.kms.katalon.core.main.ScriptEngine.run(ScriptEngine.java:183)
	at com.kms.katalon.core.main.ScriptEngine.runScriptAsRawText(ScriptEngine.java:108)
	at com.kms.katalon.core.main.TestCaseExecutor.runScript(TestCaseExecutor.java:294)
	at com.kms.katalon.core.main.TestCaseExecutor.doExecute(TestCaseExecutor.java:285)
	at com.kms.katalon.core.main.TestCaseExecutor.processExecutionPhase(TestCaseExecutor.java:264)
	at com.kms.katalon.core.main.TestCaseExecutor.accessMainPhase(TestCaseExecutor.java:256)
	at com.kms.katalon.core.main.TestCaseExecutor.execute(TestCaseExecutor.java:200)
	at com.kms.katalon.core.main.TestSuiteExecutor.accessTestCaseMainPhase(TestSuiteExecutor.java:129)
	at com.kms.katalon.core.main.TestSuiteExecutor.accessTestSuiteMainPhase(TestSuiteExecutor.java:112)
	at com.kms.katalon.core.main.TestSuiteExecutor.execute(TestSuiteExecutor.java:81)
	at com.kms.katalon.core.main.TestCaseMain.startTestSuite(TestCaseMain.java:142)
	at com.kms.katalon.core.main.TestCaseMain$startTestSuite$0.call(Unknown Source)
	at org.codehaus.groovy.runtime.callsite.CallSiteArray.defaultCall(CallSiteArray.java:48)
	at org.codehaus.groovy.runtime.callsite.AbstractCallSite.call(AbstractCallSite.java:113)
	at org.codehaus.groovy.runtime.callsite.AbstractCallSite.call(AbstractCallSite.java:141)
	at TempTestSuite1541112894227.run(TempTestSuite1541112894227.groovy:36)
	at groovy.lang.GroovyShell.runScriptOrMainOrTestOrRunnable(GroovyShell.java:263)
	at groovy.lang.GroovyShell.run(GroovyShell.java:518)
	at groovy.lang.GroovyShell.run(GroovyShell.java:507)
	at groovy.ui.GroovyMain.processOnce(GroovyMain.java:653)
	at groovy.ui.GroovyMain.run(GroovyMain.java:384)
	at groovy.ui.GroovyMain.process(GroovyMain.java:370)
	at groovy.ui.GroovyMain.processArgs(GroovyMain.java:129)
	at groovy.ui.GroovyMain.main(GroovyMain.java:109)
	at sun.reflect.NativeMethodAccessorImpl.invoke0(Native Method)
	at sun.reflect.NativeMethodAccessorImpl.invoke(NativeMethodAccessorImpl.java:62)
	at sun.reflect.DelegatingMethodAccessorImpl.invoke(DelegatingMethodAccessorImpl.java:43)
	at java.lang.reflect.Method.invoke(Method.java:498)
	at org.codehaus.groovy.tools.GroovyStarter.rootLoader(GroovyStarter.java:109)
	at org.codehaus.groovy.tools.GroovyStarter.main(GroovyStarter.java:131)
)]]></system-err>
      </testcase>
      <testcase name="Test Cases/BofA/BofA - Summary" classname="Test Cases/BofA/BofA - Summary" status="FAILED">
         <failure type="FAILED" message="(Stack trace: com.kms.katalon.core.exception.StepFailedException: Text 'No Results' is present on page 
	at com.kms.katalon.core.keyword.internal.KeywordMain.stepFailed(KeywordMain.groovy:32)
	at com.kms.katalon.core.webui.keyword.internal.WebUIKeywordMain.stepFailed(WebUIKeywordMain.groovy:65)
	at com.kms.katalon.core.webui.keyword.builtin.VerifyTextNotPresentKeyword$_verifyTextNotPresent_closure1.doCall(VerifyTextNotPresentKeyword.groovy:77)
	at com.kms.katalon.core.webui.keyword.builtin.VerifyTextNotPresentKeyword$_verifyTextNotPresent_closure1.call(VerifyTextNotPresentKeyword.groovy)
	at com.kms.katalon.core.webui.keyword.internal.WebUIKeywordMain.runKeyword(WebUIKeywordMain.groovy:21)
	at com.kms.katalon.core.webui.keyword.builtin.VerifyTextNotPresentKeyword.verifyTextNotPresent(VerifyTextNotPresentKeyword.groovy:82)
	at com.kms.katalon.core.webui.keyword.builtin.VerifyTextNotPresentKeyword.execute(VerifyTextNotPresentKeyword.groovy:68)
	at com.kms.katalon.core.keyword.internal.KeywordExecutor.executeKeywordForPlatform(KeywordExecutor.groovy:53)
	at com.kms.katalon.core.webui.keyword.WebUiBuiltInKeywords.verifyTextNotPresent(WebUiBuiltInKeywords.groovy:1726)
	at com.kms.katalon.core.webui.keyword.WebUiBuiltInKeywords$verifyTextNotPresent$14.call(Unknown Source)
	at org.codehaus.groovy.runtime.callsite.CallSiteArray.defaultCall(CallSiteArray.java:48)
	at org.codehaus.groovy.runtime.callsite.AbstractCallSite.call(AbstractCallSite.java:113)
	at org.codehaus.groovy.runtime.callsite.AbstractCallSite.call(AbstractCallSite.java:133)
	at Script1541106765466.run(Script1541106765466.groovy:104)
	at com.kms.katalon.core.main.ScriptEngine.run(ScriptEngine.java:183)
	at com.kms.katalon.core.main.ScriptEngine.runScriptAsRawText(ScriptEngine.java:108)
	at com.kms.katalon.core.main.TestCaseExecutor.runScript(TestCaseExecutor.java:294)
	at com.kms.katalon.core.main.TestCaseExecutor.doExecute(TestCaseExecutor.java:285)
	at com.kms.katalon.core.main.TestCaseExecutor.processExecutionPhase(TestCaseExecutor.java:264)
	at com.kms.katalon.core.main.TestCaseExecutor.accessMainPhase(TestCaseExecutor.java:256)
	at com.kms.katalon.core.main.TestCaseExecutor.execute(TestCaseExecutor.java:200)
	at com.kms.katalon.core.main.TestSuiteExecutor.accessTestCaseMainPhase(TestSuiteExecutor.java:129)
	at com.kms.katalon.core.main.TestSuiteExecutor.accessTestSuiteMainPhase(TestSuiteExecutor.java:112)
	at com.kms.katalon.core.main.TestSuiteExecutor.execute(TestSuiteExecutor.java:81)
	at com.kms.katalon.core.main.TestCaseMain.startTestSuite(TestCaseMain.java:142)
	at com.kms.katalon.core.main.TestCaseMain$startTestSuite$0.call(Unknown Source)
	at org.codehaus.groovy.runtime.callsite.CallSiteArray.defaultCall(CallSiteArray.java:48)
	at org.codehaus.groovy.runtime.callsite.AbstractCallSite.call(AbstractCallSite.java:113)
	at org.codehaus.groovy.runtime.callsite.AbstractCallSite.call(AbstractCallSite.java:141)
	at TempTestSuite1541112894227.run(TempTestSuite1541112894227.groovy:36)
	at groovy.lang.GroovyShell.runScriptOrMainOrTestOrRunnable(GroovyShell.java:263)
	at groovy.lang.GroovyShell.run(GroovyShell.java:518)
	at groovy.lang.GroovyShell.run(GroovyShell.java:507)
	at groovy.ui.GroovyMain.processOnce(GroovyMain.java:653)
	at groovy.ui.GroovyMain.run(GroovyMain.java:384)
	at groovy.ui.GroovyMain.process(GroovyMain.java:370)
	at groovy.ui.GroovyMain.processArgs(GroovyMain.java:129)
	at groovy.ui.GroovyMain.main(GroovyMain.java:109)
	at sun.reflect.NativeMethodAccessorImpl.invoke0(Native Method)
	at sun.reflect.NativeMethodAccessorImpl.invoke(NativeMethodAccessorImpl.java:62)
	at sun.reflect.DelegatingMethodAccessorImpl.invoke(DelegatingMethodAccessorImpl.java:43)
	at java.lang.reflect.Method.invoke(Method.java:498)
	at org.codehaus.groovy.tools.GroovyStarter.rootLoader(GroovyStarter.java:109)
	at org.codehaus.groovy.tools.GroovyStarter.main(GroovyStarter.java:131)
)"/>
         <system-out><![CDATA[2018-11-01 16:09:49 - [TEST_CASE][FAILED] - Test Cases/BofA/BofA - Summary: Test Cases/BofA/BofA - Summary FAILED because (of) (Stack trace: com.kms.katalon.core.exception.StepFailedException: Text 'No Results' is present on page 
	at com.kms.katalon.core.keyword.internal.KeywordMain.stepFailed(KeywordMain.groovy:32)
	at com.kms.katalon.core.webui.keyword.internal.WebUIKeywordMain.stepFailed(WebUIKeywordMain.groovy:65)
	at com.kms.katalon.core.webui.keyword.builtin.VerifyTextNotPresentKeyword$_verifyTextNotPresent_closure1.doCall(VerifyTextNotPresentKeyword.groovy:77)
	at com.kms.katalon.core.webui.keyword.builtin.VerifyTextNotPresentKeyword$_verifyTextNotPresent_closure1.call(VerifyTextNotPresentKeyword.groovy)
	at com.kms.katalon.core.webui.keyword.internal.WebUIKeywordMain.runKeyword(WebUIKeywordMain.groovy:21)
	at com.kms.katalon.core.webui.keyword.builtin.VerifyTextNotPresentKeyword.verifyTextNotPresent(VerifyTextNotPresentKeyword.groovy:82)
	at com.kms.katalon.core.webui.keyword.builtin.VerifyTextNotPresentKeyword.execute(VerifyTextNotPresentKeyword.groovy:68)
	at com.kms.katalon.core.keyword.internal.KeywordExecutor.executeKeywordForPlatform(KeywordExecutor.groovy:53)
	at com.kms.katalon.core.webui.keyword.WebUiBuiltInKeywords.verifyTextNotPresent(WebUiBuiltInKeywords.groovy:1726)
	at com.kms.katalon.core.webui.keyword.WebUiBuiltInKeywords$verifyTextNotPresent$14.call(Unknown Source)
	at org.codehaus.groovy.runtime.callsite.CallSiteArray.defaultCall(CallSiteArray.java:48)
	at org.codehaus.groovy.runtime.callsite.AbstractCallSite.call(AbstractCallSite.java:113)
	at org.codehaus.groovy.runtime.callsite.AbstractCallSite.call(AbstractCallSite.java:133)
	at Script1541106765466.run(Script1541106765466.groovy:104)
	at com.kms.katalon.core.main.ScriptEngine.run(ScriptEngine.java:183)
	at com.kms.katalon.core.main.ScriptEngine.runScriptAsRawText(ScriptEngine.java:108)
	at com.kms.katalon.core.main.TestCaseExecutor.runScript(TestCaseExecutor.java:294)
	at com.kms.katalon.core.main.TestCaseExecutor.doExecute(TestCaseExecutor.java:285)
	at com.kms.katalon.core.main.TestCaseExecutor.processExecutionPhase(TestCaseExecutor.java:264)
	at com.kms.katalon.core.main.TestCaseExecutor.accessMainPhase(TestCaseExecutor.java:256)
	at com.kms.katalon.core.main.TestCaseExecutor.execute(TestCaseExecutor.java:200)
	at com.kms.katalon.core.main.TestSuiteExecutor.accessTestCaseMainPhase(TestSuiteExecutor.java:129)
	at com.kms.katalon.core.main.TestSuiteExecutor.accessTestSuiteMainPhase(TestSuiteExecutor.java:112)
	at com.kms.katalon.core.main.TestSuiteExecutor.execute(TestSuiteExecutor.java:81)
	at com.kms.katalon.core.main.TestCaseMain.startTestSuite(TestCaseMain.java:142)
	at com.kms.katalon.core.main.TestCaseMain$startTestSuite$0.call(Unknown Source)
	at org.codehaus.groovy.runtime.callsite.CallSiteArray.defaultCall(CallSiteArray.java:48)
	at org.codehaus.groovy.runtime.callsite.AbstractCallSite.call(AbstractCallSite.java:113)
	at org.codehaus.groovy.runtime.callsite.AbstractCallSite.call(AbstractCallSite.java:141)
	at TempTestSuite1541112894227.run(TempTestSuite1541112894227.groovy:36)
	at groovy.lang.GroovyShell.runScriptOrMainOrTestOrRunnable(GroovyShell.java:263)
	at groovy.lang.GroovyShell.run(GroovyShell.java:518)
	at groovy.lang.GroovyShell.run(GroovyShell.java:507)
	at groovy.ui.GroovyMain.processOnce(GroovyMain.java:653)
	at groovy.ui.GroovyMain.run(GroovyMain.java:384)
	at groovy.ui.GroovyMain.process(GroovyMain.java:370)
	at groovy.ui.GroovyMain.processArgs(GroovyMain.java:129)
	at groovy.ui.GroovyMain.main(GroovyMain.java:109)
	at sun.reflect.NativeMethodAccessorImpl.invoke0(Native Method)
	at sun.reflect.NativeMethodAccessorImpl.invoke(NativeMethodAccessorImpl.java:62)
	at sun.reflect.DelegatingMethodAccessorImpl.invoke(DelegatingMethodAccessorImpl.java:43)
	at java.lang.reflect.Method.invoke(Method.java:498)
	at org.codehaus.groovy.tools.GroovyStarter.rootLoader(GroovyStarter.java:109)
	at org.codehaus.groovy.tools.GroovyStarter.main(GroovyStarter.java:131)
)

2018-11-01 16:09:49 - [TEST_STEP][PASSED] - openBrowser: Browser is opened with url: 'https://stats.us1.kontiki.com/login/email'

2018-11-01 16:09:54 - [MESSAGE][PASSED] - Browser is opened with url: 'https://stats.us1.kontiki.com/login/email'

2018-11-01 16:09:54 - [TEST_STEP][PASSED] - setText: Text 'alahley@kollective.com' is set on object 'Object Repository/Page_Log in/input_email (2)'

2018-11-01 16:09:54 - [MESSAGE][PASSED] - Text 'alahley@kollective.com' is set on object 'Object Repository/Page_Log in/input_email (2)'

2018-11-01 16:09:54 - [TEST_STEP][PASSED] - setEncryptedText: Text ****** has been set on object 'Object Repository/Page_Log in/input_password (2)'

2018-11-01 16:09:54 - [MESSAGE][PASSED] - Text ****** has been set on object 'Object Repository/Page_Log in/input_password (2)'

2018-11-01 16:09:54 - [TEST_STEP][PASSED] - click: Object: 'Object Repository/Page_Log in/input_remember (2)' is clicked on

2018-11-01 16:09:54 - [MESSAGE][PASSED] - Object: 'Object Repository/Page_Log in/input_remember (2)' is clicked on

2018-11-01 16:09:54 - [TEST_STEP][PASSED] - click: Object: 'Object Repository/Page_Log in/input_login-submit (2)' is clicked on

2018-11-01 16:09:56 - [MESSAGE][PASSED] - Object: 'Object Repository/Page_Log in/input_login-submit (2)' is clicked on

2018-11-01 16:09:56 - [TEST_STEP][PASSED] - waitForAngularLoad: Angular is ready.

2018-11-01 16:10:00 - [MESSAGE][PASSED] - Angular is ready.

2018-11-01 16:10:00 - [TEST_STEP][PASSED] - waitForPageLoad: Wait for page load successfully

2018-11-01 16:10:00 - [MESSAGE][WARNING] - Timeout '0' is invalid. Using default page load timeout: '30'

2018-11-01 16:10:00 - [MESSAGE][PASSED] - Wait for page load successfully

2018-11-01 16:10:00 - [TEST_STEP][PASSED] - navigateToUrl: Navigate to 'https://stats.us1.kontiki.com/dashboards/analytics_external::network_summary?time_filter=6%20months&filter_config=%7B%22time_filter%22:%5B%7B%22type%22:%22past%22,%22values%22:%5B%7B%22constant%22:%226%22,%22unit%22:%22mo%22%7D,%7B%7D%5D,%22id%22:1%7D%5D%7D' successfully

2018-11-01 16:10:01 - [MESSAGE][PASSED] - Navigate to 'https://stats.us1.kontiki.com/dashboards/analytics_external::network_summary?time_filter=6%20months&filter_config=%7B%22time_filter%22:%5B%7B%22type%22:%22past%22,%22values%22:%5B%7B%22constant%22:%226%22,%22unit%22:%22mo%22%7D,%7B%7D%5D,%22id%22:1%7D%5D%7D' successfully

2018-11-01 16:10:01 - [TEST_STEP][PASSED] - waitForAngularLoad: Angular is ready.

2018-11-01 16:10:09 - [MESSAGE][PASSED] - Angular is ready.

2018-11-01 16:10:09 - [TEST_STEP][PASSED] - waitForPageLoad: Wait for page load successfully

2018-11-01 16:10:09 - [MESSAGE][WARNING] - Timeout '0' is invalid. Using default page load timeout: '30'

2018-11-01 16:10:09 - [MESSAGE][PASSED] - Wait for page load successfully

2018-11-01 16:10:09 - [TEST_STEP][PASSED] - navigateToUrl: Navigate to 'https://stats.us1.kontiki.com/dashboards/analytics_external::network_content?content_moid_filter=f1baef84-b596-4931-bf4d-412956c0e805&format_moid_filter=&time_filter=&filter_config=%7B%22content_moid_filter%22:%5B%7B%22type%22:%22%3D%22,%22values%22:%5B%7B%22constant%22:%22f1baef84-b596-4931-bf4d-412956c0e805%22%7D,%7B%7D%5D,%22id%22:0%7D%5D,%22format_moid_filter%22:%5B%7B%22type%22:%22%3D%22,%22values%22:%5B%7B%22constant%22:%22%22%7D,%7B%7D%5D,%22id%22:1%7D%5D,%22time_filter%22:%5B%7B%22type%22:%22advanced%22,%22values%22:%5B%7B%22constant%22:null%7D,%7B%7D%5D,%22id%22:2%7D%5D%7D' successfully

2018-11-01 16:10:10 - [MESSAGE][PASSED] - Navigate to 'https://stats.us1.kontiki.com/dashboards/analytics_external::network_content?content_moid_filter=f1baef84-b596-4931-bf4d-412956c0e805&format_moid_filter=&time_filter=&filter_config=%7B%22content_moid_filter%22:%5B%7B%22type%22:%22%3D%22,%22values%22:%5B%7B%22constant%22:%22f1baef84-b596-4931-bf4d-412956c0e805%22%7D,%7B%7D%5D,%22id%22:0%7D%5D,%22format_moid_filter%22:%5B%7B%22type%22:%22%3D%22,%22values%22:%5B%7B%22constant%22:%22%22%7D,%7B%7D%5D,%22id%22:1%7D%5D,%22time_filter%22:%5B%7B%22type%22:%22advanced%22,%22values%22:%5B%7B%22constant%22:null%7D,%7B%7D%5D,%22id%22:2%7D%5D%7D' successfully

2018-11-01 16:10:10 - [TEST_STEP][PASSED] - waitForAngularLoad: Angular is ready.

2018-11-01 16:10:13 - [MESSAGE][PASSED] - Angular is ready.

2018-11-01 16:10:13 - [TEST_STEP][PASSED] - waitForPageLoad: Wait for page load successfully

2018-11-01 16:10:13 - [MESSAGE][WARNING] - Timeout '0' is invalid. Using default page load timeout: '30'

2018-11-01 16:10:13 - [MESSAGE][PASSED] - Wait for page load successfully

2018-11-01 16:10:13 - [TEST_STEP][PASSED] - navigateToUrl: Navigate to 'https://stats.us1.kontiki.com/dashboards/analytics_external::network_locality?Last%20Delivery%20Time=6%20months&Last%20Report%20Time=&Locality=&External%20IP=&filter_config=%7B%22Last%20Delivery%20Time%22:%5B%7B%22type%22:%22past%22,%22values%22:%5B%7B%22constant%22:%226%22,%22unit%22:%22mo%22%7D,%7B%7D%5D,%22id%22:8%7D%5D,%22Last%20Report%20Time%22:%5B%7B%22type%22:%22anytime%22,%22values%22:%5B%7B%7D,%7B%7D%5D,%22id%22:9%7D%5D,%22Locality%22:%5B%7B%22type%22:%22%3D%22,%22values%22:%5B%7B%22constant%22:%22%22%7D,%7B%7D%5D,%22id%22:10%7D%5D,%22External%20IP%22:%5B%7B%22type%22:%22%3D%22,%22values%22:%5B%7B%22constant%22:%22%22%7D,%7B%7D%5D,%22id%22:11%7D%5D%7D' successfully

2018-11-01 16:10:14 - [MESSAGE][PASSED] - Navigate to 'https://stats.us1.kontiki.com/dashboards/analytics_external::network_locality?Last%20Delivery%20Time=6%20months&Last%20Report%20Time=&Locality=&External%20IP=&filter_config=%7B%22Last%20Delivery%20Time%22:%5B%7B%22type%22:%22past%22,%22values%22:%5B%7B%22constant%22:%226%22,%22unit%22:%22mo%22%7D,%7B%7D%5D,%22id%22:8%7D%5D,%22Last%20Report%20Time%22:%5B%7B%22type%22:%22anytime%22,%22values%22:%5B%7B%7D,%7B%7D%5D,%22id%22:9%7D%5D,%22Locality%22:%5B%7B%22type%22:%22%3D%22,%22values%22:%5B%7B%22constant%22:%22%22%7D,%7B%7D%5D,%22id%22:10%7D%5D,%22External%20IP%22:%5B%7B%22type%22:%22%3D%22,%22values%22:%5B%7B%22constant%22:%22%22%7D,%7B%7D%5D,%22id%22:11%7D%5D%7D' successfully

2018-11-01 16:10:14 - [TEST_STEP][PASSED] - waitForAngularLoad: Angular is ready.

2018-11-01 16:10:18 - [MESSAGE][PASSED] - Angular is ready.

2018-11-01 16:10:18 - [TEST_STEP][PASSED] - waitForPageLoad: Wait for page load successfully

2018-11-01 16:10:18 - [MESSAGE][WARNING] - Timeout '0' is invalid. Using default page load timeout: '30'

2018-11-01 16:10:18 - [MESSAGE][PASSED] - Wait for page load successfully

2018-11-01 16:10:18 - [TEST_STEP][PASSED] - navigateToUrl: Navigate to 'https://stats.us1.kontiki.com/dashboards/analytics_external::live_event_summary?time_filter=6%20months&title_filter=&filter_config=%7B%22time_filter%22:%5B%7B%22type%22:%22past%22,%22values%22:%5B%7B%22constant%22:%226%22,%22unit%22:%22mo%22%7D,%7B%7D%5D,%22id%22:4%7D%5D,%22title_filter%22:%5B%7B%22type%22:%22%3D%22,%22values%22:%5B%7B%22constant%22:%22%22%7D,%7B%7D%5D,%22id%22:5%7D%5D%7D' successfully

2018-11-01 16:10:19 - [MESSAGE][PASSED] - Navigate to 'https://stats.us1.kontiki.com/dashboards/analytics_external::live_event_summary?time_filter=6%20months&title_filter=&filter_config=%7B%22time_filter%22:%5B%7B%22type%22:%22past%22,%22values%22:%5B%7B%22constant%22:%226%22,%22unit%22:%22mo%22%7D,%7B%7D%5D,%22id%22:4%7D%5D,%22title_filter%22:%5B%7B%22type%22:%22%3D%22,%22values%22:%5B%7B%22constant%22:%22%22%7D,%7B%7D%5D,%22id%22:5%7D%5D%7D' successfully

2018-11-01 16:10:19 - [TEST_STEP][PASSED] - waitForAngularLoad: Angular is ready.

2018-11-01 16:10:23 - [MESSAGE][PASSED] - Angular is ready.

2018-11-01 16:10:23 - [TEST_STEP][PASSED] - waitForPageLoad: Wait for page load successfully

2018-11-01 16:10:23 - [MESSAGE][WARNING] - Timeout '0' is invalid. Using default page load timeout: '30'

2018-11-01 16:10:23 - [MESSAGE][PASSED] - Wait for page load successfully

2018-11-01 16:10:23 - [TEST_STEP][PASSED] - navigateToUrl: Navigate to 'https://stats.us1.kontiki.com/dashboards/analytics_external::live_event?content_moid_filter=3725f032-f9cf-4df4-96ed-674be4ab0938&format_moid_filter=&time_filter=&filter_config=%7B%22content_moid_filter%22:%5B%7B%22type%22:%22%3D%22,%22values%22:%5B%7B%22constant%22:%223725f032-f9cf-4df4-96ed-674be4ab0938%22%7D,%7B%7D%5D,%22id%22:0%7D%5D,%22format_moid_filter%22:%5B%7B%22type%22:%22%3D%22,%22values%22:%5B%7B%22constant%22:%22%22%7D,%7B%7D%5D,%22id%22:1%7D%5D,%22time_filter%22:%5B%7B%22type%22:%22advanced%22,%22values%22:%5B%7B%22constant%22:null%7D,%7B%7D%5D,%22id%22:2%7D%5D%7D' successfully

2018-11-01 16:10:23 - [MESSAGE][PASSED] - Navigate to 'https://stats.us1.kontiki.com/dashboards/analytics_external::live_event?content_moid_filter=3725f032-f9cf-4df4-96ed-674be4ab0938&format_moid_filter=&time_filter=&filter_config=%7B%22content_moid_filter%22:%5B%7B%22type%22:%22%3D%22,%22values%22:%5B%7B%22constant%22:%223725f032-f9cf-4df4-96ed-674be4ab0938%22%7D,%7B%7D%5D,%22id%22:0%7D%5D,%22format_moid_filter%22:%5B%7B%22type%22:%22%3D%22,%22values%22:%5B%7B%22constant%22:%22%22%7D,%7B%7D%5D,%22id%22:1%7D%5D,%22time_filter%22:%5B%7B%22type%22:%22advanced%22,%22values%22:%5B%7B%22constant%22:null%7D,%7B%7D%5D,%22id%22:2%7D%5D%7D' successfully

2018-11-01 16:10:23 - [TEST_STEP][PASSED] - waitForAngularLoad: Angular is ready.

2018-11-01 16:10:27 - [MESSAGE][PASSED] - Angular is ready.

2018-11-01 16:10:27 - [TEST_STEP][PASSED] - waitForPageLoad: Wait for page load successfully

2018-11-01 16:10:27 - [MESSAGE][WARNING] - Timeout '0' is invalid. Using default page load timeout: '30'

2018-11-01 16:10:27 - [MESSAGE][PASSED] - Wait for page load successfully

2018-11-01 16:10:27 - [TEST_STEP][PASSED] - navigateToUrl: Navigate to 'https://stats.us1.kontiki.com/dashboards/analytics_external::live_event_in_progress?content_moid_filter=&format_moid_filter=&time_filter=2%20weeks&filter_config=%7B%22content_moid_filter%22:%5B%7B%22type%22:%22%3D%22,%22values%22:%5B%7B%22constant%22:%22%22%7D,%7B%7D%5D,%22id%22:6%7D%5D,%22format_moid_filter%22:%5B%7B%22type%22:%22%3D%22,%22values%22:%5B%7B%22constant%22:%22%22%7D,%7B%7D%5D,%22id%22:7%7D%5D,%22time_filter%22:%5B%7B%22type%22:%22past%22,%22values%22:%5B%7B%22constant%22:%222%22,%22unit%22:%22wk%22%7D%5D,%22id%22:8%7D%5D%7D' successfully

2018-11-01 16:10:27 - [MESSAGE][PASSED] - Navigate to 'https://stats.us1.kontiki.com/dashboards/analytics_external::live_event_in_progress?content_moid_filter=&format_moid_filter=&time_filter=2%20weeks&filter_config=%7B%22content_moid_filter%22:%5B%7B%22type%22:%22%3D%22,%22values%22:%5B%7B%22constant%22:%22%22%7D,%7B%7D%5D,%22id%22:6%7D%5D,%22format_moid_filter%22:%5B%7B%22type%22:%22%3D%22,%22values%22:%5B%7B%22constant%22:%22%22%7D,%7B%7D%5D,%22id%22:7%7D%5D,%22time_filter%22:%5B%7B%22type%22:%22past%22,%22values%22:%5B%7B%22constant%22:%222%22,%22unit%22:%22wk%22%7D%5D,%22id%22:8%7D%5D%7D' successfully

2018-11-01 16:10:27 - [TEST_STEP][PASSED] - waitForAngularLoad: Angular is ready.

2018-11-01 16:10:32 - [MESSAGE][PASSED] - Angular is ready.

2018-11-01 16:10:32 - [TEST_STEP][PASSED] - waitForPageLoad: Wait for page load successfully

2018-11-01 16:10:32 - [MESSAGE][WARNING] - Timeout '0' is invalid. Using default page load timeout: '30'

2018-11-01 16:10:33 - [MESSAGE][PASSED] - Wait for page load successfully

2018-11-01 16:10:33 - [TEST_STEP][PASSED] - navigateToUrl: Navigate to 'https://stats.us1.kontiki.com/dashboards/analytics_external::vod_summary?time_filter=6%20months&event_filter=&filter_config=%7B%22time_filter%22:%5B%7B%22type%22:%22past%22,%22values%22:%5B%7B%22constant%22:%226%22,%22unit%22:%22mo%22%7D,%7B%7D%5D,%22id%22:4%7D%5D,%22event_filter%22:%5B%7B%22type%22:%22%3D%22,%22values%22:%5B%7B%22constant%22:%22%22%7D,%7B%7D%5D,%22id%22:5%7D%5D%7D' successfully

2018-11-01 16:10:35 - [MESSAGE][PASSED] - Navigate to 'https://stats.us1.kontiki.com/dashboards/analytics_external::vod_summary?time_filter=6%20months&event_filter=&filter_config=%7B%22time_filter%22:%5B%7B%22type%22:%22past%22,%22values%22:%5B%7B%22constant%22:%226%22,%22unit%22:%22mo%22%7D,%7B%7D%5D,%22id%22:4%7D%5D,%22event_filter%22:%5B%7B%22type%22:%22%3D%22,%22values%22:%5B%7B%22constant%22:%22%22%7D,%7B%7D%5D,%22id%22:5%7D%5D%7D' successfully

2018-11-01 16:10:35 - [TEST_STEP][PASSED] - waitForAngularLoad: Angular is ready.

2018-11-01 16:10:39 - [MESSAGE][PASSED] - Angular is ready.

2018-11-01 16:10:39 - [TEST_STEP][PASSED] - waitForPageLoad: Wait for page load successfully

2018-11-01 16:10:39 - [MESSAGE][WARNING] - Timeout '0' is invalid. Using default page load timeout: '30'

2018-11-01 16:10:39 - [MESSAGE][PASSED] - Wait for page load successfully

2018-11-01 16:10:39 - [TEST_STEP][PASSED] - verifyTextNotPresent: Text 'No Results' is not present on page

2018-11-01 16:10:43 - [MESSAGE][PASSED] - Text 'No Results' is not present on page

2018-11-01 16:10:43 - [TEST_STEP][PASSED] - navigateToUrl: Navigate to 'https://stats.us1.kontiki.com/dashboards/analytics_external::vod_performance?content_moid_filter=18110261-0fdc-40c1-8996-5c30d7f4c2a6&time_filter=&filter_config=%7B%22content_moid_filter%22:%5B%7B%22type%22:%22%3D%22,%22values%22:%5B%7B%22constant%22:%2218110261-0fdc-40c1-8996-5c30d7f4c2a6%22%7D,%7B%7D%5D,%22id%22:0%7D%5D,%22time_filter%22:%5B%7B%22type%22:%22advanced%22,%22values%22:%5B%7B%22constant%22:null%7D,%7B%7D%5D,%22id%22:1%7D%5D%7D' successfully

2018-11-01 16:10:43 - [MESSAGE][PASSED] - Navigate to 'https://stats.us1.kontiki.com/dashboards/analytics_external::vod_performance?content_moid_filter=18110261-0fdc-40c1-8996-5c30d7f4c2a6&time_filter=&filter_config=%7B%22content_moid_filter%22:%5B%7B%22type%22:%22%3D%22,%22values%22:%5B%7B%22constant%22:%2218110261-0fdc-40c1-8996-5c30d7f4c2a6%22%7D,%7B%7D%5D,%22id%22:0%7D%5D,%22time_filter%22:%5B%7B%22type%22:%22advanced%22,%22values%22:%5B%7B%22constant%22:null%7D,%7B%7D%5D,%22id%22:1%7D%5D%7D' successfully

2018-11-01 16:10:43 - [TEST_STEP][PASSED] - waitForAngularLoad: Angular is ready.

2018-11-01 16:10:46 - [MESSAGE][PASSED] - Angular is ready.

2018-11-01 16:10:46 - [TEST_STEP][PASSED] - waitForPageLoad: Wait for page load successfully

2018-11-01 16:10:46 - [MESSAGE][WARNING] - Timeout '0' is invalid. Using default page load timeout: '30'

2018-11-01 16:10:47 - [MESSAGE][PASSED] - Wait for page load successfully

2018-11-01 16:10:47 - [TEST_STEP][FAILED] - verifyTextNotPresent: Text 'No Results' is present on page 

2018-11-01 16:10:49 - [MESSAGE][FAILED] - Text 'No Results' is present on page 

2018-11-01 16:10:49 - [TEST_STEP][PASSED] - navigateToUrl: Navigate to 'https://stats.us1.kontiki.com/dashboards/analytics_external::vod_performance?content_moid_filter=c3605b39-9d22-4413-8718-98abacc81044&time_filter=&filter_config=%7B%22content_moid_filter%22:%5B%7B%22type%22:%22%3D%22,%22values%22:%5B%7B%22constant%22:%22c3605b39-9d22-4413-8718-98abacc81044%22%7D,%7B%7D%5D,%22id%22:0%7D%5D,%22time_filter%22:%5B%7B%22type%22:%22advanced%22,%22values%22:%5B%7B%22constant%22:null%7D,%7B%7D%5D,%22id%22:1%7D%5D%7D' successfully

2018-11-01 16:10:50 - [MESSAGE][PASSED] - Navigate to 'https://stats.us1.kontiki.com/dashboards/analytics_external::vod_performance?content_moid_filter=c3605b39-9d22-4413-8718-98abacc81044&time_filter=&filter_config=%7B%22content_moid_filter%22:%5B%7B%22type%22:%22%3D%22,%22values%22:%5B%7B%22constant%22:%22c3605b39-9d22-4413-8718-98abacc81044%22%7D,%7B%7D%5D,%22id%22:0%7D%5D,%22time_filter%22:%5B%7B%22type%22:%22advanced%22,%22values%22:%5B%7B%22constant%22:null%7D,%7B%7D%5D,%22id%22:1%7D%5D%7D' successfully

2018-11-01 16:10:50 - [TEST_STEP][PASSED] - waitForAngularLoad: Angular is ready.

2018-11-01 16:10:54 - [MESSAGE][PASSED] - Angular is ready.

2018-11-01 16:10:54 - [TEST_STEP][PASSED] - waitForPageLoad: Wait for page load successfully

2018-11-01 16:10:54 - [MESSAGE][WARNING] - Timeout '0' is invalid. Using default page load timeout: '30'

2018-11-01 16:10:54 - [MESSAGE][PASSED] - Wait for page load successfully

2018-11-01 16:10:54 - [TEST_STEP][PASSED] - navigateToUrl: Navigate to 'https://stats.us1.kontiki.com/dashboards/sccm_users::sccm_summary?time_filter=6%20months&filter_config=%7B%22time_filter%22:%5B%7B%22type%22:%22past%22,%22values%22:%5B%7B%22constant%22:%226%22,%22unit%22:%22mo%22%7D,%7B%7D%5D,%22id%22:2%7D%5D%7D' successfully

2018-11-01 16:10:55 - [MESSAGE][PASSED] - Navigate to 'https://stats.us1.kontiki.com/dashboards/sccm_users::sccm_summary?time_filter=6%20months&filter_config=%7B%22time_filter%22:%5B%7B%22type%22:%22past%22,%22values%22:%5B%7B%22constant%22:%226%22,%22unit%22:%22mo%22%7D,%7B%7D%5D,%22id%22:2%7D%5D%7D' successfully

2018-11-01 16:10:55 - [TEST_STEP][PASSED] - waitForAngularLoad: Angular is ready.

2018-11-01 16:10:58 - [MESSAGE][PASSED] - Angular is ready.

2018-11-01 16:10:58 - [TEST_STEP][PASSED] - waitForPageLoad: Wait for page load successfully

2018-11-01 16:10:58 - [MESSAGE][WARNING] - Timeout '0' is invalid. Using default page load timeout: '30'

2018-11-01 16:10:58 - [MESSAGE][PASSED] - Wait for page load successfully

2018-11-01 16:10:58 - [TEST_STEP][PASSED] - navigateToUrl: Navigate to 'https://stats.us1.kontiki.com/dashboards/analytics_external::live_event?content_moid_filter=&format_moid_filter=&time_filter=2%20weeks&filter_config=%7B%22content_moid_filter%22:%5B%7B%22type%22:%22%3D%22,%22values%22:%5B%7B%22constant%22:%22%22%7D,%7B%7D%5D,%22id%22:0%7D%5D,%22format_moid_filter%22:%5B%7B%22type%22:%22%3D%22,%22values%22:%5B%7B%22constant%22:%22%22%7D,%7B%7D%5D,%22id%22:1%7D%5D,%22time_filter%22:%5B%7B%22type%22:%22past%22,%22values%22:%5B%7B%22constant%22:%222%22,%22unit%22:%22wk%22%7D%5D,%22id%22:2%7D%5D%7D' successfully

2018-11-01 16:10:58 - [MESSAGE][PASSED] - Navigate to 'https://stats.us1.kontiki.com/dashboards/analytics_external::live_event?content_moid_filter=&format_moid_filter=&time_filter=2%20weeks&filter_config=%7B%22content_moid_filter%22:%5B%7B%22type%22:%22%3D%22,%22values%22:%5B%7B%22constant%22:%22%22%7D,%7B%7D%5D,%22id%22:0%7D%5D,%22format_moid_filter%22:%5B%7B%22type%22:%22%3D%22,%22values%22:%5B%7B%22constant%22:%22%22%7D,%7B%7D%5D,%22id%22:1%7D%5D,%22time_filter%22:%5B%7B%22type%22:%22past%22,%22values%22:%5B%7B%22constant%22:%222%22,%22unit%22:%22wk%22%7D%5D,%22id%22:2%7D%5D%7D' successfully

2018-11-01 16:10:58 - [TEST_STEP][PASSED] - waitForPageLoad: Wait for page load successfully

2018-11-01 16:10:58 - [MESSAGE][WARNING] - Timeout '0' is invalid. Using default page load timeout: '30'

2018-11-01 16:10:59 - [MESSAGE][PASSED] - Wait for page load successfully

2018-11-01 16:10:59 - [TEST_STEP][PASSED] - waitForAngularLoad: Angular is ready.

2018-11-01 16:10:59 - [MESSAGE][WARNING] - Timeout '0' is invalid. Using default page load timeout: '30'

2018-11-01 16:11:03 - [MESSAGE][PASSED] - Angular is ready.

2018-11-01 16:11:03 - [TEST_STEP][FAILED] - verifyElementNotVisible: Object 'Object Repository/Page_Live Event/div_No Results' is visible

2018-11-01 16:11:03 - [MESSAGE][FAILED] - Object 'Object Repository/Page_Live Event/div_No Results' is visible
[[ATTACHMENT|/Users/alahley/Katalon Studio/Analytics/Reports/BofA Sanity Check/20181101_155454/1541113863215.png]]

2018-11-01 16:11:03 - [TEST_STEP][FAILED] - click: Unable to click on object 'Object Repository/Page_Overview/a' (Root cause: com.kms.katalon.core.webui.exception.WebElementNotFoundException: Web element with id: 'Object Repository/Page_Overview/a' located by 'By.xpath: id("lk-nav-main")/div[@class="navigation-bar"]/lk-nav-menu[@class="ng-scope"]/div[@class="buttons"]/ul[@class="bottom"]/li[@class="navbar-profile"]/a[1]' not found)

2018-11-01 16:11:38 - [MESSAGE][FAILED] - Unable to click on object 'Object Repository/Page_Overview/a' (Root cause: com.kms.katalon.core.webui.exception.WebElementNotFoundException: Web element with id: 'Object Repository/Page_Overview/a' located by 'By.xpath: id("lk-nav-main")/div[@class="navigation-bar"]/lk-nav-menu[@class="ng-scope"]/div[@class="buttons"]/ul[@class="bottom"]/li[@class="navbar-profile"]/a[1]' not found)
[[ATTACHMENT|/Users/alahley/Katalon Studio/Analytics/Reports/BofA Sanity Check/20181101_155454/1541113897977.png]]

2018-11-01 16:11:38 - [TEST_STEP][FAILED] - click: Unable to click on object 'Object Repository/Page_SCCM Summary/a_Log Out' (Root cause: org.openqa.selenium.ElementNotInteractableException: Element <a href="/logout"> could not be scrolled into view
Build info: version: '3.7.1', revision: '8a0099a', time: '2017-11-06T21:07:36.161Z'
System info: host: 'Adams-MacBook-Right.local', ip: 'fe80:0:0:0:484:61f0:a7a6:b324%en0', os.name: 'Mac OS X', os.arch: 'x86_64', os.version: '10.13.6', java.version: '1.8.0_181'
Driver info: com.kms.katalon.core.webui.driver.firefox.CGeckoDriver
Capabilities {acceptInsecureCerts: true, browserName: firefox, browserVersion: 62.0.2, javascriptEnabled: true, moz:accessibilityChecks: false, moz:headless: false, moz:processID: 13276, moz:profile: /var/folders/jr/7vywd_6j2l1..., moz:useNonSpecCompliantPointerOrigin: false, moz:webdriverClick: true, pageLoadStrategy: normal, platform: MAC, platformName: MAC, platformVersion: 17.7.0, proxy: Proxy(direct), rotatable: false, timeouts: {implicit: 0, pageLoad: 300000, script: 30000}}
Session ID: b5007f66-41bc-a949-be84-3fd66c33c65c)

2018-11-01 16:11:38 - [MESSAGE][FAILED] - Unable to click on object 'Object Repository/Page_SCCM Summary/a_Log Out' (Root cause: org.openqa.selenium.ElementNotInteractableException: Element <a href="/logout"> could not be scrolled into view
Build info: version: '3.7.1', revision: '8a0099a', time: '2017-11-06T21:07:36.161Z'
System info: host: 'Adams-MacBook-Right.local', ip: 'fe80:0:0:0:484:61f0:a7a6:b324%en0', os.name: 'Mac OS X', os.arch: 'x86_64', os.version: '10.13.6', java.version: '1.8.0_181'
Driver info: com.kms.katalon.core.webui.driver.firefox.CGeckoDriver
Capabilities {acceptInsecureCerts: true, browserName: firefox, browserVersion: 62.0.2, javascriptEnabled: true, moz:accessibilityChecks: false, moz:headless: false, moz:processID: 13276, moz:profile: /var/folders/jr/7vywd_6j2l1..., moz:useNonSpecCompliantPointerOrigin: false, moz:webdriverClick: true, pageLoadStrategy: normal, platform: MAC, platformName: MAC, platformVersion: 17.7.0, proxy: Proxy(direct), rotatable: false, timeouts: {implicit: 0, pageLoad: 300000, script: 30000}}
Session ID: b5007f66-41bc-a949-be84-3fd66c33c65c)
[[ATTACHMENT|/Users/alahley/Katalon Studio/Analytics/Reports/BofA Sanity Check/20181101_155454/1541113898143.png]]

2018-11-01 16:11:38 - [TEST_STEP][PASSED] - waitForAngularLoad: Angular is ready.

2018-11-01 16:11:38 - [MESSAGE][PASSED] - Angular is ready.

2018-11-01 16:11:38 - [TEST_STEP][PASSED] - waitForPageLoad: Wait for page load successfully

2018-11-01 16:11:38 - [MESSAGE][WARNING] - Timeout '0' is invalid. Using default page load timeout: '30'

2018-11-01 16:11:38 - [MESSAGE][PASSED] - Wait for page load successfully

2018-11-01 16:11:38 - [TEST_STEP][FAILED] - verifyElementPresent: com.kms.katalon.core.webui.exception.WebElementNotFoundException: Web element with id: 'Object Repository/Page_Log in/div_Logout Successful.' located by 'By.cssSelector: div#lk-layout-simple-flash > div > div > div > div' not found

2018-11-01 16:11:38 - [MESSAGE][WARNING] - Timeout '0' is invalid. Using default page load timeout: '30'

2018-11-01 16:12:18 - [MESSAGE][FAILED] - com.kms.katalon.core.webui.exception.WebElementNotFoundException: Web element with id: 'Object Repository/Page_Log in/div_Logout Successful.' located by 'By.cssSelector: div#lk-layout-simple-flash > div > div > div > div' not found
[[ATTACHMENT|/Users/alahley/Katalon Studio/Analytics/Reports/BofA Sanity Check/20181101_155454/1541113938755.png]]

2018-11-01 16:12:18 - [TEST_STEP][FAILED] - verifyTextPresent: Text 'Logout Successful.' is not present on page 

2018-11-01 16:12:58 - [MESSAGE][FAILED] - Text 'Logout Successful.' is not present on page 

2018-11-01 16:12:58 - [TEST_STEP][PASSED] - closeBrowser: Browser is closed

2018-11-01 16:12:58 - [MESSAGE][PASSED] - Browser is closed]]></system-out>
         <system-err><![CDATA[2018-11-01 16:09:49 - [TEST_CASE][FAILED] - Test Cases/BofA/BofA - Summary: Test Cases/BofA/BofA - Summary FAILED because (of) (Stack trace: com.kms.katalon.core.exception.StepFailedException: Text 'No Results' is present on page 
	at com.kms.katalon.core.keyword.internal.KeywordMain.stepFailed(KeywordMain.groovy:32)
	at com.kms.katalon.core.webui.keyword.internal.WebUIKeywordMain.stepFailed(WebUIKeywordMain.groovy:65)
	at com.kms.katalon.core.webui.keyword.builtin.VerifyTextNotPresentKeyword$_verifyTextNotPresent_closure1.doCall(VerifyTextNotPresentKeyword.groovy:77)
	at com.kms.katalon.core.webui.keyword.builtin.VerifyTextNotPresentKeyword$_verifyTextNotPresent_closure1.call(VerifyTextNotPresentKeyword.groovy)
	at com.kms.katalon.core.webui.keyword.internal.WebUIKeywordMain.runKeyword(WebUIKeywordMain.groovy:21)
	at com.kms.katalon.core.webui.keyword.builtin.VerifyTextNotPresentKeyword.verifyTextNotPresent(VerifyTextNotPresentKeyword.groovy:82)
	at com.kms.katalon.core.webui.keyword.builtin.VerifyTextNotPresentKeyword.execute(VerifyTextNotPresentKeyword.groovy:68)
	at com.kms.katalon.core.keyword.internal.KeywordExecutor.executeKeywordForPlatform(KeywordExecutor.groovy:53)
	at com.kms.katalon.core.webui.keyword.WebUiBuiltInKeywords.verifyTextNotPresent(WebUiBuiltInKeywords.groovy:1726)
	at com.kms.katalon.core.webui.keyword.WebUiBuiltInKeywords$verifyTextNotPresent$14.call(Unknown Source)
	at org.codehaus.groovy.runtime.callsite.CallSiteArray.defaultCall(CallSiteArray.java:48)
	at org.codehaus.groovy.runtime.callsite.AbstractCallSite.call(AbstractCallSite.java:113)
	at org.codehaus.groovy.runtime.callsite.AbstractCallSite.call(AbstractCallSite.java:133)
	at Script1541106765466.run(Script1541106765466.groovy:104)
	at com.kms.katalon.core.main.ScriptEngine.run(ScriptEngine.java:183)
	at com.kms.katalon.core.main.ScriptEngine.runScriptAsRawText(ScriptEngine.java:108)
	at com.kms.katalon.core.main.TestCaseExecutor.runScript(TestCaseExecutor.java:294)
	at com.kms.katalon.core.main.TestCaseExecutor.doExecute(TestCaseExecutor.java:285)
	at com.kms.katalon.core.main.TestCaseExecutor.processExecutionPhase(TestCaseExecutor.java:264)
	at com.kms.katalon.core.main.TestCaseExecutor.accessMainPhase(TestCaseExecutor.java:256)
	at com.kms.katalon.core.main.TestCaseExecutor.execute(TestCaseExecutor.java:200)
	at com.kms.katalon.core.main.TestSuiteExecutor.accessTestCaseMainPhase(TestSuiteExecutor.java:129)
	at com.kms.katalon.core.main.TestSuiteExecutor.accessTestSuiteMainPhase(TestSuiteExecutor.java:112)
	at com.kms.katalon.core.main.TestSuiteExecutor.execute(TestSuiteExecutor.java:81)
	at com.kms.katalon.core.main.TestCaseMain.startTestSuite(TestCaseMain.java:142)
	at com.kms.katalon.core.main.TestCaseMain$startTestSuite$0.call(Unknown Source)
	at org.codehaus.groovy.runtime.callsite.CallSiteArray.defaultCall(CallSiteArray.java:48)
	at org.codehaus.groovy.runtime.callsite.AbstractCallSite.call(AbstractCallSite.java:113)
	at org.codehaus.groovy.runtime.callsite.AbstractCallSite.call(AbstractCallSite.java:141)
	at TempTestSuite1541112894227.run(TempTestSuite1541112894227.groovy:36)
	at groovy.lang.GroovyShell.runScriptOrMainOrTestOrRunnable(GroovyShell.java:263)
	at groovy.lang.GroovyShell.run(GroovyShell.java:518)
	at groovy.lang.GroovyShell.run(GroovyShell.java:507)
	at groovy.ui.GroovyMain.processOnce(GroovyMain.java:653)
	at groovy.ui.GroovyMain.run(GroovyMain.java:384)
	at groovy.ui.GroovyMain.process(GroovyMain.java:370)
	at groovy.ui.GroovyMain.processArgs(GroovyMain.java:129)
	at groovy.ui.GroovyMain.main(GroovyMain.java:109)
	at sun.reflect.NativeMethodAccessorImpl.invoke0(Native Method)
	at sun.reflect.NativeMethodAccessorImpl.invoke(NativeMethodAccessorImpl.java:62)
	at sun.reflect.DelegatingMethodAccessorImpl.invoke(DelegatingMethodAccessorImpl.java:43)
	at java.lang.reflect.Method.invoke(Method.java:498)
	at org.codehaus.groovy.tools.GroovyStarter.rootLoader(GroovyStarter.java:109)
	at org.codehaus.groovy.tools.GroovyStarter.main(GroovyStarter.java:131)
)]]></system-err>
      </testcase>
      <testcase name="Test Cases/BofA/BofA - Logging In and Out" classname="Test Cases/BofA/BofA - Logging In and Out" status="FAILED">
         <failure type="FAILED" message="(Stack trace: com.kms.katalon.core.exception.StepFailedException: com.kms.katalon.core.webui.exception.WebElementNotFoundException: Web element with id: 'Object Repository/Page_Overview/a' located by 'By.xpath: id(&quot;lk-nav-main&quot;)/div[@class=&quot;navigation-bar&quot;]/lk-nav-menu[@class=&quot;ng-scope&quot;]/div[@class=&quot;buttons&quot;]/ul[@class=&quot;bottom&quot;]/li[@class=&quot;navbar-profile&quot;]/a[1]' not found
	at com.kms.katalon.core.keyword.internal.KeywordMain.stepFailed(KeywordMain.groovy:32)
	at com.kms.katalon.core.webui.keyword.internal.WebUIKeywordMain.stepFailed(WebUIKeywordMain.groovy:65)
	at com.kms.katalon.core.webui.keyword.builtin.VerifyElementPresentKeyword$_verifyElementPresent_closure1.doCall(VerifyElementPresentKeyword.groovy:85)
	at com.kms.katalon.core.webui.keyword.builtin.VerifyElementPresentKeyword$_verifyElementPresent_closure1.call(VerifyElementPresentKeyword.groovy)
	at com.kms.katalon.core.webui.keyword.internal.WebUIKeywordMain.runKeyword(WebUIKeywordMain.groovy:21)
	at com.kms.katalon.core.webui.keyword.builtin.VerifyElementPresentKeyword.verifyElementPresent(VerifyElementPresentKeyword.groovy:92)
	at com.kms.katalon.core.webui.keyword.builtin.VerifyElementPresentKeyword.execute(VerifyElementPresentKeyword.groovy:68)
	at com.kms.katalon.core.keyword.internal.KeywordExecutor.executeKeywordForPlatform(KeywordExecutor.groovy:53)
	at com.kms.katalon.core.webui.keyword.WebUiBuiltInKeywords.verifyElementPresent(WebUiBuiltInKeywords.groovy:1434)
	at com.kms.katalon.core.webui.keyword.WebUiBuiltInKeywords$verifyElementPresent$7.call(Unknown Source)
	at org.codehaus.groovy.runtime.callsite.CallSiteArray.defaultCall(CallSiteArray.java:48)
	at org.codehaus.groovy.runtime.callsite.AbstractCallSite.call(AbstractCallSite.java:113)
	at org.codehaus.groovy.runtime.callsite.AbstractCallSite.call(AbstractCallSite.java:133)
	at Script1541106518186.run(Script1541106518186.groovy:34)
	at com.kms.katalon.core.main.ScriptEngine.run(ScriptEngine.java:183)
	at com.kms.katalon.core.main.ScriptEngine.runScriptAsRawText(ScriptEngine.java:108)
	at com.kms.katalon.core.main.TestCaseExecutor.runScript(TestCaseExecutor.java:294)
	at com.kms.katalon.core.main.TestCaseExecutor.doExecute(TestCaseExecutor.java:285)
	at com.kms.katalon.core.main.TestCaseExecutor.processExecutionPhase(TestCaseExecutor.java:264)
	at com.kms.katalon.core.main.TestCaseExecutor.accessMainPhase(TestCaseExecutor.java:256)
	at com.kms.katalon.core.main.TestCaseExecutor.execute(TestCaseExecutor.java:200)
	at com.kms.katalon.core.main.TestSuiteExecutor.accessTestCaseMainPhase(TestSuiteExecutor.java:129)
	at com.kms.katalon.core.main.TestSuiteExecutor.accessTestSuiteMainPhase(TestSuiteExecutor.java:112)
	at com.kms.katalon.core.main.TestSuiteExecutor.execute(TestSuiteExecutor.java:81)
	at com.kms.katalon.core.main.TestCaseMain.startTestSuite(TestCaseMain.java:142)
	at com.kms.katalon.core.main.TestCaseMain$startTestSuite$0.call(Unknown Source)
	at org.codehaus.groovy.runtime.callsite.CallSiteArray.defaultCall(CallSiteArray.java:48)
	at org.codehaus.groovy.runtime.callsite.AbstractCallSite.call(AbstractCallSite.java:113)
	at org.codehaus.groovy.runtime.callsite.AbstractCallSite.call(AbstractCallSite.java:141)
	at TempTestSuite1541112894227.run(TempTestSuite1541112894227.groovy:36)
	at groovy.lang.GroovyShell.runScriptOrMainOrTestOrRunnable(GroovyShell.java:263)
	at groovy.lang.GroovyShell.run(GroovyShell.java:518)
	at groovy.lang.GroovyShell.run(GroovyShell.java:507)
	at groovy.ui.GroovyMain.processOnce(GroovyMain.java:653)
	at groovy.ui.GroovyMain.run(GroovyMain.java:384)
	at groovy.ui.GroovyMain.process(GroovyMain.java:370)
	at groovy.ui.GroovyMain.processArgs(GroovyMain.java:129)
	at groovy.ui.GroovyMain.main(GroovyMain.java:109)
	at sun.reflect.NativeMethodAccessorImpl.invoke0(Native Method)
	at sun.reflect.NativeMethodAccessorImpl.invoke(NativeMethodAccessorImpl.java:62)
	at sun.reflect.DelegatingMethodAccessorImpl.invoke(DelegatingMethodAccessorImpl.java:43)
	at java.lang.reflect.Method.invoke(Method.java:498)
	at org.codehaus.groovy.tools.GroovyStarter.rootLoader(GroovyStarter.java:109)
	at org.codehaus.groovy.tools.GroovyStarter.main(GroovyStarter.java:131)
)"/>
         <system-out><![CDATA[2018-11-01 16:12:58 - [TEST_CASE][FAILED] - Test Cases/BofA/BofA - Logging In and Out: Test Cases/BofA/BofA - Logging In and Out FAILED because (of) (Stack trace: com.kms.katalon.core.exception.StepFailedException: com.kms.katalon.core.webui.exception.WebElementNotFoundException: Web element with id: 'Object Repository/Page_Overview/a' located by 'By.xpath: id("lk-nav-main")/div[@class="navigation-bar"]/lk-nav-menu[@class="ng-scope"]/div[@class="buttons"]/ul[@class="bottom"]/li[@class="navbar-profile"]/a[1]' not found
	at com.kms.katalon.core.keyword.internal.KeywordMain.stepFailed(KeywordMain.groovy:32)
	at com.kms.katalon.core.webui.keyword.internal.WebUIKeywordMain.stepFailed(WebUIKeywordMain.groovy:65)
	at com.kms.katalon.core.webui.keyword.builtin.VerifyElementPresentKeyword$_verifyElementPresent_closure1.doCall(VerifyElementPresentKeyword.groovy:85)
	at com.kms.katalon.core.webui.keyword.builtin.VerifyElementPresentKeyword$_verifyElementPresent_closure1.call(VerifyElementPresentKeyword.groovy)
	at com.kms.katalon.core.webui.keyword.internal.WebUIKeywordMain.runKeyword(WebUIKeywordMain.groovy:21)
	at com.kms.katalon.core.webui.keyword.builtin.VerifyElementPresentKeyword.verifyElementPresent(VerifyElementPresentKeyword.groovy:92)
	at com.kms.katalon.core.webui.keyword.builtin.VerifyElementPresentKeyword.execute(VerifyElementPresentKeyword.groovy:68)
	at com.kms.katalon.core.keyword.internal.KeywordExecutor.executeKeywordForPlatform(KeywordExecutor.groovy:53)
	at com.kms.katalon.core.webui.keyword.WebUiBuiltInKeywords.verifyElementPresent(WebUiBuiltInKeywords.groovy:1434)
	at com.kms.katalon.core.webui.keyword.WebUiBuiltInKeywords$verifyElementPresent$7.call(Unknown Source)
	at org.codehaus.groovy.runtime.callsite.CallSiteArray.defaultCall(CallSiteArray.java:48)
	at org.codehaus.groovy.runtime.callsite.AbstractCallSite.call(AbstractCallSite.java:113)
	at org.codehaus.groovy.runtime.callsite.AbstractCallSite.call(AbstractCallSite.java:133)
	at Script1541106518186.run(Script1541106518186.groovy:34)
	at com.kms.katalon.core.main.ScriptEngine.run(ScriptEngine.java:183)
	at com.kms.katalon.core.main.ScriptEngine.runScriptAsRawText(ScriptEngine.java:108)
	at com.kms.katalon.core.main.TestCaseExecutor.runScript(TestCaseExecutor.java:294)
	at com.kms.katalon.core.main.TestCaseExecutor.doExecute(TestCaseExecutor.java:285)
	at com.kms.katalon.core.main.TestCaseExecutor.processExecutionPhase(TestCaseExecutor.java:264)
	at com.kms.katalon.core.main.TestCaseExecutor.accessMainPhase(TestCaseExecutor.java:256)
	at com.kms.katalon.core.main.TestCaseExecutor.execute(TestCaseExecutor.java:200)
	at com.kms.katalon.core.main.TestSuiteExecutor.accessTestCaseMainPhase(TestSuiteExecutor.java:129)
	at com.kms.katalon.core.main.TestSuiteExecutor.accessTestSuiteMainPhase(TestSuiteExecutor.java:112)
	at com.kms.katalon.core.main.TestSuiteExecutor.execute(TestSuiteExecutor.java:81)
	at com.kms.katalon.core.main.TestCaseMain.startTestSuite(TestCaseMain.java:142)
	at com.kms.katalon.core.main.TestCaseMain$startTestSuite$0.call(Unknown Source)
	at org.codehaus.groovy.runtime.callsite.CallSiteArray.defaultCall(CallSiteArray.java:48)
	at org.codehaus.groovy.runtime.callsite.AbstractCallSite.call(AbstractCallSite.java:113)
	at org.codehaus.groovy.runtime.callsite.AbstractCallSite.call(AbstractCallSite.java:141)
	at TempTestSuite1541112894227.run(TempTestSuite1541112894227.groovy:36)
	at groovy.lang.GroovyShell.runScriptOrMainOrTestOrRunnable(GroovyShell.java:263)
	at groovy.lang.GroovyShell.run(GroovyShell.java:518)
	at groovy.lang.GroovyShell.run(GroovyShell.java:507)
	at groovy.ui.GroovyMain.processOnce(GroovyMain.java:653)
	at groovy.ui.GroovyMain.run(GroovyMain.java:384)
	at groovy.ui.GroovyMain.process(GroovyMain.java:370)
	at groovy.ui.GroovyMain.processArgs(GroovyMain.java:129)
	at groovy.ui.GroovyMain.main(GroovyMain.java:109)
	at sun.reflect.NativeMethodAccessorImpl.invoke0(Native Method)
	at sun.reflect.NativeMethodAccessorImpl.invoke(NativeMethodAccessorImpl.java:62)
	at sun.reflect.DelegatingMethodAccessorImpl.invoke(DelegatingMethodAccessorImpl.java:43)
	at java.lang.reflect.Method.invoke(Method.java:498)
	at org.codehaus.groovy.tools.GroovyStarter.rootLoader(GroovyStarter.java:109)
	at org.codehaus.groovy.tools.GroovyStarter.main(GroovyStarter.java:131)
)

2018-11-01 16:12:58 - [TEST_STEP][PASSED] - openBrowser: Browser is opened with url: 'https://stats.us1.kontiki.com/login/email'

2018-11-01 16:13:03 - [MESSAGE][PASSED] - Browser is opened with url: 'https://stats.us1.kontiki.com/login/email'

2018-11-01 16:13:03 - [TEST_STEP][PASSED] - setText: Text 'alahley@kollective.com' is set on object 'Object Repository/Page_Log in/input_email (2)'

2018-11-01 16:13:03 - [MESSAGE][PASSED] - Text 'alahley@kollective.com' is set on object 'Object Repository/Page_Log in/input_email (2)'

2018-11-01 16:13:03 - [TEST_STEP][PASSED] - setEncryptedText: Text ****** has been set on object 'Object Repository/Page_Log in/input_password (2)'

2018-11-01 16:13:03 - [MESSAGE][PASSED] - Text ****** has been set on object 'Object Repository/Page_Log in/input_password (2)'

2018-11-01 16:13:03 - [TEST_STEP][PASSED] - click: Object: 'Object Repository/Page_Log in/input_remember (2)' is clicked on

2018-11-01 16:13:03 - [MESSAGE][PASSED] - Object: 'Object Repository/Page_Log in/input_remember (2)' is clicked on

2018-11-01 16:13:03 - [TEST_STEP][PASSED] - click: Object: 'Object Repository/Page_Log in/input_login-submit (2)' is clicked on

2018-11-01 16:13:04 - [MESSAGE][PASSED] - Object: 'Object Repository/Page_Log in/input_login-submit (2)' is clicked on

2018-11-01 16:13:04 - [TEST_STEP][PASSED] - waitForAngularLoad: Angular is ready.

2018-11-01 16:13:08 - [MESSAGE][PASSED] - Angular is ready.

2018-11-01 16:13:08 - [TEST_STEP][FAILED] - verifyElementPresent: com.kms.katalon.core.webui.exception.WebElementNotFoundException: Web element with id: 'Object Repository/Page_Overview/a' located by 'By.xpath: id("lk-nav-main")/div[@class="navigation-bar"]/lk-nav-menu[@class="ng-scope"]/div[@class="buttons"]/ul[@class="bottom"]/li[@class="navbar-profile"]/a[1]' not found

2018-11-01 16:13:08 - [MESSAGE][WARNING] - Timeout '0' is invalid. Using default page load timeout: '30'

2018-11-01 16:13:59 - [MESSAGE][FAILED] - com.kms.katalon.core.webui.exception.WebElementNotFoundException: Web element with id: 'Object Repository/Page_Overview/a' located by 'By.xpath: id("lk-nav-main")/div[@class="navigation-bar"]/lk-nav-menu[@class="ng-scope"]/div[@class="buttons"]/ul[@class="bottom"]/li[@class="navbar-profile"]/a[1]' not found
[[ATTACHMENT|/Users/alahley/Katalon Studio/Analytics/Reports/BofA Sanity Check/20181101_155454/1541114039324.png]]

2018-11-01 16:13:59 - [TEST_STEP][PASSED] - verifyElementPresent: Object 'Object Repository/Page_Overview/div_Release Notes_flyout-backg (1)' is present

2018-11-01 16:13:59 - [MESSAGE][WARNING] - Timeout '0' is invalid. Using default page load timeout: '30'

2018-11-01 16:13:59 - [MESSAGE][PASSED] - Object 'Object Repository/Page_Overview/div_Release Notes_flyout-backg (1)' is present

2018-11-01 16:13:59 - [TEST_STEP][FAILED] - verifyElementPresent: com.kms.katalon.core.webui.exception.WebElementNotFoundException: Web element with id: 'Object Repository/Page_Overview/div_Admin_real-image' located by 'By.xpath: id("lk-nav-main")/div[@class="navigation-bar"]/lk-nav-menu[@class="ng-scope"]/div[@class="buttons"]/ul[@class="bottom"]/li[@class="navbar-profile"]/a[1]/div[@class="navbar-profile-img"]/div[@class="real-image"]' not found

2018-11-01 16:13:59 - [MESSAGE][WARNING] - Timeout '0' is invalid. Using default page load timeout: '30'

2018-11-01 16:14:39 - [MESSAGE][FAILED] - com.kms.katalon.core.webui.exception.WebElementNotFoundException: Web element with id: 'Object Repository/Page_Overview/div_Admin_real-image' located by 'By.xpath: id("lk-nav-main")/div[@class="navigation-bar"]/lk-nav-menu[@class="ng-scope"]/div[@class="buttons"]/ul[@class="bottom"]/li[@class="navbar-profile"]/a[1]/div[@class="navbar-profile-img"]/div[@class="real-image"]' not found
[[ATTACHMENT|/Users/alahley/Katalon Studio/Analytics/Reports/BofA Sanity Check/20181101_155454/1541114079800.png]]

2018-11-01 16:14:39 - [TEST_STEP][PASSED] - verifyElementPresent: Object 'Object Repository/Page_Overview/div_Release Notes_flyout-backg (1)' is present

2018-11-01 16:14:39 - [MESSAGE][WARNING] - Timeout '0' is invalid. Using default page load timeout: '30'

2018-11-01 16:14:39 - [MESSAGE][PASSED] - Object 'Object Repository/Page_Overview/div_Release Notes_flyout-backg (1)' is present

2018-11-01 16:14:39 - [TEST_STEP][FAILED] - verifyElementPresent: com.kms.katalon.core.webui.exception.WebElementNotFoundException: Web element with id: 'Object Repository/Page_Overview/i_Admin_lk-icon-arrow-down-car' located by 'By.xpath: id("lk-nav-main")/div[@class="navigation-bar"]/lk-nav-menu[@class="ng-scope"]/div[@class="buttons"]/ul[@class="bottom"]/li[@class="navbar-profile"]/a[1]/div[@class="text"]/i[@class="lk-icon-arrow-down-caret"]' not found

2018-11-01 16:14:39 - [MESSAGE][WARNING] - Timeout '0' is invalid. Using default page load timeout: '30'

2018-11-01 16:15:11 - [MESSAGE][FAILED] - com.kms.katalon.core.webui.exception.WebElementNotFoundException: Web element with id: 'Object Repository/Page_Overview/i_Admin_lk-icon-arrow-down-car' located by 'By.xpath: id("lk-nav-main")/div[@class="navigation-bar"]/lk-nav-menu[@class="ng-scope"]/div[@class="buttons"]/ul[@class="bottom"]/li[@class="navbar-profile"]/a[1]/div[@class="text"]/i[@class="lk-icon-arrow-down-caret"]' not found
[[ATTACHMENT|/Users/alahley/Katalon Studio/Analytics/Reports/BofA Sanity Check/20181101_155454/1541114111445.png]]

2018-11-01 16:15:11 - [TEST_STEP][FAILED] - verifyElementPresent: com.kms.katalon.core.webui.exception.WebElementNotFoundException: Web element with id: 'Object Repository/Page_Overview/a' located by 'By.xpath: id("lk-nav-main")/div[@class="navigation-bar"]/lk-nav-menu[@class="ng-scope"]/div[@class="buttons"]/ul[@class="bottom"]/li[@class="navbar-profile"]/a[1]' not found

2018-11-01 16:15:11 - [MESSAGE][WARNING] - Timeout '0' is invalid. Using default page load timeout: '30'

2018-11-01 16:16:00 - [MESSAGE][FAILED] - com.kms.katalon.core.webui.exception.WebElementNotFoundException: Web element with id: 'Object Repository/Page_Overview/a' located by 'By.xpath: id("lk-nav-main")/div[@class="navigation-bar"]/lk-nav-menu[@class="ng-scope"]/div[@class="buttons"]/ul[@class="bottom"]/li[@class="navbar-profile"]/a[1]' not found
[[ATTACHMENT|/Users/alahley/Katalon Studio/Analytics/Reports/BofA Sanity Check/20181101_155454/1541114160792.png]]

2018-11-01 16:16:00 - [TEST_STEP][PASSED] - verifyElementPresent: Object 'Object Repository/Page_Overview/div_Release Notes_flyout-backg (1)' is present

2018-11-01 16:16:00 - [MESSAGE][WARNING] - Timeout '0' is invalid. Using default page load timeout: '30'

2018-11-01 16:16:00 - [MESSAGE][PASSED] - Object 'Object Repository/Page_Overview/div_Release Notes_flyout-backg (1)' is present

2018-11-01 16:16:00 - [TEST_STEP][FAILED] - verifyElementPresent: com.kms.katalon.core.webui.exception.WebElementNotFoundException: Web element with id: 'Object Repository/Page_Overview/div_Admin_real-image' located by 'By.xpath: id("lk-nav-main")/div[@class="navigation-bar"]/lk-nav-menu[@class="ng-scope"]/div[@class="buttons"]/ul[@class="bottom"]/li[@class="navbar-profile"]/a[1]/div[@class="navbar-profile-img"]/div[@class="real-image"]' not found

2018-11-01 16:16:00 - [MESSAGE][WARNING] - Timeout '0' is invalid. Using default page load timeout: '30'

2018-11-01 16:16:38 - [MESSAGE][FAILED] - com.kms.katalon.core.webui.exception.WebElementNotFoundException: Web element with id: 'Object Repository/Page_Overview/div_Admin_real-image' located by 'By.xpath: id("lk-nav-main")/div[@class="navigation-bar"]/lk-nav-menu[@class="ng-scope"]/div[@class="buttons"]/ul[@class="bottom"]/li[@class="navbar-profile"]/a[1]/div[@class="navbar-profile-img"]/div[@class="real-image"]' not found
[[ATTACHMENT|/Users/alahley/Katalon Studio/Analytics/Reports/BofA Sanity Check/20181101_155454/1541114198720.png]]

2018-11-01 16:16:38 - [TEST_STEP][PASSED] - verifyElementPresent: Object 'Object Repository/Page_Overview/div_Release Notes_flyout-backg (1)' is present

2018-11-01 16:16:38 - [MESSAGE][WARNING] - Timeout '0' is invalid. Using default page load timeout: '30'

2018-11-01 16:16:38 - [MESSAGE][PASSED] - Object 'Object Repository/Page_Overview/div_Release Notes_flyout-backg (1)' is present

2018-11-01 16:16:38 - [TEST_STEP][FAILED] - verifyElementPresent: com.kms.katalon.core.webui.exception.WebElementNotFoundException: Web element with id: 'Object Repository/Page_Overview/i_Admin_lk-icon-arrow-down-car' located by 'By.xpath: id("lk-nav-main")/div[@class="navigation-bar"]/lk-nav-menu[@class="ng-scope"]/div[@class="buttons"]/ul[@class="bottom"]/li[@class="navbar-profile"]/a[1]/div[@class="text"]/i[@class="lk-icon-arrow-down-caret"]' not found

2018-11-01 16:16:38 - [MESSAGE][WARNING] - Timeout '0' is invalid. Using default page load timeout: '30'

2018-11-01 16:17:10 - [MESSAGE][FAILED] - com.kms.katalon.core.webui.exception.WebElementNotFoundException: Web element with id: 'Object Repository/Page_Overview/i_Admin_lk-icon-arrow-down-car' located by 'By.xpath: id("lk-nav-main")/div[@class="navigation-bar"]/lk-nav-menu[@class="ng-scope"]/div[@class="buttons"]/ul[@class="bottom"]/li[@class="navbar-profile"]/a[1]/div[@class="text"]/i[@class="lk-icon-arrow-down-caret"]' not found
[[ATTACHMENT|/Users/alahley/Katalon Studio/Analytics/Reports/BofA Sanity Check/20181101_155454/1541114230275.png]]

2018-11-01 16:17:10 - [TEST_STEP][PASSED] - verifyElementPresent: Object 'Object Repository/Page_Overview/div_Release Notes_flyout-backg (1)' is present

2018-11-01 16:17:10 - [MESSAGE][WARNING] - Timeout '0' is invalid. Using default page load timeout: '30'

2018-11-01 16:17:10 - [MESSAGE][PASSED] - Object 'Object Repository/Page_Overview/div_Release Notes_flyout-backg (1)' is present

2018-11-01 16:17:10 - [TEST_STEP][FAILED] - verifyElementPresent: com.kms.katalon.core.webui.exception.WebElementNotFoundException: Web element with id: 'Object Repository/Page_Overview/div_OverviewNetworkNetwork Sum (1)' located by 'By.cssSelector: ul#kollective-nav > div' not found

2018-11-01 16:17:10 - [MESSAGE][WARNING] - Timeout '0' is invalid. Using default page load timeout: '30'

2018-11-01 16:17:50 - [MESSAGE][FAILED] - com.kms.katalon.core.webui.exception.WebElementNotFoundException: Web element with id: 'Object Repository/Page_Overview/div_OverviewNetworkNetwork Sum (1)' located by 'By.cssSelector: ul#kollective-nav > div' not found
[[ATTACHMENT|/Users/alahley/Katalon Studio/Analytics/Reports/BofA Sanity Check/20181101_155454/1541114270291.png]]

2018-11-01 16:17:50 - [TEST_STEP][FAILED] - verifyElementPresent: com.kms.katalon.core.webui.exception.WebElementNotFoundException: Web element with id: 'Object Repository/Page_Overview/div_Live EventsOverview' located by 'By.xpath: //div[(text() = 'Live EventsOverview' or . = 'Live EventsOverview')]' not found

2018-11-01 16:17:50 - [MESSAGE][WARNING] - Timeout '0' is invalid. Using default page load timeout: '30'

2018-11-01 16:18:25 - [MESSAGE][FAILED] - com.kms.katalon.core.webui.exception.WebElementNotFoundException: Web element with id: 'Object Repository/Page_Overview/div_Live EventsOverview' located by 'By.xpath: //div[(text() = 'Live EventsOverview' or . = 'Live EventsOverview')]' not found
[[ATTACHMENT|/Users/alahley/Katalon Studio/Analytics/Reports/BofA Sanity Check/20181101_155454/1541114305361.png]]

2018-11-01 16:18:25 - [TEST_STEP][FAILED] - verifyElementPresent: com.kms.katalon.core.webui.exception.WebElementNotFoundException: Web element with id: 'Object Repository/Page_Overview/div_View your detailed Network (1)' located by 'By.xpath: //div[(text() = '
        
              View your detailed Network metrics
        
           Go to Network Summary
      
    ' or . = '
        
              View your detailed Network metrics
        
           Go to Network Summary
      
    ')]' not found

2018-11-01 16:18:25 - [MESSAGE][WARNING] - Timeout '0' is invalid. Using default page load timeout: '30'

2018-11-01 16:19:00 - [MESSAGE][FAILED] - com.kms.katalon.core.webui.exception.WebElementNotFoundException: Web element with id: 'Object Repository/Page_Overview/div_View your detailed Network (1)' located by 'By.xpath: //div[(text() = '
        
              View your detailed Network metrics
        
           Go to Network Summary
      
    ' or . = '
        
              View your detailed Network metrics
        
           Go to Network Summary
      
    ')]' not found
[[ATTACHMENT|/Users/alahley/Katalon Studio/Analytics/Reports/BofA Sanity Check/20181101_155454/1541114340398.png]]

2018-11-01 16:19:00 - [TEST_STEP][FAILED] - verifyElementPresent: com.kms.katalon.core.webui.exception.WebElementNotFoundException: Web element with id: 'Object Repository/Page_Overview/div_NetworkOverview' located by 'By.xpath: //div[(text() = 'NetworkOverview' or . = 'NetworkOverview')]' not found

2018-11-01 16:19:00 - [MESSAGE][WARNING] - Timeout '0' is invalid. Using default page load timeout: '30'

2018-11-01 16:19:35 - [MESSAGE][FAILED] - com.kms.katalon.core.webui.exception.WebElementNotFoundException: Web element with id: 'Object Repository/Page_Overview/div_NetworkOverview' located by 'By.xpath: //div[(text() = 'NetworkOverview' or . = 'NetworkOverview')]' not found
[[ATTACHMENT|/Users/alahley/Katalon Studio/Analytics/Reports/BofA Sanity Check/20181101_155454/1541114375690.png]]

2018-11-01 16:19:35 - [TEST_STEP][FAILED] - verifyElementPresent: com.kms.katalon.core.webui.exception.WebElementNotFoundException: Web element with id: 'Object Repository/Page_Overview/img_Home_img-logo' located by 'By.xpath: //img[@alt = 'Looker' and @id = 'img-logo' and @src = '/whitelabel/logo.c9f059321da293271f394a50375a310b.png']' not found

2018-11-01 16:19:35 - [MESSAGE][WARNING] - Timeout '0' is invalid. Using default page load timeout: '30'

2018-11-01 16:20:06 - [MESSAGE][FAILED] - com.kms.katalon.core.webui.exception.WebElementNotFoundException: Web element with id: 'Object Repository/Page_Overview/img_Home_img-logo' located by 'By.xpath: //img[@alt = 'Looker' and @id = 'img-logo' and @src = '/whitelabel/logo.c9f059321da293271f394a50375a310b.png']' not found
[[ATTACHMENT|/Users/alahley/Katalon Studio/Analytics/Reports/BofA Sanity Check/20181101_155454/1541114406393.png]]

2018-11-01 16:20:06 - [TEST_STEP][PASSED] - verifyElementPresent: Object 'Object Repository/Page_Overview/div_Release Notes_flyout-backg (1)' is present

2018-11-01 16:20:06 - [MESSAGE][WARNING] - Timeout '0' is invalid. Using default page load timeout: '30'

2018-11-01 16:20:06 - [MESSAGE][PASSED] - Object 'Object Repository/Page_Overview/div_Release Notes_flyout-backg (1)' is present

2018-11-01 16:20:06 - [TEST_STEP][PASSED] - verifyElementPresent: Object 'Object Repository/Page_Overview/div_LookML Dashboards  Dashboa' is present

2018-11-01 16:20:06 - [MESSAGE][WARNING] - Timeout '0' is invalid. Using default page load timeout: '30'

2018-11-01 16:20:06 - [MESSAGE][PASSED] - Object 'Object Repository/Page_Overview/div_LookML Dashboards  Dashboa' is present

2018-11-01 16:20:06 - [TEST_STEP][FAILED] - verifyElementPresent: com.kms.katalon.core.webui.exception.WebElementNotFoundException: Web element with id: 'Object Repository/Page_Overview/div_Filters Time Filter is in' located by 'By.xpath: //div[@id = 'dashboard-filter-section' and (text() = '  Filters Time Filter is in the past 6 monthsTime Filterandoris in the pastis on the dayis in rangeis beforeis on or afteris in the yearis nullis any timeis not nullmatches a user attributematches (advanced)secondsminuteshoursdaysweeksmonthsquartersyearscomplete secondscomplete minutescomplete hourscomplete dayscomplete weekscomplete monthscomplete quarterscomplete years' or . = '  Filters Time Filter is in the past 6 monthsTime Filterandoris in the pastis on the dayis in rangeis beforeis on or afteris in the yearis nullis any timeis not nullmatches a user attributematches (advanced)secondsminuteshoursdaysweeksmonthsquartersyearscomplete secondscomplete minutescomplete hourscomplete dayscomplete weekscomplete monthscomplete quarterscomplete years')]' not found

2018-11-01 16:20:06 - [MESSAGE][WARNING] - Timeout '0' is invalid. Using default page load timeout: '30'

2018-11-01 16:20:53 - [MESSAGE][FAILED] - com.kms.katalon.core.webui.exception.WebElementNotFoundException: Web element with id: 'Object Repository/Page_Overview/div_Filters Time Filter is in' located by 'By.xpath: //div[@id = 'dashboard-filter-section' and (text() = '  Filters Time Filter is in the past 6 monthsTime Filterandoris in the pastis on the dayis in rangeis beforeis on or afteris in the yearis nullis any timeis not nullmatches a user attributematches (advanced)secondsminuteshoursdaysweeksmonthsquartersyearscomplete secondscomplete minutescomplete hourscomplete dayscomplete weekscomplete monthscomplete quarterscomplete years' or . = '  Filters Time Filter is in the past 6 monthsTime Filterandoris in the pastis on the dayis in rangeis beforeis on or afteris in the yearis nullis any timeis not nullmatches a user attributematches (advanced)secondsminuteshoursdaysweeksmonthsquartersyearscomplete secondscomplete minutescomplete hourscomplete dayscomplete weekscomplete monthscomplete quarterscomplete years')]' not found
[[ATTACHMENT|/Users/alahley/Katalon Studio/Analytics/Reports/BofA Sanity Check/20181101_155454/1541114453771.png]]

2018-11-01 16:20:53 - [TEST_STEP][FAILED] - verifyElementPresent: com.kms.katalon.core.webui.exception.WebElementNotFoundException: Web element with id: 'Object Repository/Page_Overview/div_Live EventsOverview' located by 'By.xpath: //div[(text() = 'Live EventsOverview' or . = 'Live EventsOverview')]' not found

2018-11-01 16:20:53 - [MESSAGE][WARNING] - Timeout '0' is invalid. Using default page load timeout: '30'

2018-11-01 16:21:29 - [MESSAGE][FAILED] - com.kms.katalon.core.webui.exception.WebElementNotFoundException: Web element with id: 'Object Repository/Page_Overview/div_Live EventsOverview' located by 'By.xpath: //div[(text() = 'Live EventsOverview' or . = 'Live EventsOverview')]' not found
[[ATTACHMENT|/Users/alahley/Katalon Studio/Analytics/Reports/BofA Sanity Check/20181101_155454/1541114488914.png]]

2018-11-01 16:21:29 - [TEST_STEP][FAILED] - verifyElementPresent: com.kms.katalon.core.webui.exception.WebElementNotFoundException: Web element with id: 'Object Repository/Page_Overview/div_View your detailed Network (1)' located by 'By.xpath: //div[(text() = '
        
              View your detailed Network metrics
        
           Go to Network Summary
      
    ' or . = '
        
              View your detailed Network metrics
        
           Go to Network Summary
      
    ')]' not found

2018-11-01 16:21:29 - [MESSAGE][WARNING] - Timeout '0' is invalid. Using default page load timeout: '30'

2018-11-01 16:22:04 - [MESSAGE][FAILED] - com.kms.katalon.core.webui.exception.WebElementNotFoundException: Web element with id: 'Object Repository/Page_Overview/div_View your detailed Network (1)' located by 'By.xpath: //div[(text() = '
        
              View your detailed Network metrics
        
           Go to Network Summary
      
    ' or . = '
        
              View your detailed Network metrics
        
           Go to Network Summary
      
    ')]' not found
[[ATTACHMENT|/Users/alahley/Katalon Studio/Analytics/Reports/BofA Sanity Check/20181101_155454/1541114523948.png]]

2018-11-01 16:22:04 - [TEST_STEP][FAILED] - verifyElementPresent: com.kms.katalon.core.webui.exception.WebElementNotFoundException: Web element with id: 'Object Repository/Page_Overview/div_NetworkOverview' located by 'By.xpath: //div[(text() = 'NetworkOverview' or . = 'NetworkOverview')]' not found

2018-11-01 16:22:04 - [MESSAGE][WARNING] - Timeout '0' is invalid. Using default page load timeout: '30'

2018-11-01 16:22:39 - [MESSAGE][FAILED] - com.kms.katalon.core.webui.exception.WebElementNotFoundException: Web element with id: 'Object Repository/Page_Overview/div_NetworkOverview' located by 'By.xpath: //div[(text() = 'NetworkOverview' or . = 'NetworkOverview')]' not found
[[ATTACHMENT|/Users/alahley/Katalon Studio/Analytics/Reports/BofA Sanity Check/20181101_155454/1541114558943.png]]

2018-11-01 16:22:39 - [TEST_STEP][FAILED] - verifyElementPresent: com.kms.katalon.core.webui.exception.WebElementNotFoundException: Web element with id: 'Object Repository/Page_Overview/img_Home_img-logo' located by 'By.xpath: //img[@alt = 'Looker' and @id = 'img-logo' and @src = '/whitelabel/logo.c9f059321da293271f394a50375a310b.png']' not found

2018-11-01 16:22:39 - [MESSAGE][WARNING] - Timeout '0' is invalid. Using default page load timeout: '30'

2018-11-01 16:23:09 - [MESSAGE][FAILED] - com.kms.katalon.core.webui.exception.WebElementNotFoundException: Web element with id: 'Object Repository/Page_Overview/img_Home_img-logo' located by 'By.xpath: //img[@alt = 'Looker' and @id = 'img-logo' and @src = '/whitelabel/logo.c9f059321da293271f394a50375a310b.png']' not found
[[ATTACHMENT|/Users/alahley/Katalon Studio/Analytics/Reports/BofA Sanity Check/20181101_155454/1541114589673.png]]

2018-11-01 16:23:09 - [TEST_STEP][FAILED] - click: Unable to click on object 'Object Repository/Page_Overview/a' (Root cause: com.kms.katalon.core.webui.exception.WebElementNotFoundException: Web element with id: 'Object Repository/Page_Overview/a' located by 'By.xpath: id("lk-nav-main")/div[@class="navigation-bar"]/lk-nav-menu[@class="ng-scope"]/div[@class="buttons"]/ul[@class="bottom"]/li[@class="navbar-profile"]/a[1]' not found)

2018-11-01 16:24:00 - [MESSAGE][FAILED] - Unable to click on object 'Object Repository/Page_Overview/a' (Root cause: com.kms.katalon.core.webui.exception.WebElementNotFoundException: Web element with id: 'Object Repository/Page_Overview/a' located by 'By.xpath: id("lk-nav-main")/div[@class="navigation-bar"]/lk-nav-menu[@class="ng-scope"]/div[@class="buttons"]/ul[@class="bottom"]/li[@class="navbar-profile"]/a[1]' not found)
[[ATTACHMENT|/Users/alahley/Katalon Studio/Analytics/Reports/BofA Sanity Check/20181101_155454/1541114640175.png]]

2018-11-01 16:24:00 - [TEST_STEP][FAILED] - click: Unable to click on object 'Object Repository/Page_Overview/a_Log Out' (Root cause: org.openqa.selenium.ElementNotInteractableException: Element <a href="/logout"> could not be scrolled into view
Build info: version: '3.7.1', revision: '8a0099a', time: '2017-11-06T21:07:36.161Z'
System info: host: 'Adams-MacBook-Right.local', ip: 'fe80:0:0:0:484:61f0:a7a6:b324%en0', os.name: 'Mac OS X', os.arch: 'x86_64', os.version: '10.13.6', java.version: '1.8.0_181'
Driver info: com.kms.katalon.core.webui.driver.firefox.CGeckoDriver
Capabilities {acceptInsecureCerts: true, browserName: firefox, browserVersion: 62.0.2, javascriptEnabled: true, moz:accessibilityChecks: false, moz:headless: false, moz:processID: 13403, moz:profile: /var/folders/jr/7vywd_6j2l1..., moz:useNonSpecCompliantPointerOrigin: false, moz:webdriverClick: true, pageLoadStrategy: normal, platform: MAC, platformName: MAC, platformVersion: 17.7.0, proxy: Proxy(direct), rotatable: false, timeouts: {implicit: 0, pageLoad: 300000, script: 30000}}
Session ID: 7fcd4dfd-9078-c748-9934-f60b3a9e850f)

2018-11-01 16:24:00 - [MESSAGE][FAILED] - Unable to click on object 'Object Repository/Page_Overview/a_Log Out' (Root cause: org.openqa.selenium.ElementNotInteractableException: Element <a href="/logout"> could not be scrolled into view
Build info: version: '3.7.1', revision: '8a0099a', time: '2017-11-06T21:07:36.161Z'
System info: host: 'Adams-MacBook-Right.local', ip: 'fe80:0:0:0:484:61f0:a7a6:b324%en0', os.name: 'Mac OS X', os.arch: 'x86_64', os.version: '10.13.6', java.version: '1.8.0_181'
Driver info: com.kms.katalon.core.webui.driver.firefox.CGeckoDriver
Capabilities {acceptInsecureCerts: true, browserName: firefox, browserVersion: 62.0.2, javascriptEnabled: true, moz:accessibilityChecks: false, moz:headless: false, moz:processID: 13403, moz:profile: /var/folders/jr/7vywd_6j2l1..., moz:useNonSpecCompliantPointerOrigin: false, moz:webdriverClick: true, pageLoadStrategy: normal, platform: MAC, platformName: MAC, platformVersion: 17.7.0, proxy: Proxy(direct), rotatable: false, timeouts: {implicit: 0, pageLoad: 300000, script: 30000}}
Session ID: 7fcd4dfd-9078-c748-9934-f60b3a9e850f)
[[ATTACHMENT|/Users/alahley/Katalon Studio/Analytics/Reports/BofA Sanity Check/20181101_155454/1541114640367.png]]

2018-11-01 16:24:00 - [TEST_STEP][FAILED] - verifyElementPresent: com.kms.katalon.core.webui.exception.WebElementNotFoundException: Web element with id: 'Object Repository/Page_Log in/div_Logout Successful.' located by 'By.cssSelector: div#lk-layout-simple-flash > div > div > div > div' not found

2018-11-01 16:24:00 - [MESSAGE][WARNING] - Timeout '0' is invalid. Using default page load timeout: '30'

2018-11-01 16:24:42 - [MESSAGE][FAILED] - com.kms.katalon.core.webui.exception.WebElementNotFoundException: Web element with id: 'Object Repository/Page_Log in/div_Logout Successful.' located by 'By.cssSelector: div#lk-layout-simple-flash > div > div > div > div' not found
[[ATTACHMENT|/Users/alahley/Katalon Studio/Analytics/Reports/BofA Sanity Check/20181101_155454/1541114682611.png]]

2018-11-01 16:24:42 - [TEST_STEP][FAILED] - verifyTextPresent: Text 'Logout Successful.' is not present on page 

2018-11-01 16:24:57 - [MESSAGE][FAILED] - Text 'Logout Successful.' is not present on page 

2018-11-01 16:24:57 - [TEST_STEP][PASSED] - closeBrowser: Browser is closed

2018-11-01 16:24:57 - [MESSAGE][PASSED] - Browser is closed]]></system-out>
         <system-err><![CDATA[2018-11-01 16:12:58 - [TEST_CASE][FAILED] - Test Cases/BofA/BofA - Logging In and Out: Test Cases/BofA/BofA - Logging In and Out FAILED because (of) (Stack trace: com.kms.katalon.core.exception.StepFailedException: com.kms.katalon.core.webui.exception.WebElementNotFoundException: Web element with id: 'Object Repository/Page_Overview/a' located by 'By.xpath: id("lk-nav-main")/div[@class="navigation-bar"]/lk-nav-menu[@class="ng-scope"]/div[@class="buttons"]/ul[@class="bottom"]/li[@class="navbar-profile"]/a[1]' not found
	at com.kms.katalon.core.keyword.internal.KeywordMain.stepFailed(KeywordMain.groovy:32)
	at com.kms.katalon.core.webui.keyword.internal.WebUIKeywordMain.stepFailed(WebUIKeywordMain.groovy:65)
	at com.kms.katalon.core.webui.keyword.builtin.VerifyElementPresentKeyword$_verifyElementPresent_closure1.doCall(VerifyElementPresentKeyword.groovy:85)
	at com.kms.katalon.core.webui.keyword.builtin.VerifyElementPresentKeyword$_verifyElementPresent_closure1.call(VerifyElementPresentKeyword.groovy)
	at com.kms.katalon.core.webui.keyword.internal.WebUIKeywordMain.runKeyword(WebUIKeywordMain.groovy:21)
	at com.kms.katalon.core.webui.keyword.builtin.VerifyElementPresentKeyword.verifyElementPresent(VerifyElementPresentKeyword.groovy:92)
	at com.kms.katalon.core.webui.keyword.builtin.VerifyElementPresentKeyword.execute(VerifyElementPresentKeyword.groovy:68)
	at com.kms.katalon.core.keyword.internal.KeywordExecutor.executeKeywordForPlatform(KeywordExecutor.groovy:53)
	at com.kms.katalon.core.webui.keyword.WebUiBuiltInKeywords.verifyElementPresent(WebUiBuiltInKeywords.groovy:1434)
	at com.kms.katalon.core.webui.keyword.WebUiBuiltInKeywords$verifyElementPresent$7.call(Unknown Source)
	at org.codehaus.groovy.runtime.callsite.CallSiteArray.defaultCall(CallSiteArray.java:48)
	at org.codehaus.groovy.runtime.callsite.AbstractCallSite.call(AbstractCallSite.java:113)
	at org.codehaus.groovy.runtime.callsite.AbstractCallSite.call(AbstractCallSite.java:133)
	at Script1541106518186.run(Script1541106518186.groovy:34)
	at com.kms.katalon.core.main.ScriptEngine.run(ScriptEngine.java:183)
	at com.kms.katalon.core.main.ScriptEngine.runScriptAsRawText(ScriptEngine.java:108)
	at com.kms.katalon.core.main.TestCaseExecutor.runScript(TestCaseExecutor.java:294)
	at com.kms.katalon.core.main.TestCaseExecutor.doExecute(TestCaseExecutor.java:285)
	at com.kms.katalon.core.main.TestCaseExecutor.processExecutionPhase(TestCaseExecutor.java:264)
	at com.kms.katalon.core.main.TestCaseExecutor.accessMainPhase(TestCaseExecutor.java:256)
	at com.kms.katalon.core.main.TestCaseExecutor.execute(TestCaseExecutor.java:200)
	at com.kms.katalon.core.main.TestSuiteExecutor.accessTestCaseMainPhase(TestSuiteExecutor.java:129)
	at com.kms.katalon.core.main.TestSuiteExecutor.accessTestSuiteMainPhase(TestSuiteExecutor.java:112)
	at com.kms.katalon.core.main.TestSuiteExecutor.execute(TestSuiteExecutor.java:81)
	at com.kms.katalon.core.main.TestCaseMain.startTestSuite(TestCaseMain.java:142)
	at com.kms.katalon.core.main.TestCaseMain$startTestSuite$0.call(Unknown Source)
	at org.codehaus.groovy.runtime.callsite.CallSiteArray.defaultCall(CallSiteArray.java:48)
	at org.codehaus.groovy.runtime.callsite.AbstractCallSite.call(AbstractCallSite.java:113)
	at org.codehaus.groovy.runtime.callsite.AbstractCallSite.call(AbstractCallSite.java:141)
	at TempTestSuite1541112894227.run(TempTestSuite1541112894227.groovy:36)
	at groovy.lang.GroovyShell.runScriptOrMainOrTestOrRunnable(GroovyShell.java:263)
	at groovy.lang.GroovyShell.run(GroovyShell.java:518)
	at groovy.lang.GroovyShell.run(GroovyShell.java:507)
	at groovy.ui.GroovyMain.processOnce(GroovyMain.java:653)
	at groovy.ui.GroovyMain.run(GroovyMain.java:384)
	at groovy.ui.GroovyMain.process(GroovyMain.java:370)
	at groovy.ui.GroovyMain.processArgs(GroovyMain.java:129)
	at groovy.ui.GroovyMain.main(GroovyMain.java:109)
	at sun.reflect.NativeMethodAccessorImpl.invoke0(Native Method)
	at sun.reflect.NativeMethodAccessorImpl.invoke(NativeMethodAccessorImpl.java:62)
	at sun.reflect.DelegatingMethodAccessorImpl.invoke(DelegatingMethodAccessorImpl.java:43)
	at java.lang.reflect.Method.invoke(Method.java:498)
	at org.codehaus.groovy.tools.GroovyStarter.rootLoader(GroovyStarter.java:109)
	at org.codehaus.groovy.tools.GroovyStarter.main(GroovyStarter.java:131)
)]]></system-err>
      </testcase>
      <testcase name="Test Cases/BofA/BofA - Overview" classname="Test Cases/BofA/BofA - Overview" status="FAILED">
         <failure type="FAILED" message="(Stack trace: com.kms.katalon.core.exception.StepFailedException: Unable to click on object 'Object Repository/Page_Overview/i_Stop_lk-icon-gear' (Root cause: com.kms.katalon.core.webui.exception.WebElementNotFoundException: Web element with id: 'Object Repository/Page_Overview/i_Stop_lk-icon-gear' located by 'By.xpath: id(&quot;lk-title&quot;)/div[@class=&quot;lk-title-controls-container&quot;]/div[@class=&quot;lk-title-controls ng-scope&quot;]/div[@class=&quot;dashboard-dropdown ng-scope dropdown&quot;]/div[@class=&quot;dropdown-toggle button-xs&quot;]/i[@class=&quot;lk-icon-gear&quot;]' not found)
	at com.kms.katalon.core.keyword.internal.KeywordMain.stepFailed(KeywordMain.groovy:32)
	at com.kms.katalon.core.webui.keyword.internal.WebUIKeywordMain.stepFailed(WebUIKeywordMain.groovy:65)
	at com.kms.katalon.core.webui.keyword.internal.WebUIKeywordMain.runKeyword(WebUIKeywordMain.groovy:27)
	at com.kms.katalon.core.webui.keyword.builtin.ClickKeyword.click(ClickKeyword.groovy:86)
	at com.kms.katalon.core.webui.keyword.builtin.ClickKeyword.execute(ClickKeyword.groovy:67)
	at com.kms.katalon.core.keyword.internal.KeywordExecutor.executeKeywordForPlatform(KeywordExecutor.groovy:53)
	at com.kms.katalon.core.webui.keyword.WebUiBuiltInKeywords.click(WebUiBuiltInKeywords.groovy:616)
	at com.kms.katalon.core.webui.keyword.WebUiBuiltInKeywords$click$2.call(Unknown Source)
	at org.codehaus.groovy.runtime.callsite.CallSiteArray.defaultCall(CallSiteArray.java:48)
	at org.codehaus.groovy.runtime.callsite.AbstractCallSite.call(AbstractCallSite.java:113)
	at org.codehaus.groovy.runtime.callsite.AbstractCallSite.call(AbstractCallSite.java:125)
	at Script1541106733606.run(Script1541106733606.groovy:53)
	at com.kms.katalon.core.main.ScriptEngine.run(ScriptEngine.java:183)
	at com.kms.katalon.core.main.ScriptEngine.runScriptAsRawText(ScriptEngine.java:108)
	at com.kms.katalon.core.main.TestCaseExecutor.runScript(TestCaseExecutor.java:294)
	at com.kms.katalon.core.main.TestCaseExecutor.doExecute(TestCaseExecutor.java:285)
	at com.kms.katalon.core.main.TestCaseExecutor.processExecutionPhase(TestCaseExecutor.java:264)
	at com.kms.katalon.core.main.TestCaseExecutor.accessMainPhase(TestCaseExecutor.java:256)
	at com.kms.katalon.core.main.TestCaseExecutor.execute(TestCaseExecutor.java:200)
	at com.kms.katalon.core.main.TestSuiteExecutor.accessTestCaseMainPhase(TestSuiteExecutor.java:129)
	at com.kms.katalon.core.main.TestSuiteExecutor.accessTestSuiteMainPhase(TestSuiteExecutor.java:112)
	at com.kms.katalon.core.main.TestSuiteExecutor.execute(TestSuiteExecutor.java:81)
	at com.kms.katalon.core.main.TestCaseMain.startTestSuite(TestCaseMain.java:142)
	at com.kms.katalon.core.main.TestCaseMain$startTestSuite$0.call(Unknown Source)
	at org.codehaus.groovy.runtime.callsite.CallSiteArray.defaultCall(CallSiteArray.java:48)
	at org.codehaus.groovy.runtime.callsite.AbstractCallSite.call(AbstractCallSite.java:113)
	at org.codehaus.groovy.runtime.callsite.AbstractCallSite.call(AbstractCallSite.java:141)
	at TempTestSuite1541112894227.run(TempTestSuite1541112894227.groovy:36)
	at groovy.lang.GroovyShell.runScriptOrMainOrTestOrRunnable(GroovyShell.java:263)
	at groovy.lang.GroovyShell.run(GroovyShell.java:518)
	at groovy.lang.GroovyShell.run(GroovyShell.java:507)
	at groovy.ui.GroovyMain.processOnce(GroovyMain.java:653)
	at groovy.ui.GroovyMain.run(GroovyMain.java:384)
	at groovy.ui.GroovyMain.process(GroovyMain.java:370)
	at groovy.ui.GroovyMain.processArgs(GroovyMain.java:129)
	at groovy.ui.GroovyMain.main(GroovyMain.java:109)
	at sun.reflect.NativeMethodAccessorImpl.invoke0(Native Method)
	at sun.reflect.NativeMethodAccessorImpl.invoke(NativeMethodAccessorImpl.java:62)
	at sun.reflect.DelegatingMethodAccessorImpl.invoke(DelegatingMethodAccessorImpl.java:43)
	at java.lang.reflect.Method.invoke(Method.java:498)
	at org.codehaus.groovy.tools.GroovyStarter.rootLoader(GroovyStarter.java:109)
	at org.codehaus.groovy.tools.GroovyStarter.main(GroovyStarter.java:131)
)"/>
         <system-out><![CDATA[2018-11-01 16:24:57 - [TEST_CASE][FAILED] - Test Cases/BofA/BofA - Overview: Test Cases/BofA/BofA - Overview FAILED because (of) (Stack trace: com.kms.katalon.core.exception.StepFailedException: Unable to click on object 'Object Repository/Page_Overview/i_Stop_lk-icon-gear' (Root cause: com.kms.katalon.core.webui.exception.WebElementNotFoundException: Web element with id: 'Object Repository/Page_Overview/i_Stop_lk-icon-gear' located by 'By.xpath: id("lk-title")/div[@class="lk-title-controls-container"]/div[@class="lk-title-controls ng-scope"]/div[@class="dashboard-dropdown ng-scope dropdown"]/div[@class="dropdown-toggle button-xs"]/i[@class="lk-icon-gear"]' not found)
	at com.kms.katalon.core.keyword.internal.KeywordMain.stepFailed(KeywordMain.groovy:32)
	at com.kms.katalon.core.webui.keyword.internal.WebUIKeywordMain.stepFailed(WebUIKeywordMain.groovy:65)
	at com.kms.katalon.core.webui.keyword.internal.WebUIKeywordMain.runKeyword(WebUIKeywordMain.groovy:27)
	at com.kms.katalon.core.webui.keyword.builtin.ClickKeyword.click(ClickKeyword.groovy:86)
	at com.kms.katalon.core.webui.keyword.builtin.ClickKeyword.execute(ClickKeyword.groovy:67)
	at com.kms.katalon.core.keyword.internal.KeywordExecutor.executeKeywordForPlatform(KeywordExecutor.groovy:53)
	at com.kms.katalon.core.webui.keyword.WebUiBuiltInKeywords.click(WebUiBuiltInKeywords.groovy:616)
	at com.kms.katalon.core.webui.keyword.WebUiBuiltInKeywords$click$2.call(Unknown Source)
	at org.codehaus.groovy.runtime.callsite.CallSiteArray.defaultCall(CallSiteArray.java:48)
	at org.codehaus.groovy.runtime.callsite.AbstractCallSite.call(AbstractCallSite.java:113)
	at org.codehaus.groovy.runtime.callsite.AbstractCallSite.call(AbstractCallSite.java:125)
	at Script1541106733606.run(Script1541106733606.groovy:53)
	at com.kms.katalon.core.main.ScriptEngine.run(ScriptEngine.java:183)
	at com.kms.katalon.core.main.ScriptEngine.runScriptAsRawText(ScriptEngine.java:108)
	at com.kms.katalon.core.main.TestCaseExecutor.runScript(TestCaseExecutor.java:294)
	at com.kms.katalon.core.main.TestCaseExecutor.doExecute(TestCaseExecutor.java:285)
	at com.kms.katalon.core.main.TestCaseExecutor.processExecutionPhase(TestCaseExecutor.java:264)
	at com.kms.katalon.core.main.TestCaseExecutor.accessMainPhase(TestCaseExecutor.java:256)
	at com.kms.katalon.core.main.TestCaseExecutor.execute(TestCaseExecutor.java:200)
	at com.kms.katalon.core.main.TestSuiteExecutor.accessTestCaseMainPhase(TestSuiteExecutor.java:129)
	at com.kms.katalon.core.main.TestSuiteExecutor.accessTestSuiteMainPhase(TestSuiteExecutor.java:112)
	at com.kms.katalon.core.main.TestSuiteExecutor.execute(TestSuiteExecutor.java:81)
	at com.kms.katalon.core.main.TestCaseMain.startTestSuite(TestCaseMain.java:142)
	at com.kms.katalon.core.main.TestCaseMain$startTestSuite$0.call(Unknown Source)
	at org.codehaus.groovy.runtime.callsite.CallSiteArray.defaultCall(CallSiteArray.java:48)
	at org.codehaus.groovy.runtime.callsite.AbstractCallSite.call(AbstractCallSite.java:113)
	at org.codehaus.groovy.runtime.callsite.AbstractCallSite.call(AbstractCallSite.java:141)
	at TempTestSuite1541112894227.run(TempTestSuite1541112894227.groovy:36)
	at groovy.lang.GroovyShell.runScriptOrMainOrTestOrRunnable(GroovyShell.java:263)
	at groovy.lang.GroovyShell.run(GroovyShell.java:518)
	at groovy.lang.GroovyShell.run(GroovyShell.java:507)
	at groovy.ui.GroovyMain.processOnce(GroovyMain.java:653)
	at groovy.ui.GroovyMain.run(GroovyMain.java:384)
	at groovy.ui.GroovyMain.process(GroovyMain.java:370)
	at groovy.ui.GroovyMain.processArgs(GroovyMain.java:129)
	at groovy.ui.GroovyMain.main(GroovyMain.java:109)
	at sun.reflect.NativeMethodAccessorImpl.invoke0(Native Method)
	at sun.reflect.NativeMethodAccessorImpl.invoke(NativeMethodAccessorImpl.java:62)
	at sun.reflect.DelegatingMethodAccessorImpl.invoke(DelegatingMethodAccessorImpl.java:43)
	at java.lang.reflect.Method.invoke(Method.java:498)
	at org.codehaus.groovy.tools.GroovyStarter.rootLoader(GroovyStarter.java:109)
	at org.codehaus.groovy.tools.GroovyStarter.main(GroovyStarter.java:131)
)

2018-11-01 16:24:58 - [TEST_STEP][PASSED] - openBrowser: Browser is opened with url: 'https://stats.us1.kontiki.com/login/email'

2018-11-01 16:25:02 - [MESSAGE][PASSED] - Browser is opened with url: 'https://stats.us1.kontiki.com/login/email'

2018-11-01 16:25:02 - [TEST_STEP][PASSED] - setText: Text 'alahley@kollective.com' is set on object 'Object Repository/Page_Log in/input_email'

2018-11-01 16:25:02 - [MESSAGE][PASSED] - Text 'alahley@kollective.com' is set on object 'Object Repository/Page_Log in/input_email'

2018-11-01 16:25:02 - [TEST_STEP][PASSED] - setEncryptedText: Text ****** has been set on object 'Object Repository/Page_Log in/input_password'

2018-11-01 16:25:02 - [MESSAGE][PASSED] - Text ****** has been set on object 'Object Repository/Page_Log in/input_password'

2018-11-01 16:25:02 - [TEST_STEP][PASSED] - click: Object: 'Object Repository/Page_Log in/input_remember' is clicked on

2018-11-01 16:25:03 - [MESSAGE][PASSED] - Object: 'Object Repository/Page_Log in/input_remember' is clicked on

2018-11-01 16:25:03 - [TEST_STEP][PASSED] - click: Object: 'Object Repository/Page_Log in/input_login-submit' is clicked on

2018-11-01 16:25:04 - [MESSAGE][PASSED] - Object: 'Object Repository/Page_Log in/input_login-submit' is clicked on

2018-11-01 16:25:04 - [TEST_STEP][PASSED] - waitForAngularLoad: Angular is ready.

2018-11-01 16:25:08 - [MESSAGE][PASSED] - Angular is ready.

2018-11-01 16:25:08 - [TEST_STEP][PASSED] - click: Object: 'Object Repository/Page_Overview/strong_Filters' is clicked on

2018-11-01 16:25:08 - [MESSAGE][PASSED] - Object: 'Object Repository/Page_Overview/strong_Filters' is clicked on

2018-11-01 16:25:08 - [TEST_STEP][PASSED] - selectOptionByValue: All options with value 'string:year' are selected in object 'Object Repository/Page_Overview/select_is in the pastis on the'  using regular expression

2018-11-01 16:25:09 - [MESSAGE][PASSED] - All options with value 'string:year' are selected in object 'Object Repository/Page_Overview/select_is in the pastis on the'  using regular expression

2018-11-01 16:25:09 - [TEST_STEP][PASSED] - setText: Text '2017' is set on object 'Object Repository/Page_Overview/input_Time Filter_form-control'

2018-11-01 16:25:09 - [MESSAGE][PASSED] - Text '2017' is set on object 'Object Repository/Page_Overview/input_Time Filter_form-control'

2018-11-01 16:25:09 - [TEST_STEP][PASSED] - waitForAngularLoad: Angular is ready.

2018-11-01 16:25:09 - [MESSAGE][PASSED] - Angular is ready.

2018-11-01 16:25:09 - [TEST_STEP][PASSED] - click: Object: 'Object Repository/Page_Overview/button_Run' is clicked on

2018-11-01 16:25:09 - [MESSAGE][PASSED] - Object: 'Object Repository/Page_Overview/button_Run' is clicked on

2018-11-01 16:25:09 - [TEST_STEP][PASSED] - waitForAngularLoad: Angular is ready.

2018-11-01 16:25:16 - [MESSAGE][PASSED] - Angular is ready.

2018-11-01 16:25:16 - [TEST_STEP][FAILED] - click: Unable to click on object 'Object Repository/Page_Overview/i_Stop_lk-icon-gear' (Root cause: com.kms.katalon.core.webui.exception.WebElementNotFoundException: Web element with id: 'Object Repository/Page_Overview/i_Stop_lk-icon-gear' located by 'By.xpath: id("lk-title")/div[@class="lk-title-controls-container"]/div[@class="lk-title-controls ng-scope"]/div[@class="dashboard-dropdown ng-scope dropdown"]/div[@class="dropdown-toggle button-xs"]/i[@class="lk-icon-gear"]' not found)

2018-11-01 16:25:48 - [MESSAGE][FAILED] - Unable to click on object 'Object Repository/Page_Overview/i_Stop_lk-icon-gear' (Root cause: com.kms.katalon.core.webui.exception.WebElementNotFoundException: Web element with id: 'Object Repository/Page_Overview/i_Stop_lk-icon-gear' located by 'By.xpath: id("lk-title")/div[@class="lk-title-controls-container"]/div[@class="lk-title-controls ng-scope"]/div[@class="dashboard-dropdown ng-scope dropdown"]/div[@class="dropdown-toggle button-xs"]/i[@class="lk-icon-gear"]' not found)
[[ATTACHMENT|/Users/alahley/Katalon Studio/Analytics/Reports/BofA Sanity Check/20181101_155454/1541114747805.png]]

2018-11-01 16:25:48 - [TEST_STEP][FAILED] - click: Unable to click on object 'Object Repository/Page_Overview/a_Clear Cache  Refresh' (Root cause: org.openqa.selenium.ElementNotInteractableException: Element <a> could not be scrolled into view
Build info: version: '3.7.1', revision: '8a0099a', time: '2017-11-06T21:07:36.161Z'
System info: host: 'Adams-MacBook-Right.local', ip: 'fe80:0:0:0:484:61f0:a7a6:b324%en0', os.name: 'Mac OS X', os.arch: 'x86_64', os.version: '10.13.6', java.version: '1.8.0_181'
Driver info: com.kms.katalon.core.webui.driver.firefox.CGeckoDriver
Capabilities {acceptInsecureCerts: true, browserName: firefox, browserVersion: 62.0.2, javascriptEnabled: true, moz:accessibilityChecks: false, moz:headless: false, moz:processID: 13889, moz:profile: /var/folders/jr/7vywd_6j2l1..., moz:useNonSpecCompliantPointerOrigin: false, moz:webdriverClick: true, pageLoadStrategy: normal, platform: MAC, platformName: MAC, platformVersion: 17.7.0, proxy: Proxy(direct), rotatable: false, timeouts: {implicit: 0, pageLoad: 300000, script: 30000}}
Session ID: 504fe384-81c0-5c45-a4f3-fdc7ec490ca4)

2018-11-01 16:25:48 - [MESSAGE][FAILED] - Unable to click on object 'Object Repository/Page_Overview/a_Clear Cache  Refresh' (Root cause: org.openqa.selenium.ElementNotInteractableException: Element <a> could not be scrolled into view
Build info: version: '3.7.1', revision: '8a0099a', time: '2017-11-06T21:07:36.161Z'
System info: host: 'Adams-MacBook-Right.local', ip: 'fe80:0:0:0:484:61f0:a7a6:b324%en0', os.name: 'Mac OS X', os.arch: 'x86_64', os.version: '10.13.6', java.version: '1.8.0_181'
Driver info: com.kms.katalon.core.webui.driver.firefox.CGeckoDriver
Capabilities {acceptInsecureCerts: true, browserName: firefox, browserVersion: 62.0.2, javascriptEnabled: true, moz:accessibilityChecks: false, moz:headless: false, moz:processID: 13889, moz:profile: /var/folders/jr/7vywd_6j2l1..., moz:useNonSpecCompliantPointerOrigin: false, moz:webdriverClick: true, pageLoadStrategy: normal, platform: MAC, platformName: MAC, platformVersion: 17.7.0, proxy: Proxy(direct), rotatable: false, timeouts: {implicit: 0, pageLoad: 300000, script: 30000}}
Session ID: 504fe384-81c0-5c45-a4f3-fdc7ec490ca4)
[[ATTACHMENT|/Users/alahley/Katalon Studio/Analytics/Reports/BofA Sanity Check/20181101_155454/1541114748031.png]]

2018-11-01 16:25:48 - [TEST_STEP][PASSED] - waitForAngularLoad: Angular is ready.

2018-11-01 16:25:48 - [MESSAGE][PASSED] - Angular is ready.

2018-11-01 16:25:48 - [TEST_STEP][PASSED] - waitForPageLoad: Wait for page load successfully

2018-11-01 16:25:48 - [MESSAGE][WARNING] - Timeout '0' is invalid. Using default page load timeout: '30'

2018-11-01 16:25:48 - [MESSAGE][PASSED] - Wait for page load successfully

2018-11-01 16:25:48 - [TEST_STEP][FAILED] - verifyElementText: com.kms.katalon.core.webui.exception.WebElementNotFoundException: Web element with id: 'Object Repository/Page_Overview/div_Total Live Events' located by 'By.cssSelector: div#dashboard > div > div:nth-of-type(2) > div > div > div > div:nth-of-type(2) > div:nth-of-type(2) > div > lk-vis-element > div > div > div:nth-of-type(2) > div > div > div > lk-visualization-container > div > div > div > div > div > div:nth-of-type(2) > div' not found

2018-11-01 16:26:26 - [MESSAGE][FAILED] - com.kms.katalon.core.webui.exception.WebElementNotFoundException: Web element with id: 'Object Repository/Page_Overview/div_Total Live Events' located by 'By.cssSelector: div#dashboard > div > div:nth-of-type(2) > div > div > div > div:nth-of-type(2) > div:nth-of-type(2) > div > lk-vis-element > div > div > div:nth-of-type(2) > div > div > div > lk-visualization-container > div > div > div > div > div > div:nth-of-type(2) > div' not found
[[ATTACHMENT|/Users/alahley/Katalon Studio/Analytics/Reports/BofA Sanity Check/20181101_155454/1541114786451.png]]

2018-11-01 16:26:26 - [TEST_STEP][FAILED] - verifyElementText: com.kms.katalon.core.webui.exception.WebElementNotFoundException: Web element with id: 'Object Repository/Page_Overview/div_724' located by 'By.xpath: //div[(text() = '724' or . = '724')]' not found

2018-11-01 16:27:01 - [MESSAGE][FAILED] - com.kms.katalon.core.webui.exception.WebElementNotFoundException: Web element with id: 'Object Repository/Page_Overview/div_724' located by 'By.xpath: //div[(text() = '724' or . = '724')]' not found
[[ATTACHMENT|/Users/alahley/Katalon Studio/Analytics/Reports/BofA Sanity Check/20181101_155454/1541114821750.png]]

2018-11-01 16:27:01 - [TEST_STEP][FAILED] - verifyElementText: com.kms.katalon.core.webui.exception.WebElementNotFoundException: Web element with id: 'Object Repository/Page_Live Event Summary/div_Average Monthly Events' located by 'By.cssSelector: div#dashboard > div > div:nth-of-type(2) > div > div > div > div:nth-of-type(2) > div:nth-of-type(3) > div > lk-vis-element > div > div > div:nth-of-type(2) > div > div > div > lk-visualization-container > div > div > div > div > div > div:nth-of-type(2) > div' not found

2018-11-01 16:27:40 - [MESSAGE][FAILED] - com.kms.katalon.core.webui.exception.WebElementNotFoundException: Web element with id: 'Object Repository/Page_Live Event Summary/div_Average Monthly Events' located by 'By.cssSelector: div#dashboard > div > div:nth-of-type(2) > div > div > div > div:nth-of-type(2) > div:nth-of-type(3) > div > lk-vis-element > div > div > div:nth-of-type(2) > div > div > div > lk-visualization-container > div > div > div > div > div > div:nth-of-type(2) > div' not found
[[ATTACHMENT|/Users/alahley/Katalon Studio/Analytics/Reports/BofA Sanity Check/20181101_155454/1541114860651.png]]

2018-11-01 16:27:40 - [TEST_STEP][FAILED] - verifyElementText: com.kms.katalon.core.webui.exception.WebElementNotFoundException: Web element with id: 'Object Repository/Page_Overview/div_64' located by 'By.xpath: //div[(text() = '64' or . = '64')]' not found

2018-11-01 16:28:15 - [MESSAGE][FAILED] - com.kms.katalon.core.webui.exception.WebElementNotFoundException: Web element with id: 'Object Repository/Page_Overview/div_64' located by 'By.xpath: //div[(text() = '64' or . = '64')]' not found
[[ATTACHMENT|/Users/alahley/Katalon Studio/Analytics/Reports/BofA Sanity Check/20181101_155454/1541114895377.png]]

2018-11-01 16:28:15 - [TEST_STEP][FAILED] - verifyElementText: com.kms.katalon.core.webui.exception.WebElementNotFoundException: Web element with id: 'Object Repository/Page_Overview/div_Unique Viewers' located by 'By.cssSelector: div#dashboard > div > div:nth-of-type(2) > div > div > div > div:nth-of-type(2) > div:nth-of-type(7) > div > lk-vis-element > div > div > div:nth-of-type(2) > div > div > div > lk-visualization-container > div > div > div > div > div > div:nth-of-type(2) > div' not found

2018-11-01 16:28:52 - [MESSAGE][FAILED] - com.kms.katalon.core.webui.exception.WebElementNotFoundException: Web element with id: 'Object Repository/Page_Overview/div_Unique Viewers' located by 'By.cssSelector: div#dashboard > div > div:nth-of-type(2) > div > div > div > div:nth-of-type(2) > div:nth-of-type(7) > div > lk-vis-element > div > div > div:nth-of-type(2) > div > div > div > lk-visualization-container > div > div > div > div > div > div:nth-of-type(2) > div' not found
[[ATTACHMENT|/Users/alahley/Katalon Studio/Analytics/Reports/BofA Sanity Check/20181101_155454/1541114932494.png]]

2018-11-01 16:28:52 - [TEST_STEP][FAILED] - verifyElementText: com.kms.katalon.core.webui.exception.WebElementNotFoundException: Web element with id: 'Object Repository/Page_Overview/div_831' located by 'By.xpath: //div[(text() = '831' or . = '831')]' not found

2018-11-01 16:29:27 - [MESSAGE][FAILED] - com.kms.katalon.core.webui.exception.WebElementNotFoundException: Web element with id: 'Object Repository/Page_Overview/div_831' located by 'By.xpath: //div[(text() = '831' or . = '831')]' not found
[[ATTACHMENT|/Users/alahley/Katalon Studio/Analytics/Reports/BofA Sanity Check/20181101_155454/1541114967298.png]]

2018-11-01 16:29:27 - [TEST_STEP][FAILED] - verifyElementText: com.kms.katalon.core.webui.exception.WebElementNotFoundException: Web element with id: 'Object Repository/Page_Live Event Summary/div_Average Monthly Views' located by 'By.cssSelector: div#dashboard > div > div:nth-of-type(2) > div > div > div > div:nth-of-type(2) > div:nth-of-type(8) > div > lk-vis-element > div > div > div:nth-of-type(2) > div > div > div > lk-visualization-container > div > div > div > div > div > div:nth-of-type(2) > div' not found

2018-11-01 16:30:06 - [MESSAGE][FAILED] - com.kms.katalon.core.webui.exception.WebElementNotFoundException: Web element with id: 'Object Repository/Page_Live Event Summary/div_Average Monthly Views' located by 'By.cssSelector: div#dashboard > div > div:nth-of-type(2) > div > div > div > div:nth-of-type(2) > div:nth-of-type(8) > div > lk-vis-element > div > div > div:nth-of-type(2) > div > div > div > lk-visualization-container > div > div > div > div > div > div:nth-of-type(2) > div' not found
[[ATTACHMENT|/Users/alahley/Katalon Studio/Analytics/Reports/BofA Sanity Check/20181101_155454/1541115005969.png]]

2018-11-01 16:30:06 - [TEST_STEP][FAILED] - verifyElementText: com.kms.katalon.core.webui.exception.WebElementNotFoundException: Web element with id: 'Object Repository/Page_Overview/div_169' located by 'By.xpath: //div[(text() = '169' or . = '169')]' not found

2018-11-01 16:30:40 - [MESSAGE][FAILED] - com.kms.katalon.core.webui.exception.WebElementNotFoundException: Web element with id: 'Object Repository/Page_Overview/div_169' located by 'By.xpath: //div[(text() = '169' or . = '169')]' not found
[[ATTACHMENT|/Users/alahley/Katalon Studio/Analytics/Reports/BofA Sanity Check/20181101_155454/1541115040740.png]]

2018-11-01 16:30:40 - [TEST_STEP][FAILED] - verifyElementText: com.kms.katalon.core.webui.exception.WebElementNotFoundException: Web element with id: 'Object Repository/Page_Overview/div_Total Videos' located by 'By.cssSelector: div#dashboard > div > div:nth-of-type(2) > div > div > div > div:nth-of-type(2) > div:nth-of-type(11) > div > lk-vis-element > div > div > div:nth-of-type(2) > div > div > div > lk-visualization-container > div > div > div > div > div > div:nth-of-type(2) > div' not found

2018-11-01 16:31:18 - [MESSAGE][FAILED] - com.kms.katalon.core.webui.exception.WebElementNotFoundException: Web element with id: 'Object Repository/Page_Overview/div_Total Videos' located by 'By.cssSelector: div#dashboard > div > div:nth-of-type(2) > div > div > div > div:nth-of-type(2) > div:nth-of-type(11) > div > lk-vis-element > div > div > div:nth-of-type(2) > div > div > div > lk-visualization-container > div > div > div > div > div > div:nth-of-type(2) > div' not found
[[ATTACHMENT|/Users/alahley/Katalon Studio/Analytics/Reports/BofA Sanity Check/20181101_155454/1541115077842.png]]

2018-11-01 16:31:18 - [TEST_STEP][FAILED] - verifyElementText: com.kms.katalon.core.webui.exception.WebElementNotFoundException: Web element with id: 'Object Repository/Page_Overview/div_321' located by 'By.xpath: //div[(text() = '321' or . = '321')]' not found

2018-11-01 16:31:53 - [MESSAGE][FAILED] - com.kms.katalon.core.webui.exception.WebElementNotFoundException: Web element with id: 'Object Repository/Page_Overview/div_321' located by 'By.xpath: //div[(text() = '321' or . = '321')]' not found
[[ATTACHMENT|/Users/alahley/Katalon Studio/Analytics/Reports/BofA Sanity Check/20181101_155454/1541115112968.png]]

2018-11-01 16:31:53 - [TEST_STEP][FAILED] - verifyElementText: com.kms.katalon.core.webui.exception.WebElementNotFoundException: Web element with id: 'Object Repository/Page_Overview/div_Total Views' located by 'By.xpath: //div[(text() = 'Total Views' or . = 'Total Views')]' not found

2018-11-01 16:32:28 - [MESSAGE][FAILED] - com.kms.katalon.core.webui.exception.WebElementNotFoundException: Web element with id: 'Object Repository/Page_Overview/div_Total Views' located by 'By.xpath: //div[(text() = 'Total Views' or . = 'Total Views')]' not found
[[ATTACHMENT|/Users/alahley/Katalon Studio/Analytics/Reports/BofA Sanity Check/20181101_155454/1541115147890.png]]

2018-11-01 16:32:28 - [TEST_STEP][FAILED] - verifyElementText: com.kms.katalon.core.webui.exception.WebElementNotFoundException: Web element with id: 'Object Repository/Page_Overview/div_143040' located by 'By.xpath: //div[(text() = '143,040' or . = '143,040')]' not found

2018-11-01 16:33:03 - [MESSAGE][FAILED] - com.kms.katalon.core.webui.exception.WebElementNotFoundException: Web element with id: 'Object Repository/Page_Overview/div_143040' located by 'By.xpath: //div[(text() = '143,040' or . = '143,040')]' not found
[[ATTACHMENT|/Users/alahley/Katalon Studio/Analytics/Reports/BofA Sanity Check/20181101_155454/1541115183091.png]]

2018-11-01 16:33:03 - [TEST_STEP][FAILED] - verifyElementText: com.kms.katalon.core.webui.exception.WebElementNotFoundException: Web element with id: 'Object Repository/Page_Overview/div_Unique Viewers' located by 'By.cssSelector: div#dashboard > div > div:nth-of-type(2) > div > div > div > div:nth-of-type(2) > div:nth-of-type(7) > div > lk-vis-element > div > div > div:nth-of-type(2) > div > div > div > lk-visualization-container > div > div > div > div > div > div:nth-of-type(2) > div' not found

2018-11-01 16:33:40 - [MESSAGE][FAILED] - com.kms.katalon.core.webui.exception.WebElementNotFoundException: Web element with id: 'Object Repository/Page_Overview/div_Unique Viewers' located by 'By.cssSelector: div#dashboard > div > div:nth-of-type(2) > div > div > div > div:nth-of-type(2) > div:nth-of-type(7) > div > lk-vis-element > div > div > div:nth-of-type(2) > div > div > div > lk-visualization-container > div > div > div > div > div > div:nth-of-type(2) > div' not found
[[ATTACHMENT|/Users/alahley/Katalon Studio/Analytics/Reports/BofA Sanity Check/20181101_155454/1541115220435.png]]

2018-11-01 16:33:40 - [TEST_STEP][FAILED] - verifyElementText: com.kms.katalon.core.webui.exception.WebElementNotFoundException: Web element with id: 'Object Repository/Page_Overview/div_96392' located by 'By.xpath: //div[(text() = '96,392' or . = '96,392')]' not found

2018-11-01 16:34:15 - [MESSAGE][FAILED] - com.kms.katalon.core.webui.exception.WebElementNotFoundException: Web element with id: 'Object Repository/Page_Overview/div_96392' located by 'By.xpath: //div[(text() = '96,392' or . = '96,392')]' not found
[[ATTACHMENT|/Users/alahley/Katalon Studio/Analytics/Reports/BofA Sanity Check/20181101_155454/1541115255375.png]]

2018-11-01 16:34:15 - [TEST_STEP][FAILED] - verifyElementText: com.kms.katalon.core.webui.exception.WebElementNotFoundException: Web element with id: 'Object Repository/Page_Overview/div_Total Hours Watched' located by 'By.cssSelector: div#dashboard > div > div:nth-of-type(2) > div > div > div > div:nth-of-type(2) > div:nth-of-type(17) > div > lk-vis-element > div > div > div:nth-of-type(2) > div > div > div > lk-visualization-container > div > div > div > div > div > div:nth-of-type(2) > div' not found

2018-11-01 16:34:52 - [MESSAGE][FAILED] - com.kms.katalon.core.webui.exception.WebElementNotFoundException: Web element with id: 'Object Repository/Page_Overview/div_Total Hours Watched' located by 'By.cssSelector: div#dashboard > div > div:nth-of-type(2) > div > div > div > div:nth-of-type(2) > div:nth-of-type(17) > div > lk-vis-element > div > div > div:nth-of-type(2) > div > div > div > lk-visualization-container > div > div > div > div > div > div:nth-of-type(2) > div' not found
[[ATTACHMENT|/Users/alahley/Katalon Studio/Analytics/Reports/BofA Sanity Check/20181101_155454/1541115292460.png]]

2018-11-01 16:34:52 - [TEST_STEP][FAILED] - verifyElementText: com.kms.katalon.core.webui.exception.WebElementNotFoundException: Web element with id: 'Object Repository/Page_Overview/div_11742.5' located by 'By.xpath: //div[(text() = '11,742.5' or . = '11,742.5')]' not found

2018-11-01 16:35:27 - [MESSAGE][FAILED] - com.kms.katalon.core.webui.exception.WebElementNotFoundException: Web element with id: 'Object Repository/Page_Overview/div_11742.5' located by 'By.xpath: //div[(text() = '11,742.5' or . = '11,742.5')]' not found
[[ATTACHMENT|/Users/alahley/Katalon Studio/Analytics/Reports/BofA Sanity Check/20181101_155454/1541115327386.png]]

2018-11-01 16:35:27 - [TEST_STEP][FAILED] - verifyElementText: com.kms.katalon.core.webui.exception.WebElementNotFoundException: Web element with id: 'Object Repository/Page_Overview/div_Unique Agents' located by 'By.xpath: //div[(text() = 'Unique Agents' or . = 'Unique Agents')]' not found

2018-11-01 16:36:02 - [MESSAGE][FAILED] - com.kms.katalon.core.webui.exception.WebElementNotFoundException: Web element with id: 'Object Repository/Page_Overview/div_Unique Agents' located by 'By.xpath: //div[(text() = 'Unique Agents' or . = 'Unique Agents')]' not found
[[ATTACHMENT|/Users/alahley/Katalon Studio/Analytics/Reports/BofA Sanity Check/20181101_155454/1541115362200.png]]

2018-11-01 16:36:02 - [TEST_STEP][FAILED] - verifyElementText: com.kms.katalon.core.webui.exception.WebElementNotFoundException: Web element with id: 'Object Repository/Page_Overview/div_126372' located by 'By.xpath: //div[(text() = '126,372' or . = '126,372')]' not found

2018-11-01 16:36:37 - [MESSAGE][FAILED] - com.kms.katalon.core.webui.exception.WebElementNotFoundException: Web element with id: 'Object Repository/Page_Overview/div_126372' located by 'By.xpath: //div[(text() = '126,372' or . = '126,372')]' not found
[[ATTACHMENT|/Users/alahley/Katalon Studio/Analytics/Reports/BofA Sanity Check/20181101_155454/1541115397216.png]]

2018-11-01 16:36:37 - [TEST_STEP][FAILED] - verifyElementText: com.kms.katalon.core.webui.exception.WebElementNotFoundException: Web element with id: 'Object Repository/Page_Overview/div_Deliveries' located by 'By.xpath: //div[(text() = 'Deliveries' or . = 'Deliveries')]' not found

2018-11-01 16:37:12 - [MESSAGE][FAILED] - com.kms.katalon.core.webui.exception.WebElementNotFoundException: Web element with id: 'Object Repository/Page_Overview/div_Deliveries' located by 'By.xpath: //div[(text() = 'Deliveries' or . = 'Deliveries')]' not found
[[ATTACHMENT|/Users/alahley/Katalon Studio/Analytics/Reports/BofA Sanity Check/20181101_155454/1541115432668.png]]

2018-11-01 16:37:12 - [TEST_STEP][FAILED] - verifyElementText: com.kms.katalon.core.webui.exception.WebElementNotFoundException: Web element with id: 'Object Repository/Page_Overview/div_304621' located by 'By.xpath: //div[(text() = '304,621' or . = '304,621')]' not found

2018-11-01 16:37:47 - [MESSAGE][FAILED] - com.kms.katalon.core.webui.exception.WebElementNotFoundException: Web element with id: 'Object Repository/Page_Overview/div_304621' located by 'By.xpath: //div[(text() = '304,621' or . = '304,621')]' not found
[[ATTACHMENT|/Users/alahley/Katalon Studio/Analytics/Reports/BofA Sanity Check/20181101_155454/1541115467706.png]]

2018-11-01 16:37:47 - [TEST_STEP][FAILED] - verifyElementText: com.kms.katalon.core.webui.exception.WebElementNotFoundException: Web element with id: 'Object Repository/Page_Overview/div_Saved GB' located by 'By.xpath: //div[(text() = 'Saved GB' or . = 'Saved GB')]' not found

2018-11-01 16:38:23 - [MESSAGE][FAILED] - com.kms.katalon.core.webui.exception.WebElementNotFoundException: Web element with id: 'Object Repository/Page_Overview/div_Saved GB' located by 'By.xpath: //div[(text() = 'Saved GB' or . = 'Saved GB')]' not found
[[ATTACHMENT|/Users/alahley/Katalon Studio/Analytics/Reports/BofA Sanity Check/20181101_155454/1541115502955.png]]

2018-11-01 16:38:23 - [TEST_STEP][FAILED] - verifyElementText: com.kms.katalon.core.webui.exception.WebElementNotFoundException: Web element with id: 'Object Repository/Page_Overview/div_5541' located by 'By.xpath: //div[(text() = '5,541' or . = '5,541')]' not found

2018-11-01 16:38:58 - [MESSAGE][FAILED] - com.kms.katalon.core.webui.exception.WebElementNotFoundException: Web element with id: 'Object Repository/Page_Overview/div_5541' located by 'By.xpath: //div[(text() = '5,541' or . = '5,541')]' not found
[[ATTACHMENT|/Users/alahley/Katalon Studio/Analytics/Reports/BofA Sanity Check/20181101_155454/1541115538117.png]]

2018-11-01 16:38:58 - [TEST_STEP][FAILED] - verifyElementText: com.kms.katalon.core.webui.exception.WebElementNotFoundException: Web element with id: 'Object Repository/Page_Overview/div_Total GB' located by 'By.xpath: //div[(text() = 'Total GB' or . = 'Total GB')]' not found

2018-11-01 16:39:33 - [MESSAGE][FAILED] - com.kms.katalon.core.webui.exception.WebElementNotFoundException: Web element with id: 'Object Repository/Page_Overview/div_Total GB' located by 'By.xpath: //div[(text() = 'Total GB' or . = 'Total GB')]' not found
[[ATTACHMENT|/Users/alahley/Katalon Studio/Analytics/Reports/BofA Sanity Check/20181101_155454/1541115573334.png]]

2018-11-01 16:39:33 - [TEST_STEP][FAILED] - verifyElementText: com.kms.katalon.core.webui.exception.WebElementNotFoundException: Web element with id: 'Object Repository/Page_Overview/div_6349.25' located by 'By.xpath: //div[(text() = '6,349.25' or . = '6,349.25')]' not found

2018-11-01 16:40:08 - [MESSAGE][FAILED] - com.kms.katalon.core.webui.exception.WebElementNotFoundException: Web element with id: 'Object Repository/Page_Overview/div_6349.25' located by 'By.xpath: //div[(text() = '6,349.25' or . = '6,349.25')]' not found
[[ATTACHMENT|/Users/alahley/Katalon Studio/Analytics/Reports/BofA Sanity Check/20181101_155454/1541115608379.png]]

2018-11-01 16:40:08 - [TEST_STEP][PASSED] - verifyElementPresent: Object 'Object Repository/Page_Overview/div_Peering Efficiency' is present

2018-11-01 16:40:08 - [MESSAGE][WARNING] - Timeout '0' is invalid. Using default page load timeout: '30'

2018-11-01 16:40:08 - [MESSAGE][PASSED] - Object 'Object Repository/Page_Overview/div_Peering Efficiency' is present

2018-11-01 16:40:08 - [TEST_STEP][FAILED] - verifyElementPresent: com.kms.katalon.core.webui.exception.WebElementNotFoundException: Web element with id: 'Object Repository/Page_Overview/div_87' located by 'By.xpath: //div[(text() = '87%' or . = '87%')]' not found

2018-11-01 16:40:08 - [MESSAGE][WARNING] - Timeout '0' is invalid. Using default page load timeout: '30'

2018-11-01 16:40:43 - [MESSAGE][FAILED] - com.kms.katalon.core.webui.exception.WebElementNotFoundException: Web element with id: 'Object Repository/Page_Overview/div_87' located by 'By.xpath: //div[(text() = '87%' or . = '87%')]' not found
[[ATTACHMENT|/Users/alahley/Katalon Studio/Analytics/Reports/BofA Sanity Check/20181101_155454/1541115643278.png]]

2018-11-01 16:40:43 - [TEST_STEP][FAILED] - verifyElementPresent: com.kms.katalon.core.webui.exception.WebElementNotFoundException: Web element with id: 'Object Repository/Page_Overview/div_VoD Summary Peering Effici' located by 'By.xpath: //div[(text() = 'VoD Summary Peering Efficiency' or . = 'VoD Summary Peering Efficiency')]' not found

2018-11-01 16:40:43 - [MESSAGE][WARNING] - Timeout '0' is invalid. Using default page load timeout: '30'

2018-11-01 16:41:18 - [MESSAGE][FAILED] - com.kms.katalon.core.webui.exception.WebElementNotFoundException: Web element with id: 'Object Repository/Page_Overview/div_VoD Summary Peering Effici' located by 'By.xpath: //div[(text() = 'VoD Summary Peering Efficiency' or . = 'VoD Summary Peering Efficiency')]' not found
[[ATTACHMENT|/Users/alahley/Katalon Studio/Analytics/Reports/BofA Sanity Check/20181101_155454/1541115678157.png]]

2018-11-01 16:41:18 - [TEST_STEP][FAILED] - verifyElementPresent: com.kms.katalon.core.webui.exception.WebElementNotFoundException: Web element with id: 'Object Repository/Page_Overview/a_Go to VoD Summary (1)' located by 'By.xpath: //a[@href = '/dashboards/analytics_external::vod_summary' and (text() = '
           Go to VoD Summary' or . = '
           Go to VoD Summary')]' not found

2018-11-01 16:41:18 - [MESSAGE][WARNING] - Timeout '0' is invalid. Using default page load timeout: '30'

2018-11-01 16:42:00 - [MESSAGE][FAILED] - com.kms.katalon.core.webui.exception.WebElementNotFoundException: Web element with id: 'Object Repository/Page_Overview/a_Go to VoD Summary (1)' located by 'By.xpath: //a[@href = '/dashboards/analytics_external::vod_summary' and (text() = '
           Go to VoD Summary' or . = '
           Go to VoD Summary')]' not found
[[ATTACHMENT|/Users/alahley/Katalon Studio/Analytics/Reports/BofA Sanity Check/20181101_155454/1541115720470.png]]

2018-11-01 16:42:00 - [TEST_STEP][PASSED] - verifyElementPresent: Object 'Object Repository/Page_Overview/div_Peering Efficiency' is present

2018-11-01 16:42:00 - [MESSAGE][WARNING] - Timeout '0' is invalid. Using default page load timeout: '30'

2018-11-01 16:42:00 - [MESSAGE][PASSED] - Object 'Object Repository/Page_Overview/div_Peering Efficiency' is present

2018-11-01 16:42:00 - [TEST_STEP][PASSED] - verifyElementPresent: Object 'Object Repository/Page_Overview/div_Peering Efficiency (1)' is present

2018-11-01 16:42:00 - [MESSAGE][WARNING] - Timeout '0' is invalid. Using default page load timeout: '30'

2018-11-01 16:42:00 - [MESSAGE][PASSED] - Object 'Object Repository/Page_Overview/div_Peering Efficiency (1)' is present

2018-11-01 16:42:00 - [TEST_STEP][PASSED] - verifyElementPresent: Object 'Object Repository/Page_Overview/div_Live Views' is present

2018-11-01 16:42:00 - [MESSAGE][WARNING] - Timeout '0' is invalid. Using default page load timeout: '30'

2018-11-01 16:42:00 - [MESSAGE][PASSED] - Object 'Object Repository/Page_Overview/div_Live Views' is present

2018-11-01 16:42:00 - [TEST_STEP][PASSED] - verifyElementPresent: Object 'Object Repository/Page_Overview/div_Live Events' is present

2018-11-01 16:42:00 - [MESSAGE][WARNING] - Timeout '0' is invalid. Using default page load timeout: '30'

2018-11-01 16:42:00 - [MESSAGE][PASSED] - Object 'Object Repository/Page_Overview/div_Live Events' is present

2018-11-01 16:42:00 - [TEST_STEP][FAILED] - verifyElementPresent: com.kms.katalon.core.webui.exception.WebElementNotFoundException: Web element with id: 'Object Repository/Page_Overview/span_VoD Views' located by 'By.xpath: //span[(text() = 'VoD Views' or . = 'VoD Views')]' not found

2018-11-01 16:42:00 - [MESSAGE][WARNING] - Timeout '0' is invalid. Using default page load timeout: '30'

2018-11-01 16:44:41 - [MESSAGE][FAILED] - com.kms.katalon.core.webui.exception.WebElementNotFoundException: Web element with id: 'Object Repository/Page_Overview/span_VoD Views' located by 'By.xpath: //span[(text() = 'VoD Views' or . = 'VoD Views')]' not found
[[ATTACHMENT|/Users/alahley/Katalon Studio/Analytics/Reports/BofA Sanity Check/20181101_155454/1541115880968.png]]

2018-11-01 16:44:41 - [TEST_STEP][FAILED] - verifyElementPresent: com.kms.katalon.core.webui.exception.WebElementNotFoundException: Web element with id: 'Object Repository/Page_Overview/div_VoD over time' located by 'By.xpath: //div[(text() = 'VoD over time' or . = 'VoD over time')]' not found

2018-11-01 16:44:41 - [MESSAGE][WARNING] - Timeout '0' is invalid. Using default page load timeout: '30'

2018-11-01 16:45:16 - [MESSAGE][FAILED] - com.kms.katalon.core.webui.exception.WebElementNotFoundException: Web element with id: 'Object Repository/Page_Overview/div_VoD over time' located by 'By.xpath: //div[(text() = 'VoD over time' or . = 'VoD over time')]' not found
[[ATTACHMENT|/Users/alahley/Katalon Studio/Analytics/Reports/BofA Sanity Check/20181101_155454/1541115916314.png]]

2018-11-01 16:45:16 - [TEST_STEP][FAILED] - verifyElementPresent: com.kms.katalon.core.webui.exception.WebElementNotFoundException: Web element with id: 'Object Repository/Page_Overview/span_Deliveries by Month' located by 'By.xpath: //span[(text() = 'Deliveries by Month' or . = 'Deliveries by Month')]' not found

2018-11-01 16:45:16 - [MESSAGE][WARNING] - Timeout '0' is invalid. Using default page load timeout: '30'

2018-11-01 16:47:49 - [MESSAGE][FAILED] - com.kms.katalon.core.webui.exception.WebElementNotFoundException: Web element with id: 'Object Repository/Page_Overview/span_Deliveries by Month' located by 'By.xpath: //span[(text() = 'Deliveries by Month' or . = 'Deliveries by Month')]' not found
[[ATTACHMENT|/Users/alahley/Katalon Studio/Analytics/Reports/BofA Sanity Check/20181101_155454/1541116069236.png]]

2018-11-01 16:47:49 - [TEST_STEP][FAILED] - verifyElementPresent: com.kms.katalon.core.webui.exception.WebElementNotFoundException: Web element with id: 'Object Repository/Page_Overview/a_Go to Live Event Summary' located by 'By.xpath: //a[@href = '/dashboards/analytics_external::live_event_summary' and (text() = '
           Go to Live Event Summary' or . = '
           Go to Live Event Summary')]' not found

2018-11-01 16:47:49 - [MESSAGE][WARNING] - Timeout '0' is invalid. Using default page load timeout: '30'

2018-11-01 16:48:32 - [MESSAGE][FAILED] - com.kms.katalon.core.webui.exception.WebElementNotFoundException: Web element with id: 'Object Repository/Page_Overview/a_Go to Live Event Summary' located by 'By.xpath: //a[@href = '/dashboards/analytics_external::live_event_summary' and (text() = '
           Go to Live Event Summary' or . = '
           Go to Live Event Summary')]' not found
[[ATTACHMENT|/Users/alahley/Katalon Studio/Analytics/Reports/BofA Sanity Check/20181101_155454/1541116112770.png]]

2018-11-01 16:48:32 - [TEST_STEP][FAILED] - verifyElementPresent: com.kms.katalon.core.webui.exception.WebElementNotFoundException: Web element with id: 'Object Repository/Page_Overview/a_Go to VoD Summary' located by 'By.xpath: //a[@href = '/dashboards/analytics_external::vod_summary' and (text() = '
           Go to VoD Summary' or . = '
           Go to VoD Summary')]' not found

2018-11-01 16:48:32 - [MESSAGE][WARNING] - Timeout '0' is invalid. Using default page load timeout: '30'

2018-11-01 16:49:14 - [MESSAGE][FAILED] - com.kms.katalon.core.webui.exception.WebElementNotFoundException: Web element with id: 'Object Repository/Page_Overview/a_Go to VoD Summary' located by 'By.xpath: //a[@href = '/dashboards/analytics_external::vod_summary' and (text() = '
           Go to VoD Summary' or . = '
           Go to VoD Summary')]' not found
[[ATTACHMENT|/Users/alahley/Katalon Studio/Analytics/Reports/BofA Sanity Check/20181101_155454/1541116154205.png]]

2018-11-01 16:49:14 - [TEST_STEP][FAILED] - verifyElementPresent: com.kms.katalon.core.webui.exception.WebElementNotFoundException: Web element with id: 'Object Repository/Page_Overview/a_Go to Network Summary' located by 'By.xpath: //a[@href = '/dashboards/analytics_external::network_summary' and (text() = '
           Go to Network Summary' or . = '
           Go to Network Summary')]' not found

2018-11-01 16:49:14 - [MESSAGE][WARNING] - Timeout '0' is invalid. Using default page load timeout: '30'

2018-11-01 16:49:57 - [MESSAGE][FAILED] - com.kms.katalon.core.webui.exception.WebElementNotFoundException: Web element with id: 'Object Repository/Page_Overview/a_Go to Network Summary' located by 'By.xpath: //a[@href = '/dashboards/analytics_external::network_summary' and (text() = '
           Go to Network Summary' or . = '
           Go to Network Summary')]' not found
[[ATTACHMENT|/Users/alahley/Katalon Studio/Analytics/Reports/BofA Sanity Check/20181101_155454/1541116196867.png]]

2018-11-01 16:49:57 - [TEST_STEP][PASSED] - closeBrowser: Browser is closed

2018-11-01 16:49:57 - [MESSAGE][PASSED] - Browser is closed]]></system-out>
         <system-err><![CDATA[2018-11-01 16:24:57 - [TEST_CASE][FAILED] - Test Cases/BofA/BofA - Overview: Test Cases/BofA/BofA - Overview FAILED because (of) (Stack trace: com.kms.katalon.core.exception.StepFailedException: Unable to click on object 'Object Repository/Page_Overview/i_Stop_lk-icon-gear' (Root cause: com.kms.katalon.core.webui.exception.WebElementNotFoundException: Web element with id: 'Object Repository/Page_Overview/i_Stop_lk-icon-gear' located by 'By.xpath: id("lk-title")/div[@class="lk-title-controls-container"]/div[@class="lk-title-controls ng-scope"]/div[@class="dashboard-dropdown ng-scope dropdown"]/div[@class="dropdown-toggle button-xs"]/i[@class="lk-icon-gear"]' not found)
	at com.kms.katalon.core.keyword.internal.KeywordMain.stepFailed(KeywordMain.groovy:32)
	at com.kms.katalon.core.webui.keyword.internal.WebUIKeywordMain.stepFailed(WebUIKeywordMain.groovy:65)
	at com.kms.katalon.core.webui.keyword.internal.WebUIKeywordMain.runKeyword(WebUIKeywordMain.groovy:27)
	at com.kms.katalon.core.webui.keyword.builtin.ClickKeyword.click(ClickKeyword.groovy:86)
	at com.kms.katalon.core.webui.keyword.builtin.ClickKeyword.execute(ClickKeyword.groovy:67)
	at com.kms.katalon.core.keyword.internal.KeywordExecutor.executeKeywordForPlatform(KeywordExecutor.groovy:53)
	at com.kms.katalon.core.webui.keyword.WebUiBuiltInKeywords.click(WebUiBuiltInKeywords.groovy:616)
	at com.kms.katalon.core.webui.keyword.WebUiBuiltInKeywords$click$2.call(Unknown Source)
	at org.codehaus.groovy.runtime.callsite.CallSiteArray.defaultCall(CallSiteArray.java:48)
	at org.codehaus.groovy.runtime.callsite.AbstractCallSite.call(AbstractCallSite.java:113)
	at org.codehaus.groovy.runtime.callsite.AbstractCallSite.call(AbstractCallSite.java:125)
	at Script1541106733606.run(Script1541106733606.groovy:53)
	at com.kms.katalon.core.main.ScriptEngine.run(ScriptEngine.java:183)
	at com.kms.katalon.core.main.ScriptEngine.runScriptAsRawText(ScriptEngine.java:108)
	at com.kms.katalon.core.main.TestCaseExecutor.runScript(TestCaseExecutor.java:294)
	at com.kms.katalon.core.main.TestCaseExecutor.doExecute(TestCaseExecutor.java:285)
	at com.kms.katalon.core.main.TestCaseExecutor.processExecutionPhase(TestCaseExecutor.java:264)
	at com.kms.katalon.core.main.TestCaseExecutor.accessMainPhase(TestCaseExecutor.java:256)
	at com.kms.katalon.core.main.TestCaseExecutor.execute(TestCaseExecutor.java:200)
	at com.kms.katalon.core.main.TestSuiteExecutor.accessTestCaseMainPhase(TestSuiteExecutor.java:129)
	at com.kms.katalon.core.main.TestSuiteExecutor.accessTestSuiteMainPhase(TestSuiteExecutor.java:112)
	at com.kms.katalon.core.main.TestSuiteExecutor.execute(TestSuiteExecutor.java:81)
	at com.kms.katalon.core.main.TestCaseMain.startTestSuite(TestCaseMain.java:142)
	at com.kms.katalon.core.main.TestCaseMain$startTestSuite$0.call(Unknown Source)
	at org.codehaus.groovy.runtime.callsite.CallSiteArray.defaultCall(CallSiteArray.java:48)
	at org.codehaus.groovy.runtime.callsite.AbstractCallSite.call(AbstractCallSite.java:113)
	at org.codehaus.groovy.runtime.callsite.AbstractCallSite.call(AbstractCallSite.java:141)
	at TempTestSuite1541112894227.run(TempTestSuite1541112894227.groovy:36)
	at groovy.lang.GroovyShell.runScriptOrMainOrTestOrRunnable(GroovyShell.java:263)
	at groovy.lang.GroovyShell.run(GroovyShell.java:518)
	at groovy.lang.GroovyShell.run(GroovyShell.java:507)
	at groovy.ui.GroovyMain.processOnce(GroovyMain.java:653)
	at groovy.ui.GroovyMain.run(GroovyMain.java:384)
	at groovy.ui.GroovyMain.process(GroovyMain.java:370)
	at groovy.ui.GroovyMain.processArgs(GroovyMain.java:129)
	at groovy.ui.GroovyMain.main(GroovyMain.java:109)
	at sun.reflect.NativeMethodAccessorImpl.invoke0(Native Method)
	at sun.reflect.NativeMethodAccessorImpl.invoke(NativeMethodAccessorImpl.java:62)
	at sun.reflect.DelegatingMethodAccessorImpl.invoke(DelegatingMethodAccessorImpl.java:43)
	at java.lang.reflect.Method.invoke(Method.java:498)
	at org.codehaus.groovy.tools.GroovyStarter.rootLoader(GroovyStarter.java:109)
	at org.codehaus.groovy.tools.GroovyStarter.main(GroovyStarter.java:131)
)]]></system-err>
      </testcase>
      <testcase name="Test Cases/BofA/BofA - Fixture Data" classname="Test Cases/BofA/BofA - Fixture Data" status="FAILED">
         <failure type="FAILED" message="(Stack trace: com.kms.katalon.core.exception.StepFailedException: Unable to click on object 'Object Repository/Page_Users/a_Sudo' (Root cause: com.kms.katalon.core.webui.exception.WebElementNotFoundException: Web element with id: 'Object Repository/Page_Users/a_Sudo' located by 'By.xpath: //a[@href = '/admin/sudo/login/191' and (text() = 'Sudo' or . = 'Sudo')]' not found)
	at com.kms.katalon.core.keyword.internal.KeywordMain.stepFailed(KeywordMain.groovy:32)
	at com.kms.katalon.core.webui.keyword.internal.WebUIKeywordMain.stepFailed(WebUIKeywordMain.groovy:65)
	at com.kms.katalon.core.webui.keyword.internal.WebUIKeywordMain.runKeyword(WebUIKeywordMain.groovy:27)
	at com.kms.katalon.core.webui.keyword.builtin.ClickKeyword.click(ClickKeyword.groovy:86)
	at com.kms.katalon.core.webui.keyword.builtin.ClickKeyword.execute(ClickKeyword.groovy:67)
	at com.kms.katalon.core.keyword.internal.KeywordExecutor.executeKeywordForPlatform(KeywordExecutor.groovy:53)
	at com.kms.katalon.core.webui.keyword.WebUiBuiltInKeywords.click(WebUiBuiltInKeywords.groovy:616)
	at com.kms.katalon.core.webui.keyword.WebUiBuiltInKeywords$click$2.call(Unknown Source)
	at org.codehaus.groovy.runtime.callsite.CallSiteArray.defaultCall(CallSiteArray.java:48)
	at org.codehaus.groovy.runtime.callsite.AbstractCallSite.call(AbstractCallSite.java:113)
	at org.codehaus.groovy.runtime.callsite.AbstractCallSite.call(AbstractCallSite.java:125)
	at Script1541106711883.run(Script1541106711883.groovy:41)
	at com.kms.katalon.core.main.ScriptEngine.run(ScriptEngine.java:183)
	at com.kms.katalon.core.main.ScriptEngine.runScriptAsRawText(ScriptEngine.java:108)
	at com.kms.katalon.core.main.TestCaseExecutor.runScript(TestCaseExecutor.java:294)
	at com.kms.katalon.core.main.TestCaseExecutor.doExecute(TestCaseExecutor.java:285)
	at com.kms.katalon.core.main.TestCaseExecutor.processExecutionPhase(TestCaseExecutor.java:264)
	at com.kms.katalon.core.main.TestCaseExecutor.accessMainPhase(TestCaseExecutor.java:256)
	at com.kms.katalon.core.main.TestCaseExecutor.execute(TestCaseExecutor.java:200)
	at com.kms.katalon.core.main.TestSuiteExecutor.accessTestCaseMainPhase(TestSuiteExecutor.java:129)
	at com.kms.katalon.core.main.TestSuiteExecutor.accessTestSuiteMainPhase(TestSuiteExecutor.java:112)
	at com.kms.katalon.core.main.TestSuiteExecutor.execute(TestSuiteExecutor.java:81)
	at com.kms.katalon.core.main.TestCaseMain.startTestSuite(TestCaseMain.java:142)
	at com.kms.katalon.core.main.TestCaseMain$startTestSuite$0.call(Unknown Source)
	at org.codehaus.groovy.runtime.callsite.CallSiteArray.defaultCall(CallSiteArray.java:48)
	at org.codehaus.groovy.runtime.callsite.AbstractCallSite.call(AbstractCallSite.java:113)
	at org.codehaus.groovy.runtime.callsite.AbstractCallSite.call(AbstractCallSite.java:141)
	at TempTestSuite1541112894227.run(TempTestSuite1541112894227.groovy:36)
	at groovy.lang.GroovyShell.runScriptOrMainOrTestOrRunnable(GroovyShell.java:263)
	at groovy.lang.GroovyShell.run(GroovyShell.java:518)
	at groovy.lang.GroovyShell.run(GroovyShell.java:507)
	at groovy.ui.GroovyMain.processOnce(GroovyMain.java:653)
	at groovy.ui.GroovyMain.run(GroovyMain.java:384)
	at groovy.ui.GroovyMain.process(GroovyMain.java:370)
	at groovy.ui.GroovyMain.processArgs(GroovyMain.java:129)
	at groovy.ui.GroovyMain.main(GroovyMain.java:109)
	at sun.reflect.NativeMethodAccessorImpl.invoke0(Native Method)
	at sun.reflect.NativeMethodAccessorImpl.invoke(NativeMethodAccessorImpl.java:62)
	at sun.reflect.DelegatingMethodAccessorImpl.invoke(DelegatingMethodAccessorImpl.java:43)
	at java.lang.reflect.Method.invoke(Method.java:498)
	at org.codehaus.groovy.tools.GroovyStarter.rootLoader(GroovyStarter.java:109)
	at org.codehaus.groovy.tools.GroovyStarter.main(GroovyStarter.java:131)
)"/>
         <system-out><![CDATA[2018-11-01 16:49:57 - [TEST_CASE][FAILED] - Test Cases/BofA/BofA - Fixture Data: Test Cases/BofA/BofA - Fixture Data FAILED because (of) (Stack trace: com.kms.katalon.core.exception.StepFailedException: Unable to click on object 'Object Repository/Page_Users/a_Sudo' (Root cause: com.kms.katalon.core.webui.exception.WebElementNotFoundException: Web element with id: 'Object Repository/Page_Users/a_Sudo' located by 'By.xpath: //a[@href = '/admin/sudo/login/191' and (text() = 'Sudo' or . = 'Sudo')]' not found)
	at com.kms.katalon.core.keyword.internal.KeywordMain.stepFailed(KeywordMain.groovy:32)
	at com.kms.katalon.core.webui.keyword.internal.WebUIKeywordMain.stepFailed(WebUIKeywordMain.groovy:65)
	at com.kms.katalon.core.webui.keyword.internal.WebUIKeywordMain.runKeyword(WebUIKeywordMain.groovy:27)
	at com.kms.katalon.core.webui.keyword.builtin.ClickKeyword.click(ClickKeyword.groovy:86)
	at com.kms.katalon.core.webui.keyword.builtin.ClickKeyword.execute(ClickKeyword.groovy:67)
	at com.kms.katalon.core.keyword.internal.KeywordExecutor.executeKeywordForPlatform(KeywordExecutor.groovy:53)
	at com.kms.katalon.core.webui.keyword.WebUiBuiltInKeywords.click(WebUiBuiltInKeywords.groovy:616)
	at com.kms.katalon.core.webui.keyword.WebUiBuiltInKeywords$click$2.call(Unknown Source)
	at org.codehaus.groovy.runtime.callsite.CallSiteArray.defaultCall(CallSiteArray.java:48)
	at org.codehaus.groovy.runtime.callsite.AbstractCallSite.call(AbstractCallSite.java:113)
	at org.codehaus.groovy.runtime.callsite.AbstractCallSite.call(AbstractCallSite.java:125)
	at Script1541106711883.run(Script1541106711883.groovy:41)
	at com.kms.katalon.core.main.ScriptEngine.run(ScriptEngine.java:183)
	at com.kms.katalon.core.main.ScriptEngine.runScriptAsRawText(ScriptEngine.java:108)
	at com.kms.katalon.core.main.TestCaseExecutor.runScript(TestCaseExecutor.java:294)
	at com.kms.katalon.core.main.TestCaseExecutor.doExecute(TestCaseExecutor.java:285)
	at com.kms.katalon.core.main.TestCaseExecutor.processExecutionPhase(TestCaseExecutor.java:264)
	at com.kms.katalon.core.main.TestCaseExecutor.accessMainPhase(TestCaseExecutor.java:256)
	at com.kms.katalon.core.main.TestCaseExecutor.execute(TestCaseExecutor.java:200)
	at com.kms.katalon.core.main.TestSuiteExecutor.accessTestCaseMainPhase(TestSuiteExecutor.java:129)
	at com.kms.katalon.core.main.TestSuiteExecutor.accessTestSuiteMainPhase(TestSuiteExecutor.java:112)
	at com.kms.katalon.core.main.TestSuiteExecutor.execute(TestSuiteExecutor.java:81)
	at com.kms.katalon.core.main.TestCaseMain.startTestSuite(TestCaseMain.java:142)
	at com.kms.katalon.core.main.TestCaseMain$startTestSuite$0.call(Unknown Source)
	at org.codehaus.groovy.runtime.callsite.CallSiteArray.defaultCall(CallSiteArray.java:48)
	at org.codehaus.groovy.runtime.callsite.AbstractCallSite.call(AbstractCallSite.java:113)
	at org.codehaus.groovy.runtime.callsite.AbstractCallSite.call(AbstractCallSite.java:141)
	at TempTestSuite1541112894227.run(TempTestSuite1541112894227.groovy:36)
	at groovy.lang.GroovyShell.runScriptOrMainOrTestOrRunnable(GroovyShell.java:263)
	at groovy.lang.GroovyShell.run(GroovyShell.java:518)
	at groovy.lang.GroovyShell.run(GroovyShell.java:507)
	at groovy.ui.GroovyMain.processOnce(GroovyMain.java:653)
	at groovy.ui.GroovyMain.run(GroovyMain.java:384)
	at groovy.ui.GroovyMain.process(GroovyMain.java:370)
	at groovy.ui.GroovyMain.processArgs(GroovyMain.java:129)
	at groovy.ui.GroovyMain.main(GroovyMain.java:109)
	at sun.reflect.NativeMethodAccessorImpl.invoke0(Native Method)
	at sun.reflect.NativeMethodAccessorImpl.invoke(NativeMethodAccessorImpl.java:62)
	at sun.reflect.DelegatingMethodAccessorImpl.invoke(DelegatingMethodAccessorImpl.java:43)
	at java.lang.reflect.Method.invoke(Method.java:498)
	at org.codehaus.groovy.tools.GroovyStarter.rootLoader(GroovyStarter.java:109)
	at org.codehaus.groovy.tools.GroovyStarter.main(GroovyStarter.java:131)
)

2018-11-01 16:49:57 - [TEST_STEP][PASSED] - openBrowser: Browser is opened with url: 'https://stats.us1.kontiki.com/login/email'

2018-11-01 16:50:02 - [MESSAGE][PASSED] - Browser is opened with url: 'https://stats.us1.kontiki.com/login/email'

2018-11-01 16:50:02 - [TEST_STEP][PASSED] - setText: Text 'alahley@kollective.com' is set on object 'Object Repository/Page_Log in/input_email'

2018-11-01 16:50:02 - [MESSAGE][PASSED] - Text 'alahley@kollective.com' is set on object 'Object Repository/Page_Log in/input_email'

2018-11-01 16:50:02 - [TEST_STEP][PASSED] - setEncryptedText: Text ****** has been set on object 'Object Repository/Page_Log in/input_password'

2018-11-01 16:50:02 - [MESSAGE][PASSED] - Text ****** has been set on object 'Object Repository/Page_Log in/input_password'

2018-11-01 16:50:02 - [TEST_STEP][PASSED] - click: Object: 'Object Repository/Page_Log in/input_remember' is clicked on

2018-11-01 16:50:02 - [MESSAGE][PASSED] - Object: 'Object Repository/Page_Log in/input_remember' is clicked on

2018-11-01 16:50:02 - [TEST_STEP][PASSED] - click: Object: 'Object Repository/Page_Log in/input_login-submit' is clicked on

2018-11-01 16:50:03 - [MESSAGE][PASSED] - Object: 'Object Repository/Page_Log in/input_login-submit' is clicked on

2018-11-01 16:50:03 - [TEST_STEP][PASSED] - waitForAngularLoad: Angular is ready.

2018-11-01 16:50:07 - [MESSAGE][PASSED] - Angular is ready.

2018-11-01 16:50:07 - [TEST_STEP][PASSED] - waitForPageLoad: Wait for page load successfully

2018-11-01 16:50:07 - [MESSAGE][WARNING] - Timeout '0' is invalid. Using default page load timeout: '30'

2018-11-01 16:50:07 - [MESSAGE][PASSED] - Wait for page load successfully

2018-11-01 16:50:07 - [TEST_STEP][PASSED] - navigateToUrl: Navigate to 'https://stats.us1.kontiki.com/admin/users?sorts=last_name%20asc&name=demo' successfully

2018-11-01 16:50:08 - [MESSAGE][PASSED] - Navigate to 'https://stats.us1.kontiki.com/admin/users?sorts=last_name%20asc&name=demo' successfully

2018-11-01 16:50:08 - [TEST_STEP][PASSED] - waitForAngularLoad: Angular is ready.

2018-11-01 16:50:10 - [MESSAGE][PASSED] - Angular is ready.

2018-11-01 16:50:10 - [TEST_STEP][FAILED] - click: Unable to click on object 'Object Repository/Page_Users/a_Sudo' (Root cause: com.kms.katalon.core.webui.exception.WebElementNotFoundException: Web element with id: 'Object Repository/Page_Users/a_Sudo' located by 'By.xpath: //a[@href = '/admin/sudo/login/191' and (text() = 'Sudo' or . = 'Sudo')]' not found)

2018-11-01 16:50:45 - [MESSAGE][FAILED] - Unable to click on object 'Object Repository/Page_Users/a_Sudo' (Root cause: com.kms.katalon.core.webui.exception.WebElementNotFoundException: Web element with id: 'Object Repository/Page_Users/a_Sudo' located by 'By.xpath: //a[@href = '/admin/sudo/login/191' and (text() = 'Sudo' or . = 'Sudo')]' not found)
[[ATTACHMENT|/Users/alahley/Katalon Studio/Analytics/Reports/BofA Sanity Check/20181101_155454/1541116245109.png]]

2018-11-01 16:50:45 - [TEST_STEP][PASSED] - waitForPageLoad: Wait for page load successfully

2018-11-01 16:50:45 - [MESSAGE][WARNING] - Timeout '0' is invalid. Using default page load timeout: '30'

2018-11-01 16:50:45 - [MESSAGE][PASSED] - Wait for page load successfully

2018-11-01 16:50:45 - [TEST_STEP][PASSED] - waitForAngularLoad: Angular is ready.

2018-11-01 16:50:45 - [MESSAGE][PASSED] - Angular is ready.

2018-11-01 16:50:45 - [TEST_STEP][FAILED] - verifyElementText: com.kms.katalon.core.webui.exception.WebElementNotFoundException: Web element with id: 'Object Repository/Page_Overview/span_You are sudoing as Eval D' located by 'By.xpath: //span[(text() = 'You are sudoing as Eval Demo.' or . = 'You are sudoing as Eval Demo.')]' not found

2018-11-01 16:51:17 - [MESSAGE][FAILED] - com.kms.katalon.core.webui.exception.WebElementNotFoundException: Web element with id: 'Object Repository/Page_Overview/span_You are sudoing as Eval D' located by 'By.xpath: //span[(text() = 'You are sudoing as Eval Demo.' or . = 'You are sudoing as Eval Demo.')]' not found
[[ATTACHMENT|/Users/alahley/Katalon Studio/Analytics/Reports/BofA Sanity Check/20181101_155454/1541116276896.png]]

2018-11-01 16:51:17 - [TEST_STEP][FAILED] - click: Unable to click on object 'Object Repository/Page_Overview/i_Run_lk-icon-gear' (Root cause: com.kms.katalon.core.webui.exception.WebElementNotFoundException: Web element with id: 'Object Repository/Page_Overview/i_Run_lk-icon-gear' located by 'By.xpath: id("lk-title")/div[@class="lk-title-controls-container"]/div[@class="lk-title-controls ng-scope"]/div[@class="dashboard-dropdown ng-scope dropdown"]/div[@class="dropdown-toggle button-xs"]/i[@class="lk-icon-gear"]' not found)

2018-11-01 16:51:49 - [MESSAGE][FAILED] - Unable to click on object 'Object Repository/Page_Overview/i_Run_lk-icon-gear' (Root cause: com.kms.katalon.core.webui.exception.WebElementNotFoundException: Web element with id: 'Object Repository/Page_Overview/i_Run_lk-icon-gear' located by 'By.xpath: id("lk-title")/div[@class="lk-title-controls-container"]/div[@class="lk-title-controls ng-scope"]/div[@class="dashboard-dropdown ng-scope dropdown"]/div[@class="dropdown-toggle button-xs"]/i[@class="lk-icon-gear"]' not found)
[[ATTACHMENT|/Users/alahley/Katalon Studio/Analytics/Reports/BofA Sanity Check/20181101_155454/1541116309359.png]]

2018-11-01 16:51:49 - [TEST_STEP][FAILED] - click: Unable to click on object 'Object Repository/Page_Overview/a_Clear Cache  Refresh' (Root cause: com.kms.katalon.core.webui.exception.WebElementNotFoundException: Web element with id: 'Object Repository/Page_Overview/a_Clear Cache  Refresh' located by 'By.xpath: //a[(text() = 'Clear Cache & Refresh' or . = 'Clear Cache & Refresh')]' not found)

2018-11-01 16:52:21 - [MESSAGE][FAILED] - Unable to click on object 'Object Repository/Page_Overview/a_Clear Cache  Refresh' (Root cause: com.kms.katalon.core.webui.exception.WebElementNotFoundException: Web element with id: 'Object Repository/Page_Overview/a_Clear Cache  Refresh' located by 'By.xpath: //a[(text() = 'Clear Cache & Refresh' or . = 'Clear Cache & Refresh')]' not found)
[[ATTACHMENT|/Users/alahley/Katalon Studio/Analytics/Reports/BofA Sanity Check/20181101_155454/1541116341594.png]]

2018-11-01 16:52:21 - [TEST_STEP][PASSED] - waitForAngularLoad: Angular is ready.

2018-11-01 16:52:21 - [MESSAGE][PASSED] - Angular is ready.

2018-11-01 16:52:21 - [TEST_STEP][PASSED] - waitForPageLoad: Wait for page load successfully

2018-11-01 16:52:21 - [MESSAGE][WARNING] - Timeout '0' is invalid. Using default page load timeout: '30'

2018-11-01 16:52:21 - [MESSAGE][PASSED] - Wait for page load successfully

2018-11-01 16:52:21 - [TEST_STEP][FAILED] - verifyElementText: com.kms.katalon.core.webui.exception.WebElementNotFoundException: Web element with id: 'Object Repository/Page_Overview/div_14' located by 'By.xpath: //div[(text() = '14' or . = '14')]' not found

2018-11-01 16:52:53 - [MESSAGE][FAILED] - com.kms.katalon.core.webui.exception.WebElementNotFoundException: Web element with id: 'Object Repository/Page_Overview/div_14' located by 'By.xpath: //div[(text() = '14' or . = '14')]' not found
[[ATTACHMENT|/Users/alahley/Katalon Studio/Analytics/Reports/BofA Sanity Check/20181101_155454/1541116373462.png]]

2018-11-01 16:52:53 - [TEST_STEP][FAILED] - verifyElementText: com.kms.katalon.core.webui.exception.WebElementNotFoundException: Web element with id: 'Object Repository/Page_Overview/div_4' located by 'By.xpath: //div[(text() = '4' or . = '4')]' not found

2018-11-01 16:53:25 - [MESSAGE][FAILED] - com.kms.katalon.core.webui.exception.WebElementNotFoundException: Web element with id: 'Object Repository/Page_Overview/div_4' located by 'By.xpath: //div[(text() = '4' or . = '4')]' not found
[[ATTACHMENT|/Users/alahley/Katalon Studio/Analytics/Reports/BofA Sanity Check/20181101_155454/1541116405325.png]]

2018-11-01 16:53:25 - [TEST_STEP][FAILED] - verifyElementText: com.kms.katalon.core.webui.exception.WebElementNotFoundException: Web element with id: 'Object Repository/Page_Overview/div_65282' located by 'By.xpath: //div[(text() = '65,282' or . = '65,282')]' not found

2018-11-01 16:53:56 - [MESSAGE][FAILED] - com.kms.katalon.core.webui.exception.WebElementNotFoundException: Web element with id: 'Object Repository/Page_Overview/div_65282' located by 'By.xpath: //div[(text() = '65,282' or . = '65,282')]' not found
[[ATTACHMENT|/Users/alahley/Katalon Studio/Analytics/Reports/BofA Sanity Check/20181101_155454/1541116436608.png]]

2018-11-01 16:53:56 - [TEST_STEP][FAILED] - verifyElementText: com.kms.katalon.core.webui.exception.WebElementNotFoundException: Web element with id: 'Object Repository/Page_Overview/div_16748' located by 'By.xpath: //div[(text() = '16,748' or . = '16,748')]' not found

2018-11-01 16:54:28 - [MESSAGE][FAILED] - com.kms.katalon.core.webui.exception.WebElementNotFoundException: Web element with id: 'Object Repository/Page_Overview/div_16748' located by 'By.xpath: //div[(text() = '16,748' or . = '16,748')]' not found
[[ATTACHMENT|/Users/alahley/Katalon Studio/Analytics/Reports/BofA Sanity Check/20181101_155454/1541116468170.png]]

2018-11-01 16:54:28 - [TEST_STEP][FAILED] - verifyElementText: com.kms.katalon.core.webui.exception.WebElementNotFoundException: Web element with id: 'Object Repository/Page_Overview/div_15' located by 'By.xpath: //div[(text() = '15' or . = '15')]' not found

2018-11-01 16:54:59 - [MESSAGE][FAILED] - com.kms.katalon.core.webui.exception.WebElementNotFoundException: Web element with id: 'Object Repository/Page_Overview/div_15' located by 'By.xpath: //div[(text() = '15' or . = '15')]' not found
[[ATTACHMENT|/Users/alahley/Katalon Studio/Analytics/Reports/BofA Sanity Check/20181101_155454/1541116499557.png]]

2018-11-01 16:54:59 - [TEST_STEP][FAILED] - verifyElementText: com.kms.katalon.core.webui.exception.WebElementNotFoundException: Web element with id: 'Object Repository/Page_Overview/div_185239' located by 'By.xpath: //div[(text() = '185,239' or . = '185,239')]' not found

2018-11-01 16:55:31 - [MESSAGE][FAILED] - com.kms.katalon.core.webui.exception.WebElementNotFoundException: Web element with id: 'Object Repository/Page_Overview/div_185239' located by 'By.xpath: //div[(text() = '185,239' or . = '185,239')]' not found
[[ATTACHMENT|/Users/alahley/Katalon Studio/Analytics/Reports/BofA Sanity Check/20181101_155454/1541116530951.png]]

2018-11-01 16:55:31 - [TEST_STEP][FAILED] - verifyElementText: com.kms.katalon.core.webui.exception.WebElementNotFoundException: Web element with id: 'Object Repository/Page_Overview/div_114063' located by 'By.xpath: //div[(text() = '114,063' or . = '114,063')]' not found

2018-11-01 16:56:02 - [MESSAGE][FAILED] - com.kms.katalon.core.webui.exception.WebElementNotFoundException: Web element with id: 'Object Repository/Page_Overview/div_114063' located by 'By.xpath: //div[(text() = '114,063' or . = '114,063')]' not found
[[ATTACHMENT|/Users/alahley/Katalon Studio/Analytics/Reports/BofA Sanity Check/20181101_155454/1541116562338.png]]

2018-11-01 16:56:02 - [TEST_STEP][FAILED] - verifyElementText: com.kms.katalon.core.webui.exception.WebElementNotFoundException: Web element with id: 'Object Repository/Page_Overview/div_15421.6' located by 'By.xpath: //div[(text() = '15,421.6' or . = '15,421.6')]' not found

2018-11-01 16:56:34 - [MESSAGE][FAILED] - com.kms.katalon.core.webui.exception.WebElementNotFoundException: Web element with id: 'Object Repository/Page_Overview/div_15421.6' located by 'By.xpath: //div[(text() = '15,421.6' or . = '15,421.6')]' not found
[[ATTACHMENT|/Users/alahley/Katalon Studio/Analytics/Reports/BofA Sanity Check/20181101_155454/1541116594101.png]]

2018-11-01 16:56:34 - [TEST_STEP][FAILED] - verifyElementText: com.kms.katalon.core.webui.exception.WebElementNotFoundException: Web element with id: 'Object Repository/Page_Overview/div_364941' located by 'By.xpath: //div[(text() = '364,941' or . = '364,941')]' not found

2018-11-01 16:57:06 - [MESSAGE][FAILED] - com.kms.katalon.core.webui.exception.WebElementNotFoundException: Web element with id: 'Object Repository/Page_Overview/div_364941' located by 'By.xpath: //div[(text() = '364,941' or . = '364,941')]' not found
[[ATTACHMENT|/Users/alahley/Katalon Studio/Analytics/Reports/BofA Sanity Check/20181101_155454/1541116625958.png]]

2018-11-01 16:57:06 - [TEST_STEP][FAILED] - verifyElementText: com.kms.katalon.core.webui.exception.WebElementNotFoundException: Web element with id: 'Object Repository/Page_Overview/div_717419' located by 'By.xpath: //div[(text() = '717,419' or . = '717,419')]' not found

2018-11-01 16:57:37 - [MESSAGE][FAILED] - com.kms.katalon.core.webui.exception.WebElementNotFoundException: Web element with id: 'Object Repository/Page_Overview/div_717419' located by 'By.xpath: //div[(text() = '717,419' or . = '717,419')]' not found
[[ATTACHMENT|/Users/alahley/Katalon Studio/Analytics/Reports/BofA Sanity Check/20181101_155454/1541116657863.png]]

2018-11-01 16:57:37 - [TEST_STEP][FAILED] - verifyElementText: com.kms.katalon.core.webui.exception.WebElementNotFoundException: Web element with id: 'Object Repository/Page_Overview/div_22536' located by 'By.xpath: //div[(text() = '22,536' or . = '22,536')]' not found

2018-11-01 16:58:09 - [MESSAGE][FAILED] - com.kms.katalon.core.webui.exception.WebElementNotFoundException: Web element with id: 'Object Repository/Page_Overview/div_22536' located by 'By.xpath: //div[(text() = '22,536' or . = '22,536')]' not found
[[ATTACHMENT|/Users/alahley/Katalon Studio/Analytics/Reports/BofA Sanity Check/20181101_155454/1541116689088.png]]

2018-11-01 16:58:09 - [TEST_STEP][FAILED] - verifyElementText: com.kms.katalon.core.webui.exception.WebElementNotFoundException: Web element with id: 'Object Repository/Page_Overview/div_24669.05' located by 'By.cssSelector: div#dashboard > div > div:nth-of-type(2) > div > div > div > div:nth-of-type(2) > div:nth-of-type(25) > div > lk-vis-element > div > div > div:nth-of-type(2) > div > div > div > lk-visualization-container > div > div > div > div > div > div' not found

2018-11-01 16:58:40 - [MESSAGE][FAILED] - com.kms.katalon.core.webui.exception.WebElementNotFoundException: Web element with id: 'Object Repository/Page_Overview/div_24669.05' located by 'By.cssSelector: div#dashboard > div > div:nth-of-type(2) > div > div > div > div:nth-of-type(2) > div:nth-of-type(25) > div > lk-vis-element > div > div > div:nth-of-type(2) > div > div > div > lk-visualization-container > div > div > div > div > div > div' not found
[[ATTACHMENT|/Users/alahley/Katalon Studio/Analytics/Reports/BofA Sanity Check/20181101_155454/1541116720600.png]]

2018-11-01 16:58:40 - [TEST_STEP][FAILED] - verifyElementText: com.kms.katalon.core.webui.exception.WebElementNotFoundException: Web element with id: 'Object Repository/Page_Overview/div_91' located by 'By.xpath: //div[(text() = '91%' or . = '91%')]' not found

2018-11-01 16:59:11 - [MESSAGE][FAILED] - com.kms.katalon.core.webui.exception.WebElementNotFoundException: Web element with id: 'Object Repository/Page_Overview/div_91' located by 'By.xpath: //div[(text() = '91%' or . = '91%')]' not found
[[ATTACHMENT|/Users/alahley/Katalon Studio/Analytics/Reports/BofA Sanity Check/20181101_155454/1541116751751.png]]

2018-11-01 16:59:11 - [TEST_STEP][PASSED] - closeBrowser: Browser is closed

2018-11-01 16:59:12 - [MESSAGE][PASSED] - Browser is closed]]></system-out>
         <system-err><![CDATA[2018-11-01 16:49:57 - [TEST_CASE][FAILED] - Test Cases/BofA/BofA - Fixture Data: Test Cases/BofA/BofA - Fixture Data FAILED because (of) (Stack trace: com.kms.katalon.core.exception.StepFailedException: Unable to click on object 'Object Repository/Page_Users/a_Sudo' (Root cause: com.kms.katalon.core.webui.exception.WebElementNotFoundException: Web element with id: 'Object Repository/Page_Users/a_Sudo' located by 'By.xpath: //a[@href = '/admin/sudo/login/191' and (text() = 'Sudo' or . = 'Sudo')]' not found)
	at com.kms.katalon.core.keyword.internal.KeywordMain.stepFailed(KeywordMain.groovy:32)
	at com.kms.katalon.core.webui.keyword.internal.WebUIKeywordMain.stepFailed(WebUIKeywordMain.groovy:65)
	at com.kms.katalon.core.webui.keyword.internal.WebUIKeywordMain.runKeyword(WebUIKeywordMain.groovy:27)
	at com.kms.katalon.core.webui.keyword.builtin.ClickKeyword.click(ClickKeyword.groovy:86)
	at com.kms.katalon.core.webui.keyword.builtin.ClickKeyword.execute(ClickKeyword.groovy:67)
	at com.kms.katalon.core.keyword.internal.KeywordExecutor.executeKeywordForPlatform(KeywordExecutor.groovy:53)
	at com.kms.katalon.core.webui.keyword.WebUiBuiltInKeywords.click(WebUiBuiltInKeywords.groovy:616)
	at com.kms.katalon.core.webui.keyword.WebUiBuiltInKeywords$click$2.call(Unknown Source)
	at org.codehaus.groovy.runtime.callsite.CallSiteArray.defaultCall(CallSiteArray.java:48)
	at org.codehaus.groovy.runtime.callsite.AbstractCallSite.call(AbstractCallSite.java:113)
	at org.codehaus.groovy.runtime.callsite.AbstractCallSite.call(AbstractCallSite.java:125)
	at Script1541106711883.run(Script1541106711883.groovy:41)
	at com.kms.katalon.core.main.ScriptEngine.run(ScriptEngine.java:183)
	at com.kms.katalon.core.main.ScriptEngine.runScriptAsRawText(ScriptEngine.java:108)
	at com.kms.katalon.core.main.TestCaseExecutor.runScript(TestCaseExecutor.java:294)
	at com.kms.katalon.core.main.TestCaseExecutor.doExecute(TestCaseExecutor.java:285)
	at com.kms.katalon.core.main.TestCaseExecutor.processExecutionPhase(TestCaseExecutor.java:264)
	at com.kms.katalon.core.main.TestCaseExecutor.accessMainPhase(TestCaseExecutor.java:256)
	at com.kms.katalon.core.main.TestCaseExecutor.execute(TestCaseExecutor.java:200)
	at com.kms.katalon.core.main.TestSuiteExecutor.accessTestCaseMainPhase(TestSuiteExecutor.java:129)
	at com.kms.katalon.core.main.TestSuiteExecutor.accessTestSuiteMainPhase(TestSuiteExecutor.java:112)
	at com.kms.katalon.core.main.TestSuiteExecutor.execute(TestSuiteExecutor.java:81)
	at com.kms.katalon.core.main.TestCaseMain.startTestSuite(TestCaseMain.java:142)
	at com.kms.katalon.core.main.TestCaseMain$startTestSuite$0.call(Unknown Source)
	at org.codehaus.groovy.runtime.callsite.CallSiteArray.defaultCall(CallSiteArray.java:48)
	at org.codehaus.groovy.runtime.callsite.AbstractCallSite.call(AbstractCallSite.java:113)
	at org.codehaus.groovy.runtime.callsite.AbstractCallSite.call(AbstractCallSite.java:141)
	at TempTestSuite1541112894227.run(TempTestSuite1541112894227.groovy:36)
	at groovy.lang.GroovyShell.runScriptOrMainOrTestOrRunnable(GroovyShell.java:263)
	at groovy.lang.GroovyShell.run(GroovyShell.java:518)
	at groovy.lang.GroovyShell.run(GroovyShell.java:507)
	at groovy.ui.GroovyMain.processOnce(GroovyMain.java:653)
	at groovy.ui.GroovyMain.run(GroovyMain.java:384)
	at groovy.ui.GroovyMain.process(GroovyMain.java:370)
	at groovy.ui.GroovyMain.processArgs(GroovyMain.java:129)
	at groovy.ui.GroovyMain.main(GroovyMain.java:109)
	at sun.reflect.NativeMethodAccessorImpl.invoke0(Native Method)
	at sun.reflect.NativeMethodAccessorImpl.invoke(NativeMethodAccessorImpl.java:62)
	at sun.reflect.DelegatingMethodAccessorImpl.invoke(DelegatingMethodAccessorImpl.java:43)
	at java.lang.reflect.Method.invoke(Method.java:498)
	at org.codehaus.groovy.tools.GroovyStarter.rootLoader(GroovyStarter.java:109)
	at org.codehaus.groovy.tools.GroovyStarter.main(GroovyStarter.java:131)
)]]></system-err>
      </testcase>
      <system-out><![CDATA[2018-11-01 15:54:55 - [TEST_SUITE][FAILED] - BofA Sanity Check: Test Cases/BofA/BofA - Navigation FAILED because (of) (Stack trace: com.kms.katalon.core.exception.StepFailedException: Web element with id: 'Object Repository/Page_Video on Demand Summary/a_Overview' located by 'By.xpath: //a[@href = '/dashboards/analytics_external::Overview' and (text() = 'Overview' or . = 'Overview')]' not found
	at com.kms.katalon.core.keyword.internal.KeywordMain.stepFailed(KeywordMain.groovy:32)
	at com.kms.katalon.core.webui.keyword.internal.WebUIKeywordMain.stepFailed(WebUIKeywordMain.groovy:65)
	at com.kms.katalon.core.webui.keyword.builtin.VerifyElementVisibleKeyword$_verifyElementVisible_closure1.doCall(VerifyElementVisibleKeyword.groovy:89)
	at com.kms.katalon.core.webui.keyword.builtin.VerifyElementVisibleKeyword$_verifyElementVisible_closure1.call(VerifyElementVisibleKeyword.groovy)
	at com.kms.katalon.core.webui.keyword.internal.WebUIKeywordMain.runKeyword(WebUIKeywordMain.groovy:21)
	at com.kms.katalon.core.webui.keyword.builtin.VerifyElementVisibleKeyword.verifyElementVisible(VerifyElementVisibleKeyword.groovy:97)
	at com.kms.katalon.core.webui.keyword.builtin.VerifyElementVisibleKeyword.execute(VerifyElementVisibleKeyword.groovy:67)
	at com.kms.katalon.core.keyword.internal.KeywordExecutor.executeKeywordForPlatform(KeywordExecutor.groovy:53)
	at com.kms.katalon.core.webui.keyword.WebUiBuiltInKeywords.verifyElementVisible(WebUiBuiltInKeywords.groovy:372)
	at com.kms.katalon.core.webui.keyword.WebUiBuiltInKeywords$verifyElementVisible$5.call(Unknown Source)
	at org.codehaus.groovy.runtime.callsite.CallSiteArray.defaultCall(CallSiteArray.java:48)
	at org.codehaus.groovy.runtime.callsite.AbstractCallSite.call(AbstractCallSite.java:113)
	at org.codehaus.groovy.runtime.callsite.AbstractCallSite.call(AbstractCallSite.java:125)
	at Script1541106754373.run(Script1541106754373.groovy:36)
	at com.kms.katalon.core.main.ScriptEngine.run(ScriptEngine.java:183)
	at com.kms.katalon.core.main.ScriptEngine.runScriptAsRawText(ScriptEngine.java:108)
	at com.kms.katalon.core.main.TestCaseExecutor.runScript(TestCaseExecutor.java:294)
	at com.kms.katalon.core.main.TestCaseExecutor.doExecute(TestCaseExecutor.java:285)
	at com.kms.katalon.core.main.TestCaseExecutor.processExecutionPhase(TestCaseExecutor.java:264)
	at com.kms.katalon.core.main.TestCaseExecutor.accessMainPhase(TestCaseExecutor.java:256)
	at com.kms.katalon.core.main.TestCaseExecutor.execute(TestCaseExecutor.java:200)
	at com.kms.katalon.core.main.TestSuiteExecutor.accessTestCaseMainPhase(TestSuiteExecutor.java:129)
	at com.kms.katalon.core.main.TestSuiteExecutor.accessTestSuiteMainPhase(TestSuiteExecutor.java:112)
	at com.kms.katalon.core.main.TestSuiteExecutor.execute(TestSuiteExecutor.java:81)
	at com.kms.katalon.core.main.TestCaseMain.startTestSuite(TestCaseMain.java:142)
	at com.kms.katalon.core.main.TestCaseMain$startTestSuite$0.call(Unknown Source)
	at org.codehaus.groovy.runtime.callsite.CallSiteArray.defaultCall(CallSiteArray.java:48)
	at org.codehaus.groovy.runtime.callsite.AbstractCallSite.call(AbstractCallSite.java:113)
	at org.codehaus.groovy.runtime.callsite.AbstractCallSite.call(AbstractCallSite.java:141)
	at TempTestSuite1541112894227.run(TempTestSuite1541112894227.groovy:36)
	at groovy.lang.GroovyShell.runScriptOrMainOrTestOrRunnable(GroovyShell.java:263)
	at groovy.lang.GroovyShell.run(GroovyShell.java:518)
	at groovy.lang.GroovyShell.run(GroovyShell.java:507)
	at groovy.ui.GroovyMain.processOnce(GroovyMain.java:653)
	at groovy.ui.GroovyMain.run(GroovyMain.java:384)
	at groovy.ui.GroovyMain.process(GroovyMain.java:370)
	at groovy.ui.GroovyMain.processArgs(GroovyMain.java:129)
	at groovy.ui.GroovyMain.main(GroovyMain.java:109)
	at sun.reflect.NativeMethodAccessorImpl.invoke0(Native Method)
	at sun.reflect.NativeMethodAccessorImpl.invoke(NativeMethodAccessorImpl.java:62)
	at sun.reflect.DelegatingMethodAccessorImpl.invoke(DelegatingMethodAccessorImpl.java:43)
	at java.lang.reflect.Method.invoke(Method.java:498)
	at org.codehaus.groovy.tools.GroovyStarter.rootLoader(GroovyStarter.java:109)
	at org.codehaus.groovy.tools.GroovyStarter.main(GroovyStarter.java:131)
)]]></system-out>
      <system-err><![CDATA[2018-11-01 15:54:55 - [TEST_SUITE][FAILED] - BofA Sanity Check: Test Cases/BofA/BofA - Navigation FAILED because (of) (Stack trace: com.kms.katalon.core.exception.StepFailedException: Web element with id: 'Object Repository/Page_Video on Demand Summary/a_Overview' located by 'By.xpath: //a[@href = '/dashboards/analytics_external::Overview' and (text() = 'Overview' or . = 'Overview')]' not found
	at com.kms.katalon.core.keyword.internal.KeywordMain.stepFailed(KeywordMain.groovy:32)
	at com.kms.katalon.core.webui.keyword.internal.WebUIKeywordMain.stepFailed(WebUIKeywordMain.groovy:65)
	at com.kms.katalon.core.webui.keyword.builtin.VerifyElementVisibleKeyword$_verifyElementVisible_closure1.doCall(VerifyElementVisibleKeyword.groovy:89)
	at com.kms.katalon.core.webui.keyword.builtin.VerifyElementVisibleKeyword$_verifyElementVisible_closure1.call(VerifyElementVisibleKeyword.groovy)
	at com.kms.katalon.core.webui.keyword.internal.WebUIKeywordMain.runKeyword(WebUIKeywordMain.groovy:21)
	at com.kms.katalon.core.webui.keyword.builtin.VerifyElementVisibleKeyword.verifyElementVisible(VerifyElementVisibleKeyword.groovy:97)
	at com.kms.katalon.core.webui.keyword.builtin.VerifyElementVisibleKeyword.execute(VerifyElementVisibleKeyword.groovy:67)
	at com.kms.katalon.core.keyword.internal.KeywordExecutor.executeKeywordForPlatform(KeywordExecutor.groovy:53)
	at com.kms.katalon.core.webui.keyword.WebUiBuiltInKeywords.verifyElementVisible(WebUiBuiltInKeywords.groovy:372)
	at com.kms.katalon.core.webui.keyword.WebUiBuiltInKeywords$verifyElementVisible$5.call(Unknown Source)
	at org.codehaus.groovy.runtime.callsite.CallSiteArray.defaultCall(CallSiteArray.java:48)
	at org.codehaus.groovy.runtime.callsite.AbstractCallSite.call(AbstractCallSite.java:113)
	at org.codehaus.groovy.runtime.callsite.AbstractCallSite.call(AbstractCallSite.java:125)
	at Script1541106754373.run(Script1541106754373.groovy:36)
	at com.kms.katalon.core.main.ScriptEngine.run(ScriptEngine.java:183)
	at com.kms.katalon.core.main.ScriptEngine.runScriptAsRawText(ScriptEngine.java:108)
	at com.kms.katalon.core.main.TestCaseExecutor.runScript(TestCaseExecutor.java:294)
	at com.kms.katalon.core.main.TestCaseExecutor.doExecute(TestCaseExecutor.java:285)
	at com.kms.katalon.core.main.TestCaseExecutor.processExecutionPhase(TestCaseExecutor.java:264)
	at com.kms.katalon.core.main.TestCaseExecutor.accessMainPhase(TestCaseExecutor.java:256)
	at com.kms.katalon.core.main.TestCaseExecutor.execute(TestCaseExecutor.java:200)
	at com.kms.katalon.core.main.TestSuiteExecutor.accessTestCaseMainPhase(TestSuiteExecutor.java:129)
	at com.kms.katalon.core.main.TestSuiteExecutor.accessTestSuiteMainPhase(TestSuiteExecutor.java:112)
	at com.kms.katalon.core.main.TestSuiteExecutor.execute(TestSuiteExecutor.java:81)
	at com.kms.katalon.core.main.TestCaseMain.startTestSuite(TestCaseMain.java:142)
	at com.kms.katalon.core.main.TestCaseMain$startTestSuite$0.call(Unknown Source)
	at org.codehaus.groovy.runtime.callsite.CallSiteArray.defaultCall(CallSiteArray.java:48)
	at org.codehaus.groovy.runtime.callsite.AbstractCallSite.call(AbstractCallSite.java:113)
	at org.codehaus.groovy.runtime.callsite.AbstractCallSite.call(AbstractCallSite.java:141)
	at TempTestSuite1541112894227.run(TempTestSuite1541112894227.groovy:36)
	at groovy.lang.GroovyShell.runScriptOrMainOrTestOrRunnable(GroovyShell.java:263)
	at groovy.lang.GroovyShell.run(GroovyShell.java:518)
	at groovy.lang.GroovyShell.run(GroovyShell.java:507)
	at groovy.ui.GroovyMain.processOnce(GroovyMain.java:653)
	at groovy.ui.GroovyMain.run(GroovyMain.java:384)
	at groovy.ui.GroovyMain.process(GroovyMain.java:370)
	at groovy.ui.GroovyMain.processArgs(GroovyMain.java:129)
	at groovy.ui.GroovyMain.main(GroovyMain.java:109)
	at sun.reflect.NativeMethodAccessorImpl.invoke0(Native Method)
	at sun.reflect.NativeMethodAccessorImpl.invoke(NativeMethodAccessorImpl.java:62)
	at sun.reflect.DelegatingMethodAccessorImpl.invoke(DelegatingMethodAccessorImpl.java:43)
	at java.lang.reflect.Method.invoke(Method.java:498)
	at org.codehaus.groovy.tools.GroovyStarter.rootLoader(GroovyStarter.java:109)
	at org.codehaus.groovy.tools.GroovyStarter.main(GroovyStarter.java:131)
)]]></system-err>
   </testsuite>
</testsuites>
